[2023-08-16T07:03:51.568+0000] {taskinstance.py:1083} INFO - Dependencies all met for <TaskInstance: forex_data_pipeline.is_forex_rates_available manual__2023-08-16T07:03:50.203178+00:00 [queued]>
[2023-08-16T07:03:51.582+0000] {taskinstance.py:1083} INFO - Dependencies all met for <TaskInstance: forex_data_pipeline.is_forex_rates_available manual__2023-08-16T07:03:50.203178+00:00 [queued]>
[2023-08-16T07:03:51.583+0000] {taskinstance.py:1279} INFO - 
--------------------------------------------------------------------------------
[2023-08-16T07:03:51.583+0000] {taskinstance.py:1280} INFO - Starting attempt 1 of 2
[2023-08-16T07:03:51.583+0000] {taskinstance.py:1281} INFO - 
--------------------------------------------------------------------------------
[2023-08-16T07:03:51.600+0000] {taskinstance.py:1300} INFO - Executing <Task(HttpSensor): is_forex_rates_available> on 2023-08-16 07:03:50.203178+00:00
[2023-08-16T07:03:51.605+0000] {standard_task_runner.py:55} INFO - Started process 4637 to run task
[2023-08-16T07:03:51.608+0000] {standard_task_runner.py:82} INFO - Running: ['***', 'tasks', 'run', 'forex_data_pipeline', 'is_forex_rates_available', 'manual__2023-08-16T07:03:50.203178+00:00', '--job-id', '32', '--raw', '--subdir', 'DAGS_FOLDER/forex_data_pipeline.py', '--cfg-path', '/tmp/tmpxdssnuao']
[2023-08-16T07:03:51.609+0000] {standard_task_runner.py:83} INFO - Job 32: Subtask is_forex_rates_available
[2023-08-16T07:03:51.670+0000] {task_command.py:388} INFO - Running <TaskInstance: forex_data_pipeline.is_forex_rates_available manual__2023-08-16T07:03:50.203178+00:00 [running]> on host 2761a966e4c6
[2023-08-16T07:03:51.783+0000] {taskinstance.py:1509} INFO - Exporting the following env vars:
AIRFLOW_CTX_DAG_EMAIL=admin@localhost.com
AIRFLOW_CTX_DAG_OWNER=***
AIRFLOW_CTX_DAG_ID=forex_data_pipeline
AIRFLOW_CTX_TASK_ID=is_forex_rates_available
AIRFLOW_CTX_EXECUTION_DATE=2023-08-16T07:03:50.203178+00:00
AIRFLOW_CTX_TRY_NUMBER=1
AIRFLOW_CTX_DAG_RUN_ID=manual__2023-08-16T07:03:50.203178+00:00
[2023-08-16T07:03:51.784+0000] {http.py:122} INFO - Poking: marclamberti/f45f872dea4dfd3eaa015a4a1af4b39b
[2023-08-16T07:03:51.797+0000] {base.py:73} INFO - Using connection ID 'forex_api' for task execution.
[2023-08-16T07:03:52.606+0000] {base.py:228} INFO - Success criteria met. Exiting.
[2023-08-16T07:03:52.615+0000] {taskinstance.py:1323} INFO - Marking task as SUCCESS. dag_id=forex_data_pipeline, task_id=is_forex_rates_available, execution_date=20230816T070350, start_date=20230816T070351, end_date=20230816T070352
[2023-08-16T07:03:52.666+0000] {local_task_job.py:208} INFO - Task exited with return code 0
[2023-08-16T07:03:52.694+0000] {taskinstance.py:2578} INFO - 1 downstream tasks scheduled from follow-on schedule check
