[2023-08-14T06:09:44.641+0000] {taskinstance.py:1083} INFO - Dependencies all met for <TaskInstance: data_dag.process scheduled__2023-08-09T00:00:00+00:00 [queued]>
[2023-08-14T06:09:44.653+0000] {taskinstance.py:1083} INFO - Dependencies all met for <TaskInstance: data_dag.process scheduled__2023-08-09T00:00:00+00:00 [queued]>
[2023-08-14T06:09:44.654+0000] {taskinstance.py:1279} INFO - 
--------------------------------------------------------------------------------
[2023-08-14T06:09:44.654+0000] {taskinstance.py:1280} INFO - Starting attempt 1 of 1
[2023-08-14T06:09:44.654+0000] {taskinstance.py:1281} INFO - 
--------------------------------------------------------------------------------
[2023-08-14T06:09:44.673+0000] {taskinstance.py:1300} INFO - Executing <Task(BashOperator): process> on 2023-08-09 00:00:00+00:00
[2023-08-14T06:09:44.679+0000] {standard_task_runner.py:55} INFO - Started process 2256 to run task
[2023-08-14T06:09:44.682+0000] {standard_task_runner.py:82} INFO - Running: ['***', 'tasks', 'run', 'data_dag', 'process', 'scheduled__2023-08-09T00:00:00+00:00', '--job-id', '15', '--raw', '--subdir', 'DAGS_FOLDER/data_dag.py', '--cfg-path', '/tmp/tmpy_c1q1ql']
[2023-08-14T06:09:44.683+0000] {standard_task_runner.py:83} INFO - Job 15: Subtask process
[2023-08-14T06:09:44.699+0000] {warnings.py:110} WARNING - /home/***/.local/lib/python3.7/site-packages/***/settings.py:400: DeprecationWarning: The sql_engine_encoding option in [core] has been moved to the sql_engine_encoding option in [database] - the old setting has been used, but please update your config.
  engine_args["encoding"] = conf.get("database", "SQL_ENGINE_ENCODING", fallback="utf-8")

[2023-08-14T06:09:44.757+0000] {task_command.py:388} INFO - Running <TaskInstance: data_dag.process scheduled__2023-08-09T00:00:00+00:00 [running]> on host 7dfb041806a2
[2023-08-14T06:09:44.834+0000] {taskinstance.py:1509} INFO - Exporting the following env vars:
AIRFLOW_CTX_DAG_OWNER=***
AIRFLOW_CTX_DAG_ID=data_dag
AIRFLOW_CTX_TASK_ID=process
AIRFLOW_CTX_EXECUTION_DATE=2023-08-09T00:00:00+00:00
AIRFLOW_CTX_TRY_NUMBER=1
AIRFLOW_CTX_DAG_RUN_ID=scheduled__2023-08-09T00:00:00+00:00
[2023-08-14T06:09:44.836+0000] {subprocess.py:63} INFO - Tmp dir root location: 
 /tmp
[2023-08-14T06:09:44.836+0000] {subprocess.py:75} INFO - Running command: ['/bin/bash', '-c', "echo 'processing'"]
[2023-08-14T06:09:44.846+0000] {subprocess.py:86} INFO - Output:
[2023-08-14T06:09:44.848+0000] {subprocess.py:93} INFO - processing
[2023-08-14T06:09:44.848+0000] {subprocess.py:97} INFO - Command exited with return code 0
[2023-08-14T06:09:44.879+0000] {taskinstance.py:1323} INFO - Marking task as SUCCESS. dag_id=data_dag, task_id=process, execution_date=20230809T000000, start_date=20230814T060944, end_date=20230814T060944
[2023-08-14T06:09:44.934+0000] {local_task_job.py:208} INFO - Task exited with return code 0
[2023-08-14T06:09:44.959+0000] {taskinstance.py:2578} INFO - 1 downstream tasks scheduled from follow-on schedule check
