[2023-08-16T09:58:29.327+0000] {taskinstance.py:1083} INFO - Dependencies all met for <TaskInstance: forex_data_pipeline.is_forex_rates_available manual__2023-08-16T09:58:28.100189+00:00 [queued]>
[2023-08-16T09:58:29.339+0000] {taskinstance.py:1083} INFO - Dependencies all met for <TaskInstance: forex_data_pipeline.is_forex_rates_available manual__2023-08-16T09:58:28.100189+00:00 [queued]>
[2023-08-16T09:58:29.340+0000] {taskinstance.py:1279} INFO - 
--------------------------------------------------------------------------------
[2023-08-16T09:58:29.340+0000] {taskinstance.py:1280} INFO - Starting attempt 1 of 2
[2023-08-16T09:58:29.340+0000] {taskinstance.py:1281} INFO - 
--------------------------------------------------------------------------------
[2023-08-16T09:58:29.356+0000] {taskinstance.py:1300} INFO - Executing <Task(HttpSensor): is_forex_rates_available> on 2023-08-16 09:58:28.100189+00:00
[2023-08-16T09:58:29.361+0000] {standard_task_runner.py:55} INFO - Started process 2099 to run task
[2023-08-16T09:58:29.364+0000] {standard_task_runner.py:82} INFO - Running: ['***', 'tasks', 'run', 'forex_data_pipeline', 'is_forex_rates_available', 'manual__2023-08-16T09:58:28.100189+00:00', '--job-id', '93', '--raw', '--subdir', 'DAGS_FOLDER/forex_data_pipeline.py', '--cfg-path', '/tmp/tmp_i6kwp2x']
[2023-08-16T09:58:29.365+0000] {standard_task_runner.py:83} INFO - Job 93: Subtask is_forex_rates_available
[2023-08-16T09:58:29.429+0000] {task_command.py:388} INFO - Running <TaskInstance: forex_data_pipeline.is_forex_rates_available manual__2023-08-16T09:58:28.100189+00:00 [running]> on host 6823fccb1f19
[2023-08-16T09:58:29.508+0000] {taskinstance.py:1509} INFO - Exporting the following env vars:
AIRFLOW_CTX_DAG_EMAIL=admin@localhost.com
AIRFLOW_CTX_DAG_OWNER=***
AIRFLOW_CTX_DAG_ID=forex_data_pipeline
AIRFLOW_CTX_TASK_ID=is_forex_rates_available
AIRFLOW_CTX_EXECUTION_DATE=2023-08-16T09:58:28.100189+00:00
AIRFLOW_CTX_TRY_NUMBER=1
AIRFLOW_CTX_DAG_RUN_ID=manual__2023-08-16T09:58:28.100189+00:00
[2023-08-16T09:58:29.509+0000] {http.py:122} INFO - Poking: marclamberti/f45f872dea4dfd3eaa015a4a1af4b39b
[2023-08-16T09:58:29.518+0000] {base.py:73} INFO - Using connection ID 'forex_api' for task execution.
[2023-08-16T09:58:30.273+0000] {base.py:228} INFO - Success criteria met. Exiting.
[2023-08-16T09:58:30.282+0000] {taskinstance.py:1323} INFO - Marking task as SUCCESS. dag_id=forex_data_pipeline, task_id=is_forex_rates_available, execution_date=20230816T095828, start_date=20230816T095829, end_date=20230816T095830
[2023-08-16T09:58:30.299+0000] {local_task_job.py:208} INFO - Task exited with return code 0
[2023-08-16T09:58:30.335+0000] {taskinstance.py:2578} INFO - 1 downstream tasks scheduled from follow-on schedule check
