[2023-08-16T08:03:28.292+0000] {taskinstance.py:1083} INFO - Dependencies all met for <TaskInstance: forex_data_pipeline.downloading_rates manual__2023-08-16T08:03:24.443719+00:00 [queued]>
[2023-08-16T08:03:28.303+0000] {taskinstance.py:1083} INFO - Dependencies all met for <TaskInstance: forex_data_pipeline.downloading_rates manual__2023-08-16T08:03:24.443719+00:00 [queued]>
[2023-08-16T08:03:28.304+0000] {taskinstance.py:1279} INFO - 
--------------------------------------------------------------------------------
[2023-08-16T08:03:28.304+0000] {taskinstance.py:1280} INFO - Starting attempt 1 of 2
[2023-08-16T08:03:28.305+0000] {taskinstance.py:1281} INFO - 
--------------------------------------------------------------------------------
[2023-08-16T08:03:28.319+0000] {taskinstance.py:1300} INFO - Executing <Task(PythonOperator): downloading_rates> on 2023-08-16 08:03:24.443719+00:00
[2023-08-16T08:03:28.324+0000] {standard_task_runner.py:55} INFO - Started process 10572 to run task
[2023-08-16T08:03:28.327+0000] {standard_task_runner.py:82} INFO - Running: ['***', 'tasks', 'run', 'forex_data_pipeline', 'downloading_rates', 'manual__2023-08-16T08:03:24.443719+00:00', '--job-id', '54', '--raw', '--subdir', 'DAGS_FOLDER/forex_data_pipeline.py', '--cfg-path', '/tmp/tmpck3adrny']
[2023-08-16T08:03:28.328+0000] {standard_task_runner.py:83} INFO - Job 54: Subtask downloading_rates
[2023-08-16T08:03:28.390+0000] {task_command.py:388} INFO - Running <TaskInstance: forex_data_pipeline.downloading_rates manual__2023-08-16T08:03:24.443719+00:00 [running]> on host 2761a966e4c6
[2023-08-16T08:03:28.455+0000] {taskinstance.py:1509} INFO - Exporting the following env vars:
AIRFLOW_CTX_DAG_EMAIL=admin@localhost.com
AIRFLOW_CTX_DAG_OWNER=***
AIRFLOW_CTX_DAG_ID=forex_data_pipeline
AIRFLOW_CTX_TASK_ID=downloading_rates
AIRFLOW_CTX_EXECUTION_DATE=2023-08-16T08:03:24.443719+00:00
AIRFLOW_CTX_TRY_NUMBER=1
AIRFLOW_CTX_DAG_RUN_ID=manual__2023-08-16T08:03:24.443719+00:00
[2023-08-16T08:03:29.379+0000] {python.py:177} INFO - Done. Returned value was: None
[2023-08-16T08:03:29.389+0000] {taskinstance.py:1323} INFO - Marking task as SUCCESS. dag_id=forex_data_pipeline, task_id=downloading_rates, execution_date=20230816T080324, start_date=20230816T080328, end_date=20230816T080329
[2023-08-16T08:03:29.422+0000] {local_task_job.py:208} INFO - Task exited with return code 0
[2023-08-16T08:03:29.442+0000] {taskinstance.py:2578} INFO - 1 downstream tasks scheduled from follow-on schedule check
