[2023-08-16T07:18:41.005+0000] {taskinstance.py:1083} INFO - Dependencies all met for <TaskInstance: forex_data_pipeline.downloading_rates scheduled__2023-08-15T00:00:00+00:00 [queued]>
[2023-08-16T07:18:41.018+0000] {taskinstance.py:1083} INFO - Dependencies all met for <TaskInstance: forex_data_pipeline.downloading_rates scheduled__2023-08-15T00:00:00+00:00 [queued]>
[2023-08-16T07:18:41.018+0000] {taskinstance.py:1279} INFO - 
--------------------------------------------------------------------------------
[2023-08-16T07:18:41.019+0000] {taskinstance.py:1280} INFO - Starting attempt 1 of 2
[2023-08-16T07:18:41.019+0000] {taskinstance.py:1281} INFO - 
--------------------------------------------------------------------------------
[2023-08-16T07:18:41.034+0000] {taskinstance.py:1300} INFO - Executing <Task(PythonOperator): downloading_rates> on 2023-08-15 00:00:00+00:00
[2023-08-16T07:18:41.039+0000] {standard_task_runner.py:55} INFO - Started process 6148 to run task
[2023-08-16T07:18:41.042+0000] {standard_task_runner.py:82} INFO - Running: ['***', 'tasks', 'run', 'forex_data_pipeline', 'downloading_rates', 'scheduled__2023-08-15T00:00:00+00:00', '--job-id', '46', '--raw', '--subdir', 'DAGS_FOLDER/forex_data_pipeline.py', '--cfg-path', '/tmp/tmp5v96leko']
[2023-08-16T07:18:41.042+0000] {standard_task_runner.py:83} INFO - Job 46: Subtask downloading_rates
[2023-08-16T07:18:41.103+0000] {task_command.py:388} INFO - Running <TaskInstance: forex_data_pipeline.downloading_rates scheduled__2023-08-15T00:00:00+00:00 [running]> on host 2761a966e4c6
[2023-08-16T07:18:41.168+0000] {taskinstance.py:1509} INFO - Exporting the following env vars:
AIRFLOW_CTX_DAG_EMAIL=admin@localhost.com
AIRFLOW_CTX_DAG_OWNER=***
AIRFLOW_CTX_DAG_ID=forex_data_pipeline
AIRFLOW_CTX_TASK_ID=downloading_rates
AIRFLOW_CTX_EXECUTION_DATE=2023-08-15T00:00:00+00:00
AIRFLOW_CTX_TRY_NUMBER=1
AIRFLOW_CTX_DAG_RUN_ID=scheduled__2023-08-15T00:00:00+00:00
[2023-08-16T07:18:41.484+0000] {python.py:177} INFO - Done. Returned value was: None
[2023-08-16T07:18:41.497+0000] {taskinstance.py:1323} INFO - Marking task as SUCCESS. dag_id=forex_data_pipeline, task_id=downloading_rates, execution_date=20230815T000000, start_date=20230816T071841, end_date=20230816T071841
[2023-08-16T07:18:41.535+0000] {local_task_job.py:208} INFO - Task exited with return code 0
[2023-08-16T07:18:41.552+0000] {taskinstance.py:2578} INFO - 0 downstream tasks scheduled from follow-on schedule check
