[2023-07-21T16:18:20.743+0000] {processor.py:153} INFO - Started process (PID=64) to work on /opt/airflow/dags/forex_data_pipeline_v_2.py
[2023-07-21T16:18:20.744+0000] {processor.py:743} INFO - Processing file /opt/airflow/dags/forex_data_pipeline_v_2.py for tasks to queue
[2023-07-21T16:18:20.745+0000] {logging_mixin.py:137} INFO - [2023-07-21T16:18:20.745+0000] {dagbag.py:538} INFO - Filling up the DagBag from /opt/airflow/dags/forex_data_pipeline_v_2.py
[2023-07-21T16:18:20.790+0000] {processor.py:753} INFO - DAG(s) dict_keys(['forex_data_pipeline']) retrieved from /opt/airflow/dags/forex_data_pipeline_v_2.py
[2023-07-21T16:18:20.815+0000] {logging_mixin.py:137} INFO - [2023-07-21T16:18:20.814+0000] {dag.py:2676} INFO - Sync 1 DAGs
[2023-07-21T16:18:20.849+0000] {logging_mixin.py:137} INFO - [2023-07-21T16:18:20.849+0000] {dag.py:3423} INFO - Setting next_dagrun for forex_data_pipeline to 2023-07-20T00:00:00+00:00, run_after=2023-07-21T00:00:00+00:00
[2023-07-21T16:18:20.879+0000] {processor.py:175} INFO - Processing /opt/airflow/dags/forex_data_pipeline_v_2.py took 0.139 seconds
[2023-07-21T16:18:51.089+0000] {processor.py:153} INFO - Started process (PID=67) to work on /opt/airflow/dags/forex_data_pipeline_v_2.py
[2023-07-21T16:18:51.090+0000] {processor.py:743} INFO - Processing file /opt/airflow/dags/forex_data_pipeline_v_2.py for tasks to queue
[2023-07-21T16:18:51.091+0000] {logging_mixin.py:137} INFO - [2023-07-21T16:18:51.091+0000] {dagbag.py:538} INFO - Filling up the DagBag from /opt/airflow/dags/forex_data_pipeline_v_2.py
[2023-07-21T16:18:51.131+0000] {processor.py:753} INFO - DAG(s) dict_keys(['forex_data_pipeline']) retrieved from /opt/airflow/dags/forex_data_pipeline_v_2.py
[2023-07-21T16:18:51.168+0000] {logging_mixin.py:137} INFO - [2023-07-21T16:18:51.168+0000] {dag.py:2676} INFO - Sync 1 DAGs
[2023-07-21T16:18:51.198+0000] {logging_mixin.py:137} INFO - [2023-07-21T16:18:51.198+0000] {dag.py:3423} INFO - Setting next_dagrun for forex_data_pipeline to 2023-07-20T00:00:00+00:00, run_after=2023-07-21T00:00:00+00:00
[2023-07-21T16:18:51.229+0000] {processor.py:175} INFO - Processing /opt/airflow/dags/forex_data_pipeline_v_2.py took 0.143 seconds
[2023-07-21T16:19:21.493+0000] {processor.py:153} INFO - Started process (PID=70) to work on /opt/airflow/dags/forex_data_pipeline_v_2.py
[2023-07-21T16:19:21.494+0000] {processor.py:743} INFO - Processing file /opt/airflow/dags/forex_data_pipeline_v_2.py for tasks to queue
[2023-07-21T16:19:21.495+0000] {logging_mixin.py:137} INFO - [2023-07-21T16:19:21.495+0000] {dagbag.py:538} INFO - Filling up the DagBag from /opt/airflow/dags/forex_data_pipeline_v_2.py
[2023-07-21T16:19:21.535+0000] {processor.py:753} INFO - DAG(s) dict_keys(['forex_data_pipeline']) retrieved from /opt/airflow/dags/forex_data_pipeline_v_2.py
[2023-07-21T16:19:21.568+0000] {logging_mixin.py:137} INFO - [2023-07-21T16:19:21.568+0000] {dag.py:2676} INFO - Sync 1 DAGs
[2023-07-21T16:19:21.596+0000] {logging_mixin.py:137} INFO - [2023-07-21T16:19:21.596+0000] {dag.py:3423} INFO - Setting next_dagrun for forex_data_pipeline to 2023-07-20T00:00:00+00:00, run_after=2023-07-21T00:00:00+00:00
[2023-07-21T16:19:22.169+0000] {processor.py:175} INFO - Processing /opt/airflow/dags/forex_data_pipeline_v_2.py took 0.678 seconds
[2023-07-21T16:19:52.984+0000] {processor.py:153} INFO - Started process (PID=73) to work on /opt/airflow/dags/forex_data_pipeline_v_2.py
[2023-07-21T16:19:52.985+0000] {processor.py:743} INFO - Processing file /opt/airflow/dags/forex_data_pipeline_v_2.py for tasks to queue
[2023-07-21T16:19:52.986+0000] {logging_mixin.py:137} INFO - [2023-07-21T16:19:52.986+0000] {dagbag.py:538} INFO - Filling up the DagBag from /opt/airflow/dags/forex_data_pipeline_v_2.py
[2023-07-21T16:19:53.023+0000] {processor.py:753} INFO - DAG(s) dict_keys(['forex_data_pipeline']) retrieved from /opt/airflow/dags/forex_data_pipeline_v_2.py
[2023-07-21T16:19:53.058+0000] {logging_mixin.py:137} INFO - [2023-07-21T16:19:53.057+0000] {dag.py:2676} INFO - Sync 1 DAGs
[2023-07-21T16:19:53.196+0000] {logging_mixin.py:137} INFO - [2023-07-21T16:19:53.196+0000] {dag.py:3423} INFO - Setting next_dagrun for forex_data_pipeline to 2023-07-20T00:00:00+00:00, run_after=2023-07-21T00:00:00+00:00
[2023-07-21T16:19:53.221+0000] {processor.py:175} INFO - Processing /opt/airflow/dags/forex_data_pipeline_v_2.py took 0.239 seconds
[2023-07-21T16:20:23.420+0000] {processor.py:153} INFO - Started process (PID=76) to work on /opt/airflow/dags/forex_data_pipeline_v_2.py
[2023-07-21T16:20:23.421+0000] {processor.py:743} INFO - Processing file /opt/airflow/dags/forex_data_pipeline_v_2.py for tasks to queue
[2023-07-21T16:20:23.422+0000] {logging_mixin.py:137} INFO - [2023-07-21T16:20:23.421+0000] {dagbag.py:538} INFO - Filling up the DagBag from /opt/airflow/dags/forex_data_pipeline_v_2.py
[2023-07-21T16:20:23.460+0000] {processor.py:753} INFO - DAG(s) dict_keys(['forex_data_pipeline']) retrieved from /opt/airflow/dags/forex_data_pipeline_v_2.py
[2023-07-21T16:20:23.494+0000] {logging_mixin.py:137} INFO - [2023-07-21T16:20:23.494+0000] {dag.py:2676} INFO - Sync 1 DAGs
[2023-07-21T16:20:23.638+0000] {logging_mixin.py:137} INFO - [2023-07-21T16:20:23.638+0000] {dag.py:3423} INFO - Setting next_dagrun for forex_data_pipeline to 2023-07-20T00:00:00+00:00, run_after=2023-07-21T00:00:00+00:00
[2023-07-21T16:20:23.664+0000] {processor.py:175} INFO - Processing /opt/airflow/dags/forex_data_pipeline_v_2.py took 0.246 seconds
[2023-07-21T16:20:53.868+0000] {processor.py:153} INFO - Started process (PID=79) to work on /opt/airflow/dags/forex_data_pipeline_v_2.py
[2023-07-21T16:20:53.869+0000] {processor.py:743} INFO - Processing file /opt/airflow/dags/forex_data_pipeline_v_2.py for tasks to queue
[2023-07-21T16:20:53.870+0000] {logging_mixin.py:137} INFO - [2023-07-21T16:20:53.870+0000] {dagbag.py:538} INFO - Filling up the DagBag from /opt/airflow/dags/forex_data_pipeline_v_2.py
[2023-07-21T16:20:53.907+0000] {processor.py:753} INFO - DAG(s) dict_keys(['forex_data_pipeline']) retrieved from /opt/airflow/dags/forex_data_pipeline_v_2.py
[2023-07-21T16:20:54.050+0000] {logging_mixin.py:137} INFO - [2023-07-21T16:20:54.050+0000] {dag.py:2676} INFO - Sync 1 DAGs
[2023-07-21T16:20:54.079+0000] {logging_mixin.py:137} INFO - [2023-07-21T16:20:54.078+0000] {dag.py:3423} INFO - Setting next_dagrun for forex_data_pipeline to 2023-07-20T00:00:00+00:00, run_after=2023-07-21T00:00:00+00:00
[2023-07-21T16:20:54.103+0000] {processor.py:175} INFO - Processing /opt/airflow/dags/forex_data_pipeline_v_2.py took 0.238 seconds
[2023-07-21T16:21:24.308+0000] {processor.py:153} INFO - Started process (PID=82) to work on /opt/airflow/dags/forex_data_pipeline_v_2.py
[2023-07-21T16:21:24.309+0000] {processor.py:743} INFO - Processing file /opt/airflow/dags/forex_data_pipeline_v_2.py for tasks to queue
[2023-07-21T16:21:24.309+0000] {logging_mixin.py:137} INFO - [2023-07-21T16:21:24.309+0000] {dagbag.py:538} INFO - Filling up the DagBag from /opt/airflow/dags/forex_data_pipeline_v_2.py
[2023-07-21T16:21:24.347+0000] {processor.py:753} INFO - DAG(s) dict_keys(['forex_data_pipeline']) retrieved from /opt/airflow/dags/forex_data_pipeline_v_2.py
[2023-07-21T16:21:24.383+0000] {logging_mixin.py:137} INFO - [2023-07-21T16:21:24.382+0000] {dag.py:2676} INFO - Sync 1 DAGs
[2023-07-21T16:21:24.412+0000] {logging_mixin.py:137} INFO - [2023-07-21T16:21:24.412+0000] {dag.py:3423} INFO - Setting next_dagrun for forex_data_pipeline to 2023-07-20T00:00:00+00:00, run_after=2023-07-21T00:00:00+00:00
[2023-07-21T16:21:24.441+0000] {processor.py:175} INFO - Processing /opt/airflow/dags/forex_data_pipeline_v_2.py took 0.137 seconds
[2023-07-21T16:21:54.691+0000] {processor.py:153} INFO - Started process (PID=85) to work on /opt/airflow/dags/forex_data_pipeline_v_2.py
[2023-07-21T16:21:54.692+0000] {processor.py:743} INFO - Processing file /opt/airflow/dags/forex_data_pipeline_v_2.py for tasks to queue
[2023-07-21T16:21:54.693+0000] {logging_mixin.py:137} INFO - [2023-07-21T16:21:54.693+0000] {dagbag.py:538} INFO - Filling up the DagBag from /opt/airflow/dags/forex_data_pipeline_v_2.py
[2023-07-21T16:21:54.734+0000] {processor.py:753} INFO - DAG(s) dict_keys(['forex_data_pipeline']) retrieved from /opt/airflow/dags/forex_data_pipeline_v_2.py
[2023-07-21T16:21:54.767+0000] {logging_mixin.py:137} INFO - [2023-07-21T16:21:54.767+0000] {dag.py:2676} INFO - Sync 1 DAGs
[2023-07-21T16:21:54.795+0000] {logging_mixin.py:137} INFO - [2023-07-21T16:21:54.795+0000] {dag.py:3423} INFO - Setting next_dagrun for forex_data_pipeline to 2023-07-20T00:00:00+00:00, run_after=2023-07-21T00:00:00+00:00
[2023-07-21T16:21:54.820+0000] {processor.py:175} INFO - Processing /opt/airflow/dags/forex_data_pipeline_v_2.py took 0.132 seconds
[2023-07-21T16:22:25.044+0000] {processor.py:153} INFO - Started process (PID=88) to work on /opt/airflow/dags/forex_data_pipeline_v_2.py
[2023-07-21T16:22:25.045+0000] {processor.py:743} INFO - Processing file /opt/airflow/dags/forex_data_pipeline_v_2.py for tasks to queue
[2023-07-21T16:22:25.046+0000] {logging_mixin.py:137} INFO - [2023-07-21T16:22:25.046+0000] {dagbag.py:538} INFO - Filling up the DagBag from /opt/airflow/dags/forex_data_pipeline_v_2.py
[2023-07-21T16:22:25.081+0000] {processor.py:753} INFO - DAG(s) dict_keys(['forex_data_pipeline']) retrieved from /opt/airflow/dags/forex_data_pipeline_v_2.py
[2023-07-21T16:22:25.116+0000] {logging_mixin.py:137} INFO - [2023-07-21T16:22:25.116+0000] {dag.py:2676} INFO - Sync 1 DAGs
[2023-07-21T16:22:25.146+0000] {logging_mixin.py:137} INFO - [2023-07-21T16:22:25.146+0000] {dag.py:3423} INFO - Setting next_dagrun for forex_data_pipeline to 2023-07-20T00:00:00+00:00, run_after=2023-07-21T00:00:00+00:00
[2023-07-21T16:22:25.173+0000] {processor.py:175} INFO - Processing /opt/airflow/dags/forex_data_pipeline_v_2.py took 0.131 seconds
[2023-07-21T16:22:55.398+0000] {processor.py:153} INFO - Started process (PID=91) to work on /opt/airflow/dags/forex_data_pipeline_v_2.py
[2023-07-21T16:22:55.399+0000] {processor.py:743} INFO - Processing file /opt/airflow/dags/forex_data_pipeline_v_2.py for tasks to queue
[2023-07-21T16:22:55.399+0000] {logging_mixin.py:137} INFO - [2023-07-21T16:22:55.399+0000] {dagbag.py:538} INFO - Filling up the DagBag from /opt/airflow/dags/forex_data_pipeline_v_2.py
[2023-07-21T16:22:55.438+0000] {processor.py:753} INFO - DAG(s) dict_keys(['forex_data_pipeline']) retrieved from /opt/airflow/dags/forex_data_pipeline_v_2.py
[2023-07-21T16:22:55.474+0000] {logging_mixin.py:137} INFO - [2023-07-21T16:22:55.474+0000] {dag.py:2676} INFO - Sync 1 DAGs
[2023-07-21T16:22:55.616+0000] {logging_mixin.py:137} INFO - [2023-07-21T16:22:55.616+0000] {dag.py:3423} INFO - Setting next_dagrun for forex_data_pipeline to 2023-07-20T00:00:00+00:00, run_after=2023-07-21T00:00:00+00:00
[2023-07-21T16:22:55.646+0000] {processor.py:175} INFO - Processing /opt/airflow/dags/forex_data_pipeline_v_2.py took 0.252 seconds
[2023-07-21T16:23:25.916+0000] {processor.py:153} INFO - Started process (PID=94) to work on /opt/airflow/dags/forex_data_pipeline_v_2.py
[2023-07-21T16:23:25.917+0000] {processor.py:743} INFO - Processing file /opt/airflow/dags/forex_data_pipeline_v_2.py for tasks to queue
[2023-07-21T16:23:25.917+0000] {logging_mixin.py:137} INFO - [2023-07-21T16:23:25.917+0000] {dagbag.py:538} INFO - Filling up the DagBag from /opt/airflow/dags/forex_data_pipeline_v_2.py
[2023-07-21T16:23:25.954+0000] {processor.py:753} INFO - DAG(s) dict_keys(['forex_data_pipeline']) retrieved from /opt/airflow/dags/forex_data_pipeline_v_2.py
[2023-07-21T16:23:25.987+0000] {logging_mixin.py:137} INFO - [2023-07-21T16:23:25.987+0000] {dag.py:2676} INFO - Sync 1 DAGs
[2023-07-21T16:23:26.135+0000] {logging_mixin.py:137} INFO - [2023-07-21T16:23:26.135+0000] {dag.py:3423} INFO - Setting next_dagrun for forex_data_pipeline to 2023-07-20T00:00:00+00:00, run_after=2023-07-21T00:00:00+00:00
[2023-07-21T16:23:26.159+0000] {processor.py:175} INFO - Processing /opt/airflow/dags/forex_data_pipeline_v_2.py took 0.246 seconds
[2023-07-21T16:23:56.410+0000] {processor.py:153} INFO - Started process (PID=97) to work on /opt/airflow/dags/forex_data_pipeline_v_2.py
[2023-07-21T16:23:56.411+0000] {processor.py:743} INFO - Processing file /opt/airflow/dags/forex_data_pipeline_v_2.py for tasks to queue
[2023-07-21T16:23:56.412+0000] {logging_mixin.py:137} INFO - [2023-07-21T16:23:56.412+0000] {dagbag.py:538} INFO - Filling up the DagBag from /opt/airflow/dags/forex_data_pipeline_v_2.py
[2023-07-21T16:23:56.451+0000] {processor.py:753} INFO - DAG(s) dict_keys(['forex_data_pipeline']) retrieved from /opt/airflow/dags/forex_data_pipeline_v_2.py
[2023-07-21T16:23:56.488+0000] {logging_mixin.py:137} INFO - [2023-07-21T16:23:56.488+0000] {dag.py:2676} INFO - Sync 1 DAGs
[2023-07-21T16:23:56.634+0000] {logging_mixin.py:137} INFO - [2023-07-21T16:23:56.634+0000] {dag.py:3423} INFO - Setting next_dagrun for forex_data_pipeline to 2023-07-20T00:00:00+00:00, run_after=2023-07-21T00:00:00+00:00
[2023-07-21T16:23:56.660+0000] {processor.py:175} INFO - Processing /opt/airflow/dags/forex_data_pipeline_v_2.py took 0.252 seconds
[2023-07-21T16:24:26.922+0000] {processor.py:153} INFO - Started process (PID=100) to work on /opt/airflow/dags/forex_data_pipeline_v_2.py
[2023-07-21T16:24:26.925+0000] {processor.py:743} INFO - Processing file /opt/airflow/dags/forex_data_pipeline_v_2.py for tasks to queue
[2023-07-21T16:24:26.927+0000] {logging_mixin.py:137} INFO - [2023-07-21T16:24:26.927+0000] {dagbag.py:538} INFO - Filling up the DagBag from /opt/airflow/dags/forex_data_pipeline_v_2.py
[2023-07-21T16:24:26.993+0000] {processor.py:753} INFO - DAG(s) dict_keys(['forex_data_pipeline']) retrieved from /opt/airflow/dags/forex_data_pipeline_v_2.py
[2023-07-21T16:24:27.209+0000] {logging_mixin.py:137} INFO - [2023-07-21T16:24:27.209+0000] {dag.py:2676} INFO - Sync 1 DAGs
[2023-07-21T16:24:27.238+0000] {logging_mixin.py:137} INFO - [2023-07-21T16:24:27.238+0000] {dag.py:3423} INFO - Setting next_dagrun for forex_data_pipeline to 2023-07-20T00:00:00+00:00, run_after=2023-07-21T00:00:00+00:00
[2023-07-21T16:24:27.268+0000] {processor.py:175} INFO - Processing /opt/airflow/dags/forex_data_pipeline_v_2.py took 0.351 seconds
[2023-07-21T16:24:57.380+0000] {processor.py:153} INFO - Started process (PID=103) to work on /opt/airflow/dags/forex_data_pipeline_v_2.py
[2023-07-21T16:24:57.381+0000] {processor.py:743} INFO - Processing file /opt/airflow/dags/forex_data_pipeline_v_2.py for tasks to queue
[2023-07-21T16:24:57.382+0000] {logging_mixin.py:137} INFO - [2023-07-21T16:24:57.382+0000] {dagbag.py:538} INFO - Filling up the DagBag from /opt/airflow/dags/forex_data_pipeline_v_2.py
[2023-07-21T16:24:57.422+0000] {processor.py:753} INFO - DAG(s) dict_keys(['forex_data_pipeline']) retrieved from /opt/airflow/dags/forex_data_pipeline_v_2.py
[2023-07-21T16:24:57.461+0000] {logging_mixin.py:137} INFO - [2023-07-21T16:24:57.461+0000] {dag.py:2676} INFO - Sync 1 DAGs
[2023-07-21T16:24:57.490+0000] {logging_mixin.py:137} INFO - [2023-07-21T16:24:57.490+0000] {dag.py:3423} INFO - Setting next_dagrun for forex_data_pipeline to 2023-07-20T00:00:00+00:00, run_after=2023-07-21T00:00:00+00:00
[2023-07-21T16:24:57.518+0000] {processor.py:175} INFO - Processing /opt/airflow/dags/forex_data_pipeline_v_2.py took 0.141 seconds
[2023-07-21T16:25:27.726+0000] {processor.py:153} INFO - Started process (PID=106) to work on /opt/airflow/dags/forex_data_pipeline_v_2.py
[2023-07-21T16:25:27.726+0000] {processor.py:743} INFO - Processing file /opt/airflow/dags/forex_data_pipeline_v_2.py for tasks to queue
[2023-07-21T16:25:27.727+0000] {logging_mixin.py:137} INFO - [2023-07-21T16:25:27.727+0000] {dagbag.py:538} INFO - Filling up the DagBag from /opt/airflow/dags/forex_data_pipeline_v_2.py
[2023-07-21T16:25:27.767+0000] {processor.py:753} INFO - DAG(s) dict_keys(['forex_data_pipeline']) retrieved from /opt/airflow/dags/forex_data_pipeline_v_2.py
[2023-07-21T16:25:27.804+0000] {logging_mixin.py:137} INFO - [2023-07-21T16:25:27.804+0000] {dag.py:2676} INFO - Sync 1 DAGs
[2023-07-21T16:25:27.836+0000] {logging_mixin.py:137} INFO - [2023-07-21T16:25:27.836+0000] {dag.py:3423} INFO - Setting next_dagrun for forex_data_pipeline to 2023-07-20T00:00:00+00:00, run_after=2023-07-21T00:00:00+00:00
[2023-07-21T16:25:27.866+0000] {processor.py:175} INFO - Processing /opt/airflow/dags/forex_data_pipeline_v_2.py took 0.143 seconds
[2023-07-21T16:25:58.077+0000] {processor.py:153} INFO - Started process (PID=109) to work on /opt/airflow/dags/forex_data_pipeline_v_2.py
[2023-07-21T16:25:58.078+0000] {processor.py:743} INFO - Processing file /opt/airflow/dags/forex_data_pipeline_v_2.py for tasks to queue
[2023-07-21T16:25:58.078+0000] {logging_mixin.py:137} INFO - [2023-07-21T16:25:58.078+0000] {dagbag.py:538} INFO - Filling up the DagBag from /opt/airflow/dags/forex_data_pipeline_v_2.py
[2023-07-21T16:25:58.116+0000] {processor.py:753} INFO - DAG(s) dict_keys(['forex_data_pipeline']) retrieved from /opt/airflow/dags/forex_data_pipeline_v_2.py
[2023-07-21T16:25:58.151+0000] {logging_mixin.py:137} INFO - [2023-07-21T16:25:58.151+0000] {dag.py:2676} INFO - Sync 1 DAGs
[2023-07-21T16:25:58.182+0000] {logging_mixin.py:137} INFO - [2023-07-21T16:25:58.182+0000] {dag.py:3423} INFO - Setting next_dagrun for forex_data_pipeline to 2023-07-20T00:00:00+00:00, run_after=2023-07-21T00:00:00+00:00
[2023-07-21T16:25:58.322+0000] {processor.py:175} INFO - Processing /opt/airflow/dags/forex_data_pipeline_v_2.py took 0.248 seconds
