[2023-07-31 12:53:48,187] {taskinstance.py:655} INFO - Dependencies all met for <TaskInstance: data_dag.fail 2023-07-26T00:00:00+00:00 [queued]>
[2023-07-31 12:53:48,202] {taskinstance.py:655} INFO - Dependencies all met for <TaskInstance: data_dag.fail 2023-07-26T00:00:00+00:00 [queued]>
[2023-07-31 12:53:48,203] {taskinstance.py:866} INFO - 
--------------------------------------------------------------------------------
[2023-07-31 12:53:48,203] {taskinstance.py:867} INFO - Starting attempt 1 of 1
[2023-07-31 12:53:48,203] {taskinstance.py:868} INFO - 
--------------------------------------------------------------------------------
[2023-07-31 12:53:48,214] {taskinstance.py:887} INFO - Executing <Task(BashOperator): fail> on 2023-07-26T00:00:00+00:00
[2023-07-31 12:53:48,218] {standard_task_runner.py:53} INFO - Started process 379 to run task
[2023-07-31 12:53:48,275] {logging_mixin.py:112} INFO - Running %s on host %s <TaskInstance: data_dag.fail 2023-07-26T00:00:00+00:00 [running]> 66e47f8f7cf9
[2023-07-31 12:53:48,303] {bash_operator.py:82} INFO - Tmp dir root location: 
 /tmp
[2023-07-31 12:53:48,304] {bash_operator.py:105} INFO - Temporary script location: /tmp/airflowtmpmzsh1yf0/fail5e3isetd
[2023-07-31 12:53:48,304] {bash_operator.py:115} INFO - Running command: 
                valid=26
                if [ $(($valid % 2)) == 1 ]; then
                        exit 1
                else
                        exit 0
                fi
            
[2023-07-31 12:53:48,311] {bash_operator.py:122} INFO - Output:
[2023-07-31 12:53:48,312] {bash_operator.py:130} INFO - Command exited with return code 0
[2023-07-31 12:53:48,322] {taskinstance.py:1048} INFO - Marking task as SUCCESS.dag_id=data_dag, task_id=fail, execution_date=20230726T000000, start_date=20230731T125348, end_date=20230731T125348
[2023-07-31 12:53:58,177] {logging_mixin.py:112} INFO - [2023-07-31 12:53:58,177] {local_task_job.py:103} INFO - Task exited with return code 0
