[2023-08-16T07:46:07.001+0000] {taskinstance.py:1083} INFO - Dependencies all met for <TaskInstance: forex_data_pipeline.is_forex_rates_available manual__2023-08-16T07:46:05.693290+00:00 [queued]>
[2023-08-16T07:46:07.018+0000] {taskinstance.py:1083} INFO - Dependencies all met for <TaskInstance: forex_data_pipeline.is_forex_rates_available manual__2023-08-16T07:46:05.693290+00:00 [queued]>
[2023-08-16T07:46:07.018+0000] {taskinstance.py:1279} INFO - 
--------------------------------------------------------------------------------
[2023-08-16T07:46:07.019+0000] {taskinstance.py:1280} INFO - Starting attempt 1 of 2
[2023-08-16T07:46:07.019+0000] {taskinstance.py:1281} INFO - 
--------------------------------------------------------------------------------
[2023-08-16T07:46:07.036+0000] {taskinstance.py:1300} INFO - Executing <Task(HttpSensor): is_forex_rates_available> on 2023-08-16 07:46:05.693290+00:00
[2023-08-16T07:46:07.076+0000] {standard_task_runner.py:55} INFO - Started process 8812 to run task
[2023-08-16T07:46:07.079+0000] {standard_task_runner.py:82} INFO - Running: ['***', 'tasks', 'run', 'forex_data_pipeline', 'is_forex_rates_available', 'manual__2023-08-16T07:46:05.693290+00:00', '--job-id', '47', '--raw', '--subdir', 'DAGS_FOLDER/forex_data_pipeline.py', '--cfg-path', '/tmp/tmp28d8jcne']
[2023-08-16T07:46:07.080+0000] {standard_task_runner.py:83} INFO - Job 47: Subtask is_forex_rates_available
[2023-08-16T07:46:07.141+0000] {task_command.py:388} INFO - Running <TaskInstance: forex_data_pipeline.is_forex_rates_available manual__2023-08-16T07:46:05.693290+00:00 [running]> on host 2761a966e4c6
[2023-08-16T07:46:07.218+0000] {taskinstance.py:1509} INFO - Exporting the following env vars:
AIRFLOW_CTX_DAG_EMAIL=admin@localhost.com
AIRFLOW_CTX_DAG_OWNER=***
AIRFLOW_CTX_DAG_ID=forex_data_pipeline
AIRFLOW_CTX_TASK_ID=is_forex_rates_available
AIRFLOW_CTX_EXECUTION_DATE=2023-08-16T07:46:05.693290+00:00
AIRFLOW_CTX_TRY_NUMBER=1
AIRFLOW_CTX_DAG_RUN_ID=manual__2023-08-16T07:46:05.693290+00:00
[2023-08-16T07:46:07.220+0000] {http.py:122} INFO - Poking: marclamberti/f45f872dea4dfd3eaa015a4a1af4b39b
[2023-08-16T07:46:07.234+0000] {base.py:73} INFO - Using connection ID 'forex_api' for task execution.
[2023-08-16T07:46:07.974+0000] {base.py:228} INFO - Success criteria met. Exiting.
[2023-08-16T07:46:07.993+0000] {taskinstance.py:1323} INFO - Marking task as SUCCESS. dag_id=forex_data_pipeline, task_id=is_forex_rates_available, execution_date=20230816T074605, start_date=20230816T074607, end_date=20230816T074607
[2023-08-16T07:46:08.016+0000] {local_task_job.py:208} INFO - Task exited with return code 0
[2023-08-16T07:46:08.051+0000] {taskinstance.py:2578} INFO - 1 downstream tasks scheduled from follow-on schedule check
