[2023-08-16T04:36:49.201+0000] {taskinstance.py:1083} INFO - Dependencies all met for <TaskInstance: forex_data_pipeline.is_forex_rates_available scheduled__2023-08-15T00:00:00+00:00 [queued]>
[2023-08-16T04:36:49.211+0000] {taskinstance.py:1083} INFO - Dependencies all met for <TaskInstance: forex_data_pipeline.is_forex_rates_available scheduled__2023-08-15T00:00:00+00:00 [queued]>
[2023-08-16T04:36:49.212+0000] {taskinstance.py:1279} INFO - 
--------------------------------------------------------------------------------
[2023-08-16T04:36:49.212+0000] {taskinstance.py:1280} INFO - Starting attempt 2 of 2
[2023-08-16T04:36:49.213+0000] {taskinstance.py:1281} INFO - 
--------------------------------------------------------------------------------
[2023-08-16T04:36:49.228+0000] {taskinstance.py:1300} INFO - Executing <Task(HttpSensor): is_forex_rates_available> on 2023-08-15 00:00:00+00:00
[2023-08-16T04:36:49.233+0000] {standard_task_runner.py:55} INFO - Started process 324 to run task
[2023-08-16T04:36:49.237+0000] {standard_task_runner.py:82} INFO - Running: ['***', 'tasks', 'run', 'forex_data_pipeline', 'is_forex_rates_available', 'scheduled__2023-08-15T00:00:00+00:00', '--job-id', '31', '--raw', '--subdir', 'DAGS_FOLDER/forex_data_pipeline.py', '--cfg-path', '/tmp/tmp2fsnxs2a']
[2023-08-16T04:36:49.237+0000] {standard_task_runner.py:83} INFO - Job 31: Subtask is_forex_rates_available
[2023-08-16T04:36:49.305+0000] {task_command.py:388} INFO - Running <TaskInstance: forex_data_pipeline.is_forex_rates_available scheduled__2023-08-15T00:00:00+00:00 [running]> on host 2761a966e4c6
[2023-08-16T04:36:49.378+0000] {taskinstance.py:1509} INFO - Exporting the following env vars:
AIRFLOW_CTX_DAG_EMAIL=admin@localhost.com
AIRFLOW_CTX_DAG_OWNER=***
AIRFLOW_CTX_DAG_ID=forex_data_pipeline
AIRFLOW_CTX_TASK_ID=is_forex_rates_available
AIRFLOW_CTX_EXECUTION_DATE=2023-08-15T00:00:00+00:00
AIRFLOW_CTX_TRY_NUMBER=2
AIRFLOW_CTX_DAG_RUN_ID=scheduled__2023-08-15T00:00:00+00:00
[2023-08-16T04:36:49.379+0000] {http.py:122} INFO - Poking: marclamberti/f45f872dea4dfd3eaa015a4a1af4b39b
[2023-08-16T04:36:49.387+0000] {base.py:73} INFO - Using connection ID 'forex_api' for task execution.
[2023-08-16T04:36:50.142+0000] {base.py:228} INFO - Success criteria met. Exiting.
[2023-08-16T04:36:50.150+0000] {taskinstance.py:1323} INFO - Marking task as SUCCESS. dag_id=forex_data_pipeline, task_id=is_forex_rates_available, execution_date=20230815T000000, start_date=20230816T043649, end_date=20230816T043650
[2023-08-16T04:36:50.171+0000] {local_task_job.py:208} INFO - Task exited with return code 0
[2023-08-16T04:36:50.186+0000] {taskinstance.py:2578} INFO - 0 downstream tasks scheduled from follow-on schedule check
