[2023-08-14T06:21:46.396+0000] {taskinstance.py:1083} INFO - Dependencies all met for <TaskInstance: forex_data_pipeline.is_forex_rates_available manual__2023-08-14T06:21:45.799055+00:00 [queued]>
[2023-08-14T06:21:46.408+0000] {taskinstance.py:1083} INFO - Dependencies all met for <TaskInstance: forex_data_pipeline.is_forex_rates_available manual__2023-08-14T06:21:45.799055+00:00 [queued]>
[2023-08-14T06:21:46.408+0000] {taskinstance.py:1279} INFO - 
--------------------------------------------------------------------------------
[2023-08-14T06:21:46.409+0000] {taskinstance.py:1280} INFO - Starting attempt 1 of 2
[2023-08-14T06:21:46.409+0000] {taskinstance.py:1281} INFO - 
--------------------------------------------------------------------------------
[2023-08-14T06:21:46.430+0000] {taskinstance.py:1300} INFO - Executing <Task(HttpSensor): is_forex_rates_available> on 2023-08-14 06:21:45.799055+00:00
[2023-08-14T06:21:46.435+0000] {standard_task_runner.py:55} INFO - Started process 3472 to run task
[2023-08-14T06:21:46.438+0000] {standard_task_runner.py:82} INFO - Running: ['***', 'tasks', 'run', 'forex_data_pipeline', 'is_forex_rates_available', 'manual__2023-08-14T06:21:45.799055+00:00', '--job-id', '26', '--raw', '--subdir', 'DAGS_FOLDER/forex_data_pipeline_v_1.py', '--cfg-path', '/tmp/tmp76flr6uu']
[2023-08-14T06:21:46.439+0000] {standard_task_runner.py:83} INFO - Job 26: Subtask is_forex_rates_available
[2023-08-14T06:21:46.517+0000] {task_command.py:388} INFO - Running <TaskInstance: forex_data_pipeline.is_forex_rates_available manual__2023-08-14T06:21:45.799055+00:00 [running]> on host 7dfb041806a2
[2023-08-14T06:21:46.611+0000] {taskinstance.py:1509} INFO - Exporting the following env vars:
AIRFLOW_CTX_DAG_EMAIL=admin@localhost.com
AIRFLOW_CTX_DAG_OWNER=***
AIRFLOW_CTX_DAG_ID=forex_data_pipeline
AIRFLOW_CTX_TASK_ID=is_forex_rates_available
AIRFLOW_CTX_EXECUTION_DATE=2023-08-14T06:21:45.799055+00:00
AIRFLOW_CTX_TRY_NUMBER=1
AIRFLOW_CTX_DAG_RUN_ID=manual__2023-08-14T06:21:45.799055+00:00
[2023-08-14T06:21:46.612+0000] {http.py:122} INFO - Poking: marclamberti/f45f872dea4dfd3eaa015a4a1af4b39b
[2023-08-14T06:21:46.628+0000] {base.py:73} INFO - Using connection ID 'forex_api' for task execution.
[2023-08-14T06:21:47.852+0000] {base.py:228} INFO - Success criteria met. Exiting.
[2023-08-14T06:21:47.867+0000] {taskinstance.py:1323} INFO - Marking task as SUCCESS. dag_id=forex_data_pipeline, task_id=is_forex_rates_available, execution_date=20230814T062145, start_date=20230814T062146, end_date=20230814T062147
[2023-08-14T06:21:47.897+0000] {local_task_job.py:208} INFO - Task exited with return code 0
[2023-08-14T06:21:47.915+0000] {taskinstance.py:2578} INFO - 0 downstream tasks scheduled from follow-on schedule check
