[2023-08-14T06:09:23.310+0000] {taskinstance.py:1083} INFO - Dependencies all met for <TaskInstance: data_dag.process manual__2023-08-14T06:09:16.343824+00:00 [queued]>
[2023-08-14T06:09:23.324+0000] {taskinstance.py:1083} INFO - Dependencies all met for <TaskInstance: data_dag.process manual__2023-08-14T06:09:16.343824+00:00 [queued]>
[2023-08-14T06:09:23.325+0000] {taskinstance.py:1279} INFO - 
--------------------------------------------------------------------------------
[2023-08-14T06:09:23.325+0000] {taskinstance.py:1280} INFO - Starting attempt 1 of 1
[2023-08-14T06:09:23.325+0000] {taskinstance.py:1281} INFO - 
--------------------------------------------------------------------------------
[2023-08-14T06:09:23.343+0000] {taskinstance.py:1300} INFO - Executing <Task(BashOperator): process> on 2023-08-14 06:09:16.343824+00:00
[2023-08-14T06:09:23.427+0000] {standard_task_runner.py:55} INFO - Started process 2186 to run task
[2023-08-14T06:09:23.431+0000] {standard_task_runner.py:82} INFO - Running: ['***', 'tasks', 'run', 'data_dag', 'process', 'manual__2023-08-14T06:09:16.343824+00:00', '--job-id', '4', '--raw', '--subdir', 'DAGS_FOLDER/data_dag.py', '--cfg-path', '/tmp/tmpypij87me']
[2023-08-14T06:09:23.431+0000] {standard_task_runner.py:83} INFO - Job 4: Subtask process
[2023-08-14T06:09:23.505+0000] {task_command.py:388} INFO - Running <TaskInstance: data_dag.process manual__2023-08-14T06:09:16.343824+00:00 [running]> on host 7dfb041806a2
[2023-08-14T06:09:23.599+0000] {taskinstance.py:1509} INFO - Exporting the following env vars:
AIRFLOW_CTX_DAG_OWNER=***
AIRFLOW_CTX_DAG_ID=data_dag
AIRFLOW_CTX_TASK_ID=process
AIRFLOW_CTX_EXECUTION_DATE=2023-08-14T06:09:16.343824+00:00
AIRFLOW_CTX_TRY_NUMBER=1
AIRFLOW_CTX_DAG_RUN_ID=manual__2023-08-14T06:09:16.343824+00:00
[2023-08-14T06:09:23.601+0000] {subprocess.py:63} INFO - Tmp dir root location: 
 /tmp
[2023-08-14T06:09:23.601+0000] {subprocess.py:75} INFO - Running command: ['/bin/bash', '-c', "echo 'processing'"]
[2023-08-14T06:09:23.616+0000] {subprocess.py:86} INFO - Output:
[2023-08-14T06:09:23.618+0000] {subprocess.py:93} INFO - processing
[2023-08-14T06:09:23.619+0000] {subprocess.py:97} INFO - Command exited with return code 0
[2023-08-14T06:09:23.648+0000] {taskinstance.py:1323} INFO - Marking task as SUCCESS. dag_id=data_dag, task_id=process, execution_date=20230814T060916, start_date=20230814T060923, end_date=20230814T060923
[2023-08-14T06:09:23.683+0000] {local_task_job.py:208} INFO - Task exited with return code 0
[2023-08-14T06:09:23.708+0000] {taskinstance.py:2578} INFO - 1 downstream tasks scheduled from follow-on schedule check
