[2023-08-16T04:31:46.097+0000] {processor.py:153} INFO - Started process (PID=41) to work on /usr/local/airflow/dags/forex_data_pipeline_v_1.py
[2023-08-16T04:31:46.098+0000] {processor.py:743} INFO - Processing file /usr/local/airflow/dags/forex_data_pipeline_v_1.py for tasks to queue
[2023-08-16T04:31:46.099+0000] {logging_mixin.py:137} INFO - [2023-08-16T04:31:46.099+0000] {dagbag.py:538} INFO - Filling up the DagBag from /usr/local/airflow/dags/forex_data_pipeline_v_1.py
[2023-08-16T04:31:46.148+0000] {processor.py:753} INFO - DAG(s) dict_keys(['forex_data_pipeline']) retrieved from /usr/local/airflow/dags/forex_data_pipeline_v_1.py
[2023-08-16T04:31:46.185+0000] {logging_mixin.py:137} INFO - [2023-08-16T04:31:46.185+0000] {dag.py:2690} INFO - Sync 1 DAGs
[2023-08-16T04:31:46.226+0000] {logging_mixin.py:137} INFO - [2023-08-16T04:31:46.225+0000] {dag.py:3441} INFO - Setting next_dagrun for forex_data_pipeline to 2023-08-15T00:00:00+00:00, run_after=2023-08-16T00:00:00+00:00
[2023-08-16T04:31:46.250+0000] {processor.py:175} INFO - Processing /usr/local/airflow/dags/forex_data_pipeline_v_1.py took 0.156 seconds
[2023-08-16T04:32:16.521+0000] {processor.py:153} INFO - Started process (PID=108) to work on /usr/local/airflow/dags/forex_data_pipeline_v_1.py
[2023-08-16T04:32:16.522+0000] {processor.py:743} INFO - Processing file /usr/local/airflow/dags/forex_data_pipeline_v_1.py for tasks to queue
[2023-08-16T04:32:16.524+0000] {logging_mixin.py:137} INFO - [2023-08-16T04:32:16.523+0000] {dagbag.py:538} INFO - Filling up the DagBag from /usr/local/airflow/dags/forex_data_pipeline_v_1.py
[2023-08-16T04:32:16.565+0000] {processor.py:753} INFO - DAG(s) dict_keys(['forex_data_pipeline']) retrieved from /usr/local/airflow/dags/forex_data_pipeline_v_1.py
[2023-08-16T04:32:16.608+0000] {logging_mixin.py:137} INFO - [2023-08-16T04:32:16.607+0000] {dag.py:2690} INFO - Sync 1 DAGs
[2023-08-16T04:32:16.647+0000] {logging_mixin.py:137} INFO - [2023-08-16T04:32:16.647+0000] {dag.py:3441} INFO - Setting next_dagrun for forex_data_pipeline to 2023-08-16T00:00:00+00:00, run_after=2023-08-17T00:00:00+00:00
[2023-08-16T04:32:16.668+0000] {processor.py:175} INFO - Processing /usr/local/airflow/dags/forex_data_pipeline_v_1.py took 0.157 seconds
[2023-08-16T04:32:46.996+0000] {processor.py:153} INFO - Started process (PID=151) to work on /usr/local/airflow/dags/forex_data_pipeline_v_1.py
[2023-08-16T04:32:46.996+0000] {processor.py:743} INFO - Processing file /usr/local/airflow/dags/forex_data_pipeline_v_1.py for tasks to queue
[2023-08-16T04:32:46.997+0000] {logging_mixin.py:137} INFO - [2023-08-16T04:32:46.997+0000] {dagbag.py:538} INFO - Filling up the DagBag from /usr/local/airflow/dags/forex_data_pipeline_v_1.py
[2023-08-16T04:32:47.026+0000] {processor.py:753} INFO - DAG(s) dict_keys(['forex_data_pipeline']) retrieved from /usr/local/airflow/dags/forex_data_pipeline_v_1.py
[2023-08-16T04:32:47.051+0000] {logging_mixin.py:137} INFO - [2023-08-16T04:32:47.051+0000] {dag.py:2690} INFO - Sync 1 DAGs
[2023-08-16T04:32:47.081+0000] {logging_mixin.py:137} INFO - [2023-08-16T04:32:47.081+0000] {dag.py:3441} INFO - Setting next_dagrun for forex_data_pipeline to 2023-08-16T00:00:00+00:00, run_after=2023-08-17T00:00:00+00:00
[2023-08-16T04:32:47.102+0000] {processor.py:175} INFO - Processing /usr/local/airflow/dags/forex_data_pipeline_v_1.py took 0.110 seconds
[2023-08-16T04:33:17.327+0000] {processor.py:153} INFO - Started process (PID=214) to work on /usr/local/airflow/dags/forex_data_pipeline_v_1.py
[2023-08-16T04:33:17.327+0000] {processor.py:743} INFO - Processing file /usr/local/airflow/dags/forex_data_pipeline_v_1.py for tasks to queue
[2023-08-16T04:33:17.328+0000] {logging_mixin.py:137} INFO - [2023-08-16T04:33:17.328+0000] {dagbag.py:538} INFO - Filling up the DagBag from /usr/local/airflow/dags/forex_data_pipeline_v_1.py
[2023-08-16T04:33:17.355+0000] {processor.py:753} INFO - DAG(s) dict_keys(['forex_data_pipeline']) retrieved from /usr/local/airflow/dags/forex_data_pipeline_v_1.py
[2023-08-16T04:33:17.380+0000] {logging_mixin.py:137} INFO - [2023-08-16T04:33:17.379+0000] {dag.py:2690} INFO - Sync 1 DAGs
[2023-08-16T04:33:17.407+0000] {logging_mixin.py:137} INFO - [2023-08-16T04:33:17.407+0000] {dag.py:3441} INFO - Setting next_dagrun for forex_data_pipeline to 2023-08-16T00:00:00+00:00, run_after=2023-08-17T00:00:00+00:00
[2023-08-16T04:33:17.428+0000] {processor.py:175} INFO - Processing /usr/local/airflow/dags/forex_data_pipeline_v_1.py took 0.105 seconds
[2023-08-16T04:33:47.701+0000] {processor.py:153} INFO - Started process (PID=257) to work on /usr/local/airflow/dags/forex_data_pipeline_v_1.py
[2023-08-16T04:33:47.701+0000] {processor.py:743} INFO - Processing file /usr/local/airflow/dags/forex_data_pipeline_v_1.py for tasks to queue
[2023-08-16T04:33:47.702+0000] {logging_mixin.py:137} INFO - [2023-08-16T04:33:47.702+0000] {dagbag.py:538} INFO - Filling up the DagBag from /usr/local/airflow/dags/forex_data_pipeline_v_1.py
[2023-08-16T04:33:47.733+0000] {processor.py:753} INFO - DAG(s) dict_keys(['forex_data_pipeline']) retrieved from /usr/local/airflow/dags/forex_data_pipeline_v_1.py
[2023-08-16T04:33:47.759+0000] {logging_mixin.py:137} INFO - [2023-08-16T04:33:47.759+0000] {dag.py:2690} INFO - Sync 1 DAGs
[2023-08-16T04:33:47.787+0000] {logging_mixin.py:137} INFO - [2023-08-16T04:33:47.787+0000] {dag.py:3441} INFO - Setting next_dagrun for forex_data_pipeline to 2023-08-16T00:00:00+00:00, run_after=2023-08-17T00:00:00+00:00
[2023-08-16T04:33:47.811+0000] {processor.py:175} INFO - Processing /usr/local/airflow/dags/forex_data_pipeline_v_1.py took 0.114 seconds
[2023-08-16T04:33:58.978+0000] {processor.py:153} INFO - Started process (PID=280) to work on /usr/local/airflow/dags/forex_data_pipeline_v_1.py
[2023-08-16T04:33:58.978+0000] {processor.py:743} INFO - Processing file /usr/local/airflow/dags/forex_data_pipeline_v_1.py for tasks to queue
[2023-08-16T04:33:58.979+0000] {logging_mixin.py:137} INFO - [2023-08-16T04:33:58.979+0000] {dagbag.py:538} INFO - Filling up the DagBag from /usr/local/airflow/dags/forex_data_pipeline_v_1.py
[2023-08-16T04:33:59.021+0000] {processor.py:753} INFO - DAG(s) dict_keys(['forex_data_pipeline']) retrieved from /usr/local/airflow/dags/forex_data_pipeline_v_1.py
[2023-08-16T04:33:59.043+0000] {logging_mixin.py:137} INFO - [2023-08-16T04:33:59.043+0000] {dag.py:2690} INFO - Sync 1 DAGs
[2023-08-16T04:33:59.070+0000] {logging_mixin.py:137} INFO - [2023-08-16T04:33:59.069+0000] {dag.py:3441} INFO - Setting next_dagrun for forex_data_pipeline to 2023-08-16T00:00:00+00:00, run_after=2023-08-17T00:00:00+00:00
[2023-08-16T04:33:59.092+0000] {processor.py:175} INFO - Processing /usr/local/airflow/dags/forex_data_pipeline_v_1.py took 0.117 seconds
