2023-07-22 04:29:34.266 UTC [1] LOG:  starting PostgreSQL 13.1 (Debian 13.1-1.pgdg100+1) on x86_64-pc-linux-gnu, compiled by gcc (Debian 8.3.0-6) 8.3.0, 64-bit
2023-07-22 04:29:34.280 UTC [1] LOG:  listening on IPv4 address "0.0.0.0", port 5432
2023-07-22 04:29:34.280 UTC [1] LOG:  listening on IPv6 address "::", port 5432
2023-07-22 04:29:34.344 UTC [1] LOG:  listening on Unix socket "/var/run/postgresql/.s.PGSQL.5432"
2023-07-22 04:29:34.489 UTC [26] LOG:  database system was interrupted; last known up at 2023-07-21 16:23:11 UTC
2023-07-22 04:29:36.900 UTC [28] FATAL:  the database system is starting up
2023-07-22 04:29:36.902 UTC [29] FATAL:  the database system is starting up
2023-07-22 04:29:36.902 UTC [30] FATAL:  the database system is starting up
2023-07-22 04:29:36.902 UTC [27] FATAL:  the database system is starting up
2023-07-22 04:29:36.907 UTC [33] FATAL:  the database system is starting up
2023-07-22 04:29:36.912 UTC [32] FATAL:  the database system is starting up
2023-07-22 04:29:36.914 UTC [34] FATAL:  the database system is starting up
2023-07-22 04:29:36.918 UTC [31] FATAL:  the database system is starting up
2023-07-22 04:29:37.526 UTC [35] FATAL:  the database system is starting up
2023-07-22 04:29:37.530 UTC [36] FATAL:  the database system is starting up
2023-07-22 04:29:42.090 UTC [38] FATAL:  the database system is starting up
2023-07-22 04:29:42.094 UTC [39] FATAL:  the database system is starting up
2023-07-22 04:29:42.191 UTC [40] FATAL:  the database system is starting up
2023-07-22 04:29:42.194 UTC [41] FATAL:  the database system is starting up
2023-07-22 04:29:42.214 UTC [42] FATAL:  the database system is starting up
2023-07-22 04:29:42.219 UTC [43] FATAL:  the database system is starting up
2023-07-22 04:29:42.222 UTC [44] FATAL:  the database system is starting up
2023-07-22 04:29:42.226 UTC [45] FATAL:  the database system is starting up
2023-07-22 04:29:42.292 UTC [46] FATAL:  the database system is starting up
2023-07-22 04:29:42.296 UTC [47] FATAL:  the database system is starting up
2023-07-22 04:29:45.203 UTC [48] FATAL:  the database system is starting up
2023-07-22 04:29:46.835 UTC [49] FATAL:  the database system is starting up
2023-07-22 04:29:46.838 UTC [50] FATAL:  the database system is starting up
2023-07-22 04:29:46.839 UTC [51] FATAL:  the database system is starting up
2023-07-22 04:29:46.840 UTC [52] FATAL:  the database system is starting up
2023-07-22 04:29:46.842 UTC [53] FATAL:  the database system is starting up
2023-07-22 04:29:46.858 UTC [54] FATAL:  the database system is starting up
2023-07-22 04:29:46.881 UTC [55] FATAL:  the database system is starting up
2023-07-22 04:29:46.884 UTC [56] FATAL:  the database system is starting up
2023-07-22 04:29:46.889 UTC [57] FATAL:  the database system is starting up
2023-07-22 04:29:46.892 UTC [58] FATAL:  the database system is starting up
2023-07-22 04:29:51.410 UTC [59] FATAL:  the database system is starting up
2023-07-22 04:29:51.531 UTC [60] FATAL:  the database system is starting up
2023-07-22 04:29:51.532 UTC [61] FATAL:  the database system is starting up
2023-07-22 04:29:51.536 UTC [62] FATAL:  the database system is starting up
2023-07-22 04:29:51.536 UTC [63] FATAL:  the database system is starting up
2023-07-22 04:29:51.586 UTC [64] FATAL:  the database system is starting up
2023-07-22 04:29:51.591 UTC [65] FATAL:  the database system is starting up
2023-07-22 04:29:51.628 UTC [66] FATAL:  the database system is starting up
2023-07-22 04:29:51.632 UTC [67] FATAL:  the database system is starting up
2023-07-22 04:29:51.667 UTC [68] FATAL:  the database system is starting up
2023-07-22 04:29:51.671 UTC [69] FATAL:  the database system is starting up
2023-07-22 04:29:53.797 UTC [26] LOG:  database system was not properly shut down; automatic recovery in progress
2023-07-22 04:29:53.821 UTC [26] LOG:  redo starts at 0/1AD5D58
2023-07-22 04:29:53.851 UTC [26] LOG:  invalid record length at 0/1AED038: wanted 24, got 0
2023-07-22 04:29:53.851 UTC [26] LOG:  redo done at 0/1AED010
2023-07-22 04:29:54.044 UTC [1] LOG:  database system is ready to accept connections
2023-07-22 06:10:12.960 UTC [1] LOG:  received fast shutdown request
2023-07-22 06:10:13.032 UTC [1] LOG:  aborting any active transactions
2023-07-22 06:10:13.044 UTC [1] LOG:  background worker "logical replication launcher" (PID 75) exited with exit code 1
2023-07-22 06:10:13.045 UTC [70] LOG:  shutting down
2023-07-22 06:10:13.394 UTC [1] LOG:  database system is shut down
