[2023-08-14T06:09:24.452+0000] {taskinstance.py:1083} INFO - Dependencies all met for <TaskInstance: data_dag.fail manual__2023-08-14T06:09:16.343824+00:00 [queued]>
[2023-08-14T06:09:24.466+0000] {taskinstance.py:1083} INFO - Dependencies all met for <TaskInstance: data_dag.fail manual__2023-08-14T06:09:16.343824+00:00 [queued]>
[2023-08-14T06:09:24.467+0000] {taskinstance.py:1279} INFO - 
--------------------------------------------------------------------------------
[2023-08-14T06:09:24.467+0000] {taskinstance.py:1280} INFO - Starting attempt 1 of 1
[2023-08-14T06:09:24.468+0000] {taskinstance.py:1281} INFO - 
--------------------------------------------------------------------------------
[2023-08-14T06:09:24.484+0000] {taskinstance.py:1300} INFO - Executing <Task(BashOperator): fail> on 2023-08-14 06:09:16.343824+00:00
[2023-08-14T06:09:24.489+0000] {standard_task_runner.py:55} INFO - Started process 2196 to run task
[2023-08-14T06:09:24.493+0000] {standard_task_runner.py:82} INFO - Running: ['***', 'tasks', 'run', 'data_dag', 'fail', 'manual__2023-08-14T06:09:16.343824+00:00', '--job-id', '5', '--raw', '--subdir', 'DAGS_FOLDER/data_dag.py', '--cfg-path', '/tmp/tmpjl5gyrql']
[2023-08-14T06:09:24.494+0000] {standard_task_runner.py:83} INFO - Job 5: Subtask fail
[2023-08-14T06:09:24.568+0000] {task_command.py:388} INFO - Running <TaskInstance: data_dag.fail manual__2023-08-14T06:09:16.343824+00:00 [running]> on host 7dfb041806a2
[2023-08-14T06:09:24.648+0000] {taskinstance.py:1509} INFO - Exporting the following env vars:
AIRFLOW_CTX_DAG_OWNER=***
AIRFLOW_CTX_DAG_ID=data_dag
AIRFLOW_CTX_TASK_ID=fail
AIRFLOW_CTX_EXECUTION_DATE=2023-08-14T06:09:16.343824+00:00
AIRFLOW_CTX_TRY_NUMBER=1
AIRFLOW_CTX_DAG_RUN_ID=manual__2023-08-14T06:09:16.343824+00:00
[2023-08-14T06:09:24.650+0000] {subprocess.py:63} INFO - Tmp dir root location: 
 /tmp
[2023-08-14T06:09:24.650+0000] {subprocess.py:75} INFO - Running command: ['/bin/bash', '-c', '\n                valid=14\n                if [ $(($valid % 2)) == 1 ]; then\n                        exit 1\n                else\n                        exit 0\n                fi\n            ']
[2023-08-14T06:09:24.661+0000] {subprocess.py:86} INFO - Output:
[2023-08-14T06:09:24.663+0000] {subprocess.py:97} INFO - Command exited with return code 0
[2023-08-14T06:09:24.692+0000] {taskinstance.py:1323} INFO - Marking task as SUCCESS. dag_id=data_dag, task_id=fail, execution_date=20230814T060916, start_date=20230814T060924, end_date=20230814T060924
[2023-08-14T06:09:24.744+0000] {local_task_job.py:208} INFO - Task exited with return code 0
[2023-08-14T06:09:24.765+0000] {taskinstance.py:2578} INFO - 0 downstream tasks scheduled from follow-on schedule check
