[2023-08-16T10:21:25.971+0000] {taskinstance.py:1083} INFO - Dependencies all met for <TaskInstance: forex_data_pipeline.is_forex_rates_available manual__2023-08-16T10:21:25.179872+00:00 [queued]>
[2023-08-16T10:21:25.991+0000] {taskinstance.py:1083} INFO - Dependencies all met for <TaskInstance: forex_data_pipeline.is_forex_rates_available manual__2023-08-16T10:21:25.179872+00:00 [queued]>
[2023-08-16T10:21:25.992+0000] {taskinstance.py:1279} INFO - 
--------------------------------------------------------------------------------
[2023-08-16T10:21:25.992+0000] {taskinstance.py:1280} INFO - Starting attempt 1 of 2
[2023-08-16T10:21:25.993+0000] {taskinstance.py:1281} INFO - 
--------------------------------------------------------------------------------
[2023-08-16T10:21:26.014+0000] {taskinstance.py:1300} INFO - Executing <Task(HttpSensor): is_forex_rates_available> on 2023-08-16 10:21:25.179872+00:00
[2023-08-16T10:21:26.068+0000] {standard_task_runner.py:55} INFO - Started process 4421 to run task
[2023-08-16T10:21:26.081+0000] {standard_task_runner.py:82} INFO - Running: ['***', 'tasks', 'run', 'forex_data_pipeline', 'is_forex_rates_available', 'manual__2023-08-16T10:21:25.179872+00:00', '--job-id', '98', '--raw', '--subdir', 'DAGS_FOLDER/forex_data_pipeline.py', '--cfg-path', '/tmp/tmpc0zgahb6']
[2023-08-16T10:21:26.082+0000] {standard_task_runner.py:83} INFO - Job 98: Subtask is_forex_rates_available
[2023-08-16T10:21:26.268+0000] {task_command.py:388} INFO - Running <TaskInstance: forex_data_pipeline.is_forex_rates_available manual__2023-08-16T10:21:25.179872+00:00 [running]> on host 6823fccb1f19
[2023-08-16T10:21:26.406+0000] {taskinstance.py:1509} INFO - Exporting the following env vars:
AIRFLOW_CTX_DAG_EMAIL=admin@localhost.com
AIRFLOW_CTX_DAG_OWNER=***
AIRFLOW_CTX_DAG_ID=forex_data_pipeline
AIRFLOW_CTX_TASK_ID=is_forex_rates_available
AIRFLOW_CTX_EXECUTION_DATE=2023-08-16T10:21:25.179872+00:00
AIRFLOW_CTX_TRY_NUMBER=1
AIRFLOW_CTX_DAG_RUN_ID=manual__2023-08-16T10:21:25.179872+00:00
[2023-08-16T10:21:26.407+0000] {http.py:122} INFO - Poking: marclamberti/f45f872dea4dfd3eaa015a4a1af4b39b
[2023-08-16T10:21:26.424+0000] {base.py:73} INFO - Using connection ID 'forex_api' for task execution.
[2023-08-16T10:21:27.374+0000] {base.py:228} INFO - Success criteria met. Exiting.
[2023-08-16T10:21:27.387+0000] {taskinstance.py:1323} INFO - Marking task as SUCCESS. dag_id=forex_data_pipeline, task_id=is_forex_rates_available, execution_date=20230816T102125, start_date=20230816T102125, end_date=20230816T102127
[2023-08-16T10:21:27.409+0000] {local_task_job.py:208} INFO - Task exited with return code 0
[2023-08-16T10:21:27.448+0000] {taskinstance.py:2578} INFO - 1 downstream tasks scheduled from follow-on schedule check
