[2023-08-10 08:20:12,526] {logging_mixin.py:112} INFO - [2023-08-10 08:20:12,525] {settings.py:253} INFO - settings.configure_orm(): Using pool settings. pool_size=5, max_overflow=10, pool_recycle=1800, pid=63
[2023-08-10 08:20:12,529] {scheduler_job.py:153} INFO - Started process (PID=63) to work on /usr/local/airflow/dags/data_dag.py
[2023-08-10 08:20:12,531] {scheduler_job.py:1560} INFO - Processing file /usr/local/airflow/dags/data_dag.py for tasks to queue
[2023-08-10 08:20:12,531] {logging_mixin.py:112} INFO - [2023-08-10 08:20:12,531] {dagbag.py:403} INFO - Filling up the DagBag from /usr/local/airflow/dags/data_dag.py
[2023-08-10 08:20:12,550] {scheduler_job.py:1572} INFO - DAG(s) dict_keys(['data_dag']) retrieved from /usr/local/airflow/dags/data_dag.py
[2023-08-10 08:20:12,580] {scheduler_job.py:161} INFO - Processing /usr/local/airflow/dags/data_dag.py took 0.051 seconds
[2023-08-10 08:20:13,505] {logging_mixin.py:112} INFO - [2023-08-10 08:20:13,505] {settings.py:253} INFO - settings.configure_orm(): Using pool settings. pool_size=5, max_overflow=10, pool_recycle=1800, pid=65
[2023-08-10 08:20:13,508] {scheduler_job.py:153} INFO - Started process (PID=65) to work on /usr/local/airflow/dags/data_dag.py
[2023-08-10 08:20:13,511] {scheduler_job.py:1560} INFO - Processing file /usr/local/airflow/dags/data_dag.py for tasks to queue
[2023-08-10 08:20:13,512] {logging_mixin.py:112} INFO - [2023-08-10 08:20:13,512] {dagbag.py:403} INFO - Filling up the DagBag from /usr/local/airflow/dags/data_dag.py
[2023-08-10 08:20:13,531] {scheduler_job.py:1572} INFO - DAG(s) dict_keys(['data_dag']) retrieved from /usr/local/airflow/dags/data_dag.py
[2023-08-10 08:20:13,558] {scheduler_job.py:161} INFO - Processing /usr/local/airflow/dags/data_dag.py took 0.051 seconds
[2023-08-10 08:20:14,510] {logging_mixin.py:112} INFO - [2023-08-10 08:20:14,510] {settings.py:253} INFO - settings.configure_orm(): Using pool settings. pool_size=5, max_overflow=10, pool_recycle=1800, pid=67
[2023-08-10 08:20:14,514] {scheduler_job.py:153} INFO - Started process (PID=67) to work on /usr/local/airflow/dags/data_dag.py
[2023-08-10 08:20:14,516] {scheduler_job.py:1560} INFO - Processing file /usr/local/airflow/dags/data_dag.py for tasks to queue
[2023-08-10 08:20:14,517] {logging_mixin.py:112} INFO - [2023-08-10 08:20:14,517] {dagbag.py:403} INFO - Filling up the DagBag from /usr/local/airflow/dags/data_dag.py
[2023-08-10 08:20:14,532] {scheduler_job.py:1572} INFO - DAG(s) dict_keys(['data_dag']) retrieved from /usr/local/airflow/dags/data_dag.py
[2023-08-10 08:20:14,555] {scheduler_job.py:161} INFO - Processing /usr/local/airflow/dags/data_dag.py took 0.041 seconds
[2023-08-10 08:20:15,516] {logging_mixin.py:112} INFO - [2023-08-10 08:20:15,516] {settings.py:253} INFO - settings.configure_orm(): Using pool settings. pool_size=5, max_overflow=10, pool_recycle=1800, pid=69
[2023-08-10 08:20:15,519] {scheduler_job.py:153} INFO - Started process (PID=69) to work on /usr/local/airflow/dags/data_dag.py
[2023-08-10 08:20:15,522] {scheduler_job.py:1560} INFO - Processing file /usr/local/airflow/dags/data_dag.py for tasks to queue
[2023-08-10 08:20:15,523] {logging_mixin.py:112} INFO - [2023-08-10 08:20:15,523] {dagbag.py:403} INFO - Filling up the DagBag from /usr/local/airflow/dags/data_dag.py
[2023-08-10 08:20:15,539] {scheduler_job.py:1572} INFO - DAG(s) dict_keys(['data_dag']) retrieved from /usr/local/airflow/dags/data_dag.py
[2023-08-10 08:20:15,563] {scheduler_job.py:161} INFO - Processing /usr/local/airflow/dags/data_dag.py took 0.044 seconds
[2023-08-10 08:20:16,525] {logging_mixin.py:112} INFO - [2023-08-10 08:20:16,525] {settings.py:253} INFO - settings.configure_orm(): Using pool settings. pool_size=5, max_overflow=10, pool_recycle=1800, pid=71
[2023-08-10 08:20:16,529] {scheduler_job.py:153} INFO - Started process (PID=71) to work on /usr/local/airflow/dags/data_dag.py
[2023-08-10 08:20:16,533] {scheduler_job.py:1560} INFO - Processing file /usr/local/airflow/dags/data_dag.py for tasks to queue
[2023-08-10 08:20:16,533] {logging_mixin.py:112} INFO - [2023-08-10 08:20:16,533] {dagbag.py:403} INFO - Filling up the DagBag from /usr/local/airflow/dags/data_dag.py
[2023-08-10 08:20:16,552] {scheduler_job.py:1572} INFO - DAG(s) dict_keys(['data_dag']) retrieved from /usr/local/airflow/dags/data_dag.py
[2023-08-10 08:20:16,583] {scheduler_job.py:161} INFO - Processing /usr/local/airflow/dags/data_dag.py took 0.054 seconds
[2023-08-10 08:20:17,530] {logging_mixin.py:112} INFO - [2023-08-10 08:20:17,530] {settings.py:253} INFO - settings.configure_orm(): Using pool settings. pool_size=5, max_overflow=10, pool_recycle=1800, pid=73
[2023-08-10 08:20:17,533] {scheduler_job.py:153} INFO - Started process (PID=73) to work on /usr/local/airflow/dags/data_dag.py
[2023-08-10 08:20:17,536] {scheduler_job.py:1560} INFO - Processing file /usr/local/airflow/dags/data_dag.py for tasks to queue
[2023-08-10 08:20:17,537] {logging_mixin.py:112} INFO - [2023-08-10 08:20:17,536] {dagbag.py:403} INFO - Filling up the DagBag from /usr/local/airflow/dags/data_dag.py
[2023-08-10 08:20:17,553] {scheduler_job.py:1572} INFO - DAG(s) dict_keys(['data_dag']) retrieved from /usr/local/airflow/dags/data_dag.py
[2023-08-10 08:20:17,576] {scheduler_job.py:161} INFO - Processing /usr/local/airflow/dags/data_dag.py took 0.043 seconds
[2023-08-10 08:20:18,548] {logging_mixin.py:112} INFO - [2023-08-10 08:20:18,548] {settings.py:253} INFO - settings.configure_orm(): Using pool settings. pool_size=5, max_overflow=10, pool_recycle=1800, pid=75
[2023-08-10 08:20:18,552] {scheduler_job.py:153} INFO - Started process (PID=75) to work on /usr/local/airflow/dags/data_dag.py
[2023-08-10 08:20:18,555] {scheduler_job.py:1560} INFO - Processing file /usr/local/airflow/dags/data_dag.py for tasks to queue
[2023-08-10 08:20:18,556] {logging_mixin.py:112} INFO - [2023-08-10 08:20:18,556] {dagbag.py:403} INFO - Filling up the DagBag from /usr/local/airflow/dags/data_dag.py
[2023-08-10 08:20:18,578] {scheduler_job.py:1572} INFO - DAG(s) dict_keys(['data_dag']) retrieved from /usr/local/airflow/dags/data_dag.py
[2023-08-10 08:20:18,613] {scheduler_job.py:161} INFO - Processing /usr/local/airflow/dags/data_dag.py took 0.061 seconds
[2023-08-10 08:20:19,547] {logging_mixin.py:112} INFO - [2023-08-10 08:20:19,547] {settings.py:253} INFO - settings.configure_orm(): Using pool settings. pool_size=5, max_overflow=10, pool_recycle=1800, pid=77
[2023-08-10 08:20:19,551] {scheduler_job.py:153} INFO - Started process (PID=77) to work on /usr/local/airflow/dags/data_dag.py
[2023-08-10 08:20:19,553] {scheduler_job.py:1560} INFO - Processing file /usr/local/airflow/dags/data_dag.py for tasks to queue
[2023-08-10 08:20:19,554] {logging_mixin.py:112} INFO - [2023-08-10 08:20:19,554] {dagbag.py:403} INFO - Filling up the DagBag from /usr/local/airflow/dags/data_dag.py
[2023-08-10 08:20:19,569] {scheduler_job.py:1572} INFO - DAG(s) dict_keys(['data_dag']) retrieved from /usr/local/airflow/dags/data_dag.py
[2023-08-10 08:20:19,594] {scheduler_job.py:161} INFO - Processing /usr/local/airflow/dags/data_dag.py took 0.043 seconds
[2023-08-10 08:20:20,554] {logging_mixin.py:112} INFO - [2023-08-10 08:20:20,554] {settings.py:253} INFO - settings.configure_orm(): Using pool settings. pool_size=5, max_overflow=10, pool_recycle=1800, pid=79
[2023-08-10 08:20:20,557] {scheduler_job.py:153} INFO - Started process (PID=79) to work on /usr/local/airflow/dags/data_dag.py
[2023-08-10 08:20:20,559] {scheduler_job.py:1560} INFO - Processing file /usr/local/airflow/dags/data_dag.py for tasks to queue
[2023-08-10 08:20:20,560] {logging_mixin.py:112} INFO - [2023-08-10 08:20:20,560] {dagbag.py:403} INFO - Filling up the DagBag from /usr/local/airflow/dags/data_dag.py
[2023-08-10 08:20:20,577] {scheduler_job.py:1572} INFO - DAG(s) dict_keys(['data_dag']) retrieved from /usr/local/airflow/dags/data_dag.py
[2023-08-10 08:20:20,622] {scheduler_job.py:161} INFO - Processing /usr/local/airflow/dags/data_dag.py took 0.065 seconds
[2023-08-10 08:20:21,567] {logging_mixin.py:112} INFO - [2023-08-10 08:20:21,567] {settings.py:253} INFO - settings.configure_orm(): Using pool settings. pool_size=5, max_overflow=10, pool_recycle=1800, pid=81
[2023-08-10 08:20:21,570] {scheduler_job.py:153} INFO - Started process (PID=81) to work on /usr/local/airflow/dags/data_dag.py
[2023-08-10 08:20:21,573] {scheduler_job.py:1560} INFO - Processing file /usr/local/airflow/dags/data_dag.py for tasks to queue
[2023-08-10 08:20:21,574] {logging_mixin.py:112} INFO - [2023-08-10 08:20:21,573] {dagbag.py:403} INFO - Filling up the DagBag from /usr/local/airflow/dags/data_dag.py
[2023-08-10 08:20:21,595] {scheduler_job.py:1572} INFO - DAG(s) dict_keys(['data_dag']) retrieved from /usr/local/airflow/dags/data_dag.py
[2023-08-10 08:20:21,633] {scheduler_job.py:161} INFO - Processing /usr/local/airflow/dags/data_dag.py took 0.063 seconds
[2023-08-10 08:20:22,575] {logging_mixin.py:112} INFO - [2023-08-10 08:20:22,575] {settings.py:253} INFO - settings.configure_orm(): Using pool settings. pool_size=5, max_overflow=10, pool_recycle=1800, pid=83
[2023-08-10 08:20:22,577] {scheduler_job.py:153} INFO - Started process (PID=83) to work on /usr/local/airflow/dags/data_dag.py
[2023-08-10 08:20:22,580] {scheduler_job.py:1560} INFO - Processing file /usr/local/airflow/dags/data_dag.py for tasks to queue
[2023-08-10 08:20:22,581] {logging_mixin.py:112} INFO - [2023-08-10 08:20:22,581] {dagbag.py:403} INFO - Filling up the DagBag from /usr/local/airflow/dags/data_dag.py
[2023-08-10 08:20:22,598] {scheduler_job.py:1572} INFO - DAG(s) dict_keys(['data_dag']) retrieved from /usr/local/airflow/dags/data_dag.py
[2023-08-10 08:20:22,676] {scheduler_job.py:161} INFO - Processing /usr/local/airflow/dags/data_dag.py took 0.099 seconds
[2023-08-10 08:20:23,582] {logging_mixin.py:112} INFO - [2023-08-10 08:20:23,582] {settings.py:253} INFO - settings.configure_orm(): Using pool settings. pool_size=5, max_overflow=10, pool_recycle=1800, pid=85
[2023-08-10 08:20:23,586] {scheduler_job.py:153} INFO - Started process (PID=85) to work on /usr/local/airflow/dags/data_dag.py
[2023-08-10 08:20:23,589] {scheduler_job.py:1560} INFO - Processing file /usr/local/airflow/dags/data_dag.py for tasks to queue
[2023-08-10 08:20:23,590] {logging_mixin.py:112} INFO - [2023-08-10 08:20:23,590] {dagbag.py:403} INFO - Filling up the DagBag from /usr/local/airflow/dags/data_dag.py
[2023-08-10 08:20:23,606] {scheduler_job.py:1572} INFO - DAG(s) dict_keys(['data_dag']) retrieved from /usr/local/airflow/dags/data_dag.py
[2023-08-10 08:20:23,637] {scheduler_job.py:161} INFO - Processing /usr/local/airflow/dags/data_dag.py took 0.051 seconds
[2023-08-10 08:20:24,596] {logging_mixin.py:112} INFO - [2023-08-10 08:20:24,596] {settings.py:253} INFO - settings.configure_orm(): Using pool settings. pool_size=5, max_overflow=10, pool_recycle=1800, pid=87
[2023-08-10 08:20:24,602] {scheduler_job.py:153} INFO - Started process (PID=87) to work on /usr/local/airflow/dags/data_dag.py
[2023-08-10 08:20:24,609] {scheduler_job.py:1560} INFO - Processing file /usr/local/airflow/dags/data_dag.py for tasks to queue
[2023-08-10 08:20:24,610] {logging_mixin.py:112} INFO - [2023-08-10 08:20:24,610] {dagbag.py:403} INFO - Filling up the DagBag from /usr/local/airflow/dags/data_dag.py
[2023-08-10 08:20:24,633] {scheduler_job.py:1572} INFO - DAG(s) dict_keys(['data_dag']) retrieved from /usr/local/airflow/dags/data_dag.py
[2023-08-10 08:20:24,686] {scheduler_job.py:161} INFO - Processing /usr/local/airflow/dags/data_dag.py took 0.084 seconds
[2023-08-10 08:20:25,611] {logging_mixin.py:112} INFO - [2023-08-10 08:20:25,611] {settings.py:253} INFO - settings.configure_orm(): Using pool settings. pool_size=5, max_overflow=10, pool_recycle=1800, pid=89
[2023-08-10 08:20:25,614] {scheduler_job.py:153} INFO - Started process (PID=89) to work on /usr/local/airflow/dags/data_dag.py
[2023-08-10 08:20:25,620] {scheduler_job.py:1560} INFO - Processing file /usr/local/airflow/dags/data_dag.py for tasks to queue
[2023-08-10 08:20:25,622] {logging_mixin.py:112} INFO - [2023-08-10 08:20:25,622] {dagbag.py:403} INFO - Filling up the DagBag from /usr/local/airflow/dags/data_dag.py
[2023-08-10 08:20:25,650] {scheduler_job.py:1572} INFO - DAG(s) dict_keys(['data_dag']) retrieved from /usr/local/airflow/dags/data_dag.py
[2023-08-10 08:20:25,723] {scheduler_job.py:161} INFO - Processing /usr/local/airflow/dags/data_dag.py took 0.109 seconds
[2023-08-10 08:20:26,611] {logging_mixin.py:112} INFO - [2023-08-10 08:20:26,610] {settings.py:253} INFO - settings.configure_orm(): Using pool settings. pool_size=5, max_overflow=10, pool_recycle=1800, pid=91
[2023-08-10 08:20:26,613] {scheduler_job.py:153} INFO - Started process (PID=91) to work on /usr/local/airflow/dags/data_dag.py
[2023-08-10 08:20:26,615] {scheduler_job.py:1560} INFO - Processing file /usr/local/airflow/dags/data_dag.py for tasks to queue
[2023-08-10 08:20:26,615] {logging_mixin.py:112} INFO - [2023-08-10 08:20:26,615] {dagbag.py:403} INFO - Filling up the DagBag from /usr/local/airflow/dags/data_dag.py
[2023-08-10 08:20:26,631] {scheduler_job.py:1572} INFO - DAG(s) dict_keys(['data_dag']) retrieved from /usr/local/airflow/dags/data_dag.py
[2023-08-10 08:20:26,734] {scheduler_job.py:161} INFO - Processing /usr/local/airflow/dags/data_dag.py took 0.122 seconds
[2023-08-10 08:20:27,619] {logging_mixin.py:112} INFO - [2023-08-10 08:20:27,619] {settings.py:253} INFO - settings.configure_orm(): Using pool settings. pool_size=5, max_overflow=10, pool_recycle=1800, pid=93
[2023-08-10 08:20:27,622] {scheduler_job.py:153} INFO - Started process (PID=93) to work on /usr/local/airflow/dags/data_dag.py
[2023-08-10 08:20:27,625] {scheduler_job.py:1560} INFO - Processing file /usr/local/airflow/dags/data_dag.py for tasks to queue
[2023-08-10 08:20:27,626] {logging_mixin.py:112} INFO - [2023-08-10 08:20:27,626] {dagbag.py:403} INFO - Filling up the DagBag from /usr/local/airflow/dags/data_dag.py
[2023-08-10 08:20:27,642] {scheduler_job.py:1572} INFO - DAG(s) dict_keys(['data_dag']) retrieved from /usr/local/airflow/dags/data_dag.py
[2023-08-10 08:20:27,674] {scheduler_job.py:161} INFO - Processing /usr/local/airflow/dags/data_dag.py took 0.051 seconds
[2023-08-10 08:20:28,627] {logging_mixin.py:112} INFO - [2023-08-10 08:20:28,627] {settings.py:253} INFO - settings.configure_orm(): Using pool settings. pool_size=5, max_overflow=10, pool_recycle=1800, pid=95
[2023-08-10 08:20:28,630] {scheduler_job.py:153} INFO - Started process (PID=95) to work on /usr/local/airflow/dags/data_dag.py
[2023-08-10 08:20:28,634] {scheduler_job.py:1560} INFO - Processing file /usr/local/airflow/dags/data_dag.py for tasks to queue
[2023-08-10 08:20:28,634] {logging_mixin.py:112} INFO - [2023-08-10 08:20:28,634] {dagbag.py:403} INFO - Filling up the DagBag from /usr/local/airflow/dags/data_dag.py
[2023-08-10 08:20:28,649] {scheduler_job.py:1572} INFO - DAG(s) dict_keys(['data_dag']) retrieved from /usr/local/airflow/dags/data_dag.py
[2023-08-10 08:20:28,677] {scheduler_job.py:161} INFO - Processing /usr/local/airflow/dags/data_dag.py took 0.047 seconds
[2023-08-10 08:20:29,635] {logging_mixin.py:112} INFO - [2023-08-10 08:20:29,635] {settings.py:253} INFO - settings.configure_orm(): Using pool settings. pool_size=5, max_overflow=10, pool_recycle=1800, pid=97
[2023-08-10 08:20:29,639] {scheduler_job.py:153} INFO - Started process (PID=97) to work on /usr/local/airflow/dags/data_dag.py
[2023-08-10 08:20:29,642] {scheduler_job.py:1560} INFO - Processing file /usr/local/airflow/dags/data_dag.py for tasks to queue
[2023-08-10 08:20:29,643] {logging_mixin.py:112} INFO - [2023-08-10 08:20:29,643] {dagbag.py:403} INFO - Filling up the DagBag from /usr/local/airflow/dags/data_dag.py
[2023-08-10 08:20:29,660] {scheduler_job.py:1572} INFO - DAG(s) dict_keys(['data_dag']) retrieved from /usr/local/airflow/dags/data_dag.py
[2023-08-10 08:20:29,691] {scheduler_job.py:161} INFO - Processing /usr/local/airflow/dags/data_dag.py took 0.052 seconds
[2023-08-10 08:20:30,644] {logging_mixin.py:112} INFO - [2023-08-10 08:20:30,644] {settings.py:253} INFO - settings.configure_orm(): Using pool settings. pool_size=5, max_overflow=10, pool_recycle=1800, pid=99
[2023-08-10 08:20:30,647] {scheduler_job.py:153} INFO - Started process (PID=99) to work on /usr/local/airflow/dags/data_dag.py
[2023-08-10 08:20:30,650] {scheduler_job.py:1560} INFO - Processing file /usr/local/airflow/dags/data_dag.py for tasks to queue
[2023-08-10 08:20:30,651] {logging_mixin.py:112} INFO - [2023-08-10 08:20:30,651] {dagbag.py:403} INFO - Filling up the DagBag from /usr/local/airflow/dags/data_dag.py
[2023-08-10 08:20:30,667] {scheduler_job.py:1572} INFO - DAG(s) dict_keys(['data_dag']) retrieved from /usr/local/airflow/dags/data_dag.py
[2023-08-10 08:20:30,692] {scheduler_job.py:161} INFO - Processing /usr/local/airflow/dags/data_dag.py took 0.044 seconds
[2023-08-10 08:20:31,653] {logging_mixin.py:112} INFO - [2023-08-10 08:20:31,652] {settings.py:253} INFO - settings.configure_orm(): Using pool settings. pool_size=5, max_overflow=10, pool_recycle=1800, pid=101
[2023-08-10 08:20:31,656] {scheduler_job.py:153} INFO - Started process (PID=101) to work on /usr/local/airflow/dags/data_dag.py
[2023-08-10 08:20:31,658] {scheduler_job.py:1560} INFO - Processing file /usr/local/airflow/dags/data_dag.py for tasks to queue
[2023-08-10 08:20:31,659] {logging_mixin.py:112} INFO - [2023-08-10 08:20:31,659] {dagbag.py:403} INFO - Filling up the DagBag from /usr/local/airflow/dags/data_dag.py
[2023-08-10 08:20:31,676] {scheduler_job.py:1572} INFO - DAG(s) dict_keys(['data_dag']) retrieved from /usr/local/airflow/dags/data_dag.py
[2023-08-10 08:20:31,705] {scheduler_job.py:161} INFO - Processing /usr/local/airflow/dags/data_dag.py took 0.049 seconds
[2023-08-10 08:20:32,664] {logging_mixin.py:112} INFO - [2023-08-10 08:20:32,664] {settings.py:253} INFO - settings.configure_orm(): Using pool settings. pool_size=5, max_overflow=10, pool_recycle=1800, pid=103
[2023-08-10 08:20:32,667] {scheduler_job.py:153} INFO - Started process (PID=103) to work on /usr/local/airflow/dags/data_dag.py
[2023-08-10 08:20:32,672] {scheduler_job.py:1560} INFO - Processing file /usr/local/airflow/dags/data_dag.py for tasks to queue
[2023-08-10 08:20:32,672] {logging_mixin.py:112} INFO - [2023-08-10 08:20:32,672] {dagbag.py:403} INFO - Filling up the DagBag from /usr/local/airflow/dags/data_dag.py
[2023-08-10 08:20:32,689] {scheduler_job.py:1572} INFO - DAG(s) dict_keys(['data_dag']) retrieved from /usr/local/airflow/dags/data_dag.py
[2023-08-10 08:20:32,715] {scheduler_job.py:161} INFO - Processing /usr/local/airflow/dags/data_dag.py took 0.047 seconds
[2023-08-10 08:20:33,672] {logging_mixin.py:112} INFO - [2023-08-10 08:20:33,672] {settings.py:253} INFO - settings.configure_orm(): Using pool settings. pool_size=5, max_overflow=10, pool_recycle=1800, pid=105
[2023-08-10 08:20:33,675] {scheduler_job.py:153} INFO - Started process (PID=105) to work on /usr/local/airflow/dags/data_dag.py
[2023-08-10 08:20:33,678] {scheduler_job.py:1560} INFO - Processing file /usr/local/airflow/dags/data_dag.py for tasks to queue
[2023-08-10 08:20:33,679] {logging_mixin.py:112} INFO - [2023-08-10 08:20:33,679] {dagbag.py:403} INFO - Filling up the DagBag from /usr/local/airflow/dags/data_dag.py
[2023-08-10 08:20:33,695] {scheduler_job.py:1572} INFO - DAG(s) dict_keys(['data_dag']) retrieved from /usr/local/airflow/dags/data_dag.py
[2023-08-10 08:20:33,725] {scheduler_job.py:161} INFO - Processing /usr/local/airflow/dags/data_dag.py took 0.049 seconds
[2023-08-10 08:20:34,681] {logging_mixin.py:112} INFO - [2023-08-10 08:20:34,681] {settings.py:253} INFO - settings.configure_orm(): Using pool settings. pool_size=5, max_overflow=10, pool_recycle=1800, pid=107
[2023-08-10 08:20:34,684] {scheduler_job.py:153} INFO - Started process (PID=107) to work on /usr/local/airflow/dags/data_dag.py
[2023-08-10 08:20:34,689] {scheduler_job.py:1560} INFO - Processing file /usr/local/airflow/dags/data_dag.py for tasks to queue
[2023-08-10 08:20:34,689] {logging_mixin.py:112} INFO - [2023-08-10 08:20:34,689] {dagbag.py:403} INFO - Filling up the DagBag from /usr/local/airflow/dags/data_dag.py
[2023-08-10 08:20:34,708] {scheduler_job.py:1572} INFO - DAG(s) dict_keys(['data_dag']) retrieved from /usr/local/airflow/dags/data_dag.py
[2023-08-10 08:20:34,738] {scheduler_job.py:161} INFO - Processing /usr/local/airflow/dags/data_dag.py took 0.054 seconds
[2023-08-10 08:20:35,691] {logging_mixin.py:112} INFO - [2023-08-10 08:20:35,691] {settings.py:253} INFO - settings.configure_orm(): Using pool settings. pool_size=5, max_overflow=10, pool_recycle=1800, pid=109
[2023-08-10 08:20:35,695] {scheduler_job.py:153} INFO - Started process (PID=109) to work on /usr/local/airflow/dags/data_dag.py
[2023-08-10 08:20:35,698] {scheduler_job.py:1560} INFO - Processing file /usr/local/airflow/dags/data_dag.py for tasks to queue
[2023-08-10 08:20:35,698] {logging_mixin.py:112} INFO - [2023-08-10 08:20:35,698] {dagbag.py:403} INFO - Filling up the DagBag from /usr/local/airflow/dags/data_dag.py
[2023-08-10 08:20:35,714] {scheduler_job.py:1572} INFO - DAG(s) dict_keys(['data_dag']) retrieved from /usr/local/airflow/dags/data_dag.py
[2023-08-10 08:20:35,738] {scheduler_job.py:161} INFO - Processing /usr/local/airflow/dags/data_dag.py took 0.044 seconds
[2023-08-10 08:20:36,703] {logging_mixin.py:112} INFO - [2023-08-10 08:20:36,702] {settings.py:253} INFO - settings.configure_orm(): Using pool settings. pool_size=5, max_overflow=10, pool_recycle=1800, pid=111
[2023-08-10 08:20:36,705] {scheduler_job.py:153} INFO - Started process (PID=111) to work on /usr/local/airflow/dags/data_dag.py
[2023-08-10 08:20:36,709] {scheduler_job.py:1560} INFO - Processing file /usr/local/airflow/dags/data_dag.py for tasks to queue
[2023-08-10 08:20:36,710] {logging_mixin.py:112} INFO - [2023-08-10 08:20:36,709] {dagbag.py:403} INFO - Filling up the DagBag from /usr/local/airflow/dags/data_dag.py
[2023-08-10 08:20:36,726] {scheduler_job.py:1572} INFO - DAG(s) dict_keys(['data_dag']) retrieved from /usr/local/airflow/dags/data_dag.py
[2023-08-10 08:20:36,753] {scheduler_job.py:161} INFO - Processing /usr/local/airflow/dags/data_dag.py took 0.047 seconds
[2023-08-10 08:20:37,709] {logging_mixin.py:112} INFO - [2023-08-10 08:20:37,709] {settings.py:253} INFO - settings.configure_orm(): Using pool settings. pool_size=5, max_overflow=10, pool_recycle=1800, pid=113
[2023-08-10 08:20:37,711] {scheduler_job.py:153} INFO - Started process (PID=113) to work on /usr/local/airflow/dags/data_dag.py
[2023-08-10 08:20:37,713] {scheduler_job.py:1560} INFO - Processing file /usr/local/airflow/dags/data_dag.py for tasks to queue
[2023-08-10 08:20:37,713] {logging_mixin.py:112} INFO - [2023-08-10 08:20:37,713] {dagbag.py:403} INFO - Filling up the DagBag from /usr/local/airflow/dags/data_dag.py
[2023-08-10 08:20:37,727] {scheduler_job.py:1572} INFO - DAG(s) dict_keys(['data_dag']) retrieved from /usr/local/airflow/dags/data_dag.py
[2023-08-10 08:20:37,784] {scheduler_job.py:161} INFO - Processing /usr/local/airflow/dags/data_dag.py took 0.073 seconds
[2023-08-10 08:20:38,715] {logging_mixin.py:112} INFO - [2023-08-10 08:20:38,715] {settings.py:253} INFO - settings.configure_orm(): Using pool settings. pool_size=5, max_overflow=10, pool_recycle=1800, pid=115
[2023-08-10 08:20:38,717] {scheduler_job.py:153} INFO - Started process (PID=115) to work on /usr/local/airflow/dags/data_dag.py
[2023-08-10 08:20:38,720] {scheduler_job.py:1560} INFO - Processing file /usr/local/airflow/dags/data_dag.py for tasks to queue
[2023-08-10 08:20:38,720] {logging_mixin.py:112} INFO - [2023-08-10 08:20:38,720] {dagbag.py:403} INFO - Filling up the DagBag from /usr/local/airflow/dags/data_dag.py
[2023-08-10 08:20:38,734] {scheduler_job.py:1572} INFO - DAG(s) dict_keys(['data_dag']) retrieved from /usr/local/airflow/dags/data_dag.py
[2023-08-10 08:20:38,859] {scheduler_job.py:161} INFO - Processing /usr/local/airflow/dags/data_dag.py took 0.142 seconds
[2023-08-10 08:20:39,720] {logging_mixin.py:112} INFO - [2023-08-10 08:20:39,720] {settings.py:253} INFO - settings.configure_orm(): Using pool settings. pool_size=5, max_overflow=10, pool_recycle=1800, pid=117
[2023-08-10 08:20:39,722] {scheduler_job.py:153} INFO - Started process (PID=117) to work on /usr/local/airflow/dags/data_dag.py
[2023-08-10 08:20:39,725] {scheduler_job.py:1560} INFO - Processing file /usr/local/airflow/dags/data_dag.py for tasks to queue
[2023-08-10 08:20:39,725] {logging_mixin.py:112} INFO - [2023-08-10 08:20:39,725] {dagbag.py:403} INFO - Filling up the DagBag from /usr/local/airflow/dags/data_dag.py
[2023-08-10 08:20:39,740] {scheduler_job.py:1572} INFO - DAG(s) dict_keys(['data_dag']) retrieved from /usr/local/airflow/dags/data_dag.py
[2023-08-10 08:20:39,761] {scheduler_job.py:161} INFO - Processing /usr/local/airflow/dags/data_dag.py took 0.039 seconds
[2023-08-10 08:20:40,726] {logging_mixin.py:112} INFO - [2023-08-10 08:20:40,726] {settings.py:253} INFO - settings.configure_orm(): Using pool settings. pool_size=5, max_overflow=10, pool_recycle=1800, pid=119
[2023-08-10 08:20:40,728] {scheduler_job.py:153} INFO - Started process (PID=119) to work on /usr/local/airflow/dags/data_dag.py
[2023-08-10 08:20:40,731] {scheduler_job.py:1560} INFO - Processing file /usr/local/airflow/dags/data_dag.py for tasks to queue
[2023-08-10 08:20:40,731] {logging_mixin.py:112} INFO - [2023-08-10 08:20:40,731] {dagbag.py:403} INFO - Filling up the DagBag from /usr/local/airflow/dags/data_dag.py
[2023-08-10 08:20:40,746] {scheduler_job.py:1572} INFO - DAG(s) dict_keys(['data_dag']) retrieved from /usr/local/airflow/dags/data_dag.py
[2023-08-10 08:20:40,771] {scheduler_job.py:161} INFO - Processing /usr/local/airflow/dags/data_dag.py took 0.043 seconds
[2023-08-10 08:20:41,737] {logging_mixin.py:112} INFO - [2023-08-10 08:20:41,737] {settings.py:253} INFO - settings.configure_orm(): Using pool settings. pool_size=5, max_overflow=10, pool_recycle=1800, pid=121
[2023-08-10 08:20:41,741] {scheduler_job.py:153} INFO - Started process (PID=121) to work on /usr/local/airflow/dags/data_dag.py
[2023-08-10 08:20:41,746] {scheduler_job.py:1560} INFO - Processing file /usr/local/airflow/dags/data_dag.py for tasks to queue
[2023-08-10 08:20:41,747] {logging_mixin.py:112} INFO - [2023-08-10 08:20:41,747] {dagbag.py:403} INFO - Filling up the DagBag from /usr/local/airflow/dags/data_dag.py
[2023-08-10 08:20:41,766] {scheduler_job.py:1572} INFO - DAG(s) dict_keys(['data_dag']) retrieved from /usr/local/airflow/dags/data_dag.py
[2023-08-10 08:20:41,829] {scheduler_job.py:161} INFO - Processing /usr/local/airflow/dags/data_dag.py took 0.087 seconds
[2023-08-10 08:20:42,748] {logging_mixin.py:112} INFO - [2023-08-10 08:20:42,748] {settings.py:253} INFO - settings.configure_orm(): Using pool settings. pool_size=5, max_overflow=10, pool_recycle=1800, pid=123
[2023-08-10 08:20:42,752] {scheduler_job.py:153} INFO - Started process (PID=123) to work on /usr/local/airflow/dags/data_dag.py
[2023-08-10 08:20:42,755] {scheduler_job.py:1560} INFO - Processing file /usr/local/airflow/dags/data_dag.py for tasks to queue
[2023-08-10 08:20:42,756] {logging_mixin.py:112} INFO - [2023-08-10 08:20:42,756] {dagbag.py:403} INFO - Filling up the DagBag from /usr/local/airflow/dags/data_dag.py
[2023-08-10 08:20:42,772] {scheduler_job.py:1572} INFO - DAG(s) dict_keys(['data_dag']) retrieved from /usr/local/airflow/dags/data_dag.py
[2023-08-10 08:20:42,803] {scheduler_job.py:161} INFO - Processing /usr/local/airflow/dags/data_dag.py took 0.051 seconds
[2023-08-10 08:20:43,755] {logging_mixin.py:112} INFO - [2023-08-10 08:20:43,755] {settings.py:253} INFO - settings.configure_orm(): Using pool settings. pool_size=5, max_overflow=10, pool_recycle=1800, pid=125
[2023-08-10 08:20:43,759] {scheduler_job.py:153} INFO - Started process (PID=125) to work on /usr/local/airflow/dags/data_dag.py
[2023-08-10 08:20:43,762] {scheduler_job.py:1560} INFO - Processing file /usr/local/airflow/dags/data_dag.py for tasks to queue
[2023-08-10 08:20:43,762] {logging_mixin.py:112} INFO - [2023-08-10 08:20:43,762] {dagbag.py:403} INFO - Filling up the DagBag from /usr/local/airflow/dags/data_dag.py
[2023-08-10 08:20:43,780] {scheduler_job.py:1572} INFO - DAG(s) dict_keys(['data_dag']) retrieved from /usr/local/airflow/dags/data_dag.py
[2023-08-10 08:20:43,817] {scheduler_job.py:161} INFO - Processing /usr/local/airflow/dags/data_dag.py took 0.059 seconds
[2023-08-10 08:20:44,763] {logging_mixin.py:112} INFO - [2023-08-10 08:20:44,763] {settings.py:253} INFO - settings.configure_orm(): Using pool settings. pool_size=5, max_overflow=10, pool_recycle=1800, pid=127
[2023-08-10 08:20:44,765] {scheduler_job.py:153} INFO - Started process (PID=127) to work on /usr/local/airflow/dags/data_dag.py
[2023-08-10 08:20:44,768] {scheduler_job.py:1560} INFO - Processing file /usr/local/airflow/dags/data_dag.py for tasks to queue
[2023-08-10 08:20:44,769] {logging_mixin.py:112} INFO - [2023-08-10 08:20:44,769] {dagbag.py:403} INFO - Filling up the DagBag from /usr/local/airflow/dags/data_dag.py
[2023-08-10 08:20:44,783] {scheduler_job.py:1572} INFO - DAG(s) dict_keys(['data_dag']) retrieved from /usr/local/airflow/dags/data_dag.py
[2023-08-10 08:20:44,860] {scheduler_job.py:161} INFO - Processing /usr/local/airflow/dags/data_dag.py took 0.094 seconds
[2023-08-10 08:20:45,771] {logging_mixin.py:112} INFO - [2023-08-10 08:20:45,771] {settings.py:253} INFO - settings.configure_orm(): Using pool settings. pool_size=5, max_overflow=10, pool_recycle=1800, pid=129
[2023-08-10 08:20:45,774] {scheduler_job.py:153} INFO - Started process (PID=129) to work on /usr/local/airflow/dags/data_dag.py
[2023-08-10 08:20:45,776] {scheduler_job.py:1560} INFO - Processing file /usr/local/airflow/dags/data_dag.py for tasks to queue
[2023-08-10 08:20:45,776] {logging_mixin.py:112} INFO - [2023-08-10 08:20:45,776] {dagbag.py:403} INFO - Filling up the DagBag from /usr/local/airflow/dags/data_dag.py
[2023-08-10 08:20:45,791] {scheduler_job.py:1572} INFO - DAG(s) dict_keys(['data_dag']) retrieved from /usr/local/airflow/dags/data_dag.py
[2023-08-10 08:20:45,847] {scheduler_job.py:161} INFO - Processing /usr/local/airflow/dags/data_dag.py took 0.074 seconds
[2023-08-10 08:20:46,782] {logging_mixin.py:112} INFO - [2023-08-10 08:20:46,782] {settings.py:253} INFO - settings.configure_orm(): Using pool settings. pool_size=5, max_overflow=10, pool_recycle=1800, pid=131
[2023-08-10 08:20:46,785] {scheduler_job.py:153} INFO - Started process (PID=131) to work on /usr/local/airflow/dags/data_dag.py
[2023-08-10 08:20:46,787] {scheduler_job.py:1560} INFO - Processing file /usr/local/airflow/dags/data_dag.py for tasks to queue
[2023-08-10 08:20:46,787] {logging_mixin.py:112} INFO - [2023-08-10 08:20:46,787] {dagbag.py:403} INFO - Filling up the DagBag from /usr/local/airflow/dags/data_dag.py
[2023-08-10 08:20:46,802] {scheduler_job.py:1572} INFO - DAG(s) dict_keys(['data_dag']) retrieved from /usr/local/airflow/dags/data_dag.py
[2023-08-10 08:20:46,874] {scheduler_job.py:161} INFO - Processing /usr/local/airflow/dags/data_dag.py took 0.090 seconds
[2023-08-10 08:20:47,789] {logging_mixin.py:112} INFO - [2023-08-10 08:20:47,789] {settings.py:253} INFO - settings.configure_orm(): Using pool settings. pool_size=5, max_overflow=10, pool_recycle=1800, pid=133
[2023-08-10 08:20:47,792] {scheduler_job.py:153} INFO - Started process (PID=133) to work on /usr/local/airflow/dags/data_dag.py
[2023-08-10 08:20:47,794] {scheduler_job.py:1560} INFO - Processing file /usr/local/airflow/dags/data_dag.py for tasks to queue
[2023-08-10 08:20:47,795] {logging_mixin.py:112} INFO - [2023-08-10 08:20:47,795] {dagbag.py:403} INFO - Filling up the DagBag from /usr/local/airflow/dags/data_dag.py
[2023-08-10 08:20:47,810] {scheduler_job.py:1572} INFO - DAG(s) dict_keys(['data_dag']) retrieved from /usr/local/airflow/dags/data_dag.py
[2023-08-10 08:20:47,835] {scheduler_job.py:161} INFO - Processing /usr/local/airflow/dags/data_dag.py took 0.043 seconds
[2023-08-10 08:20:48,796] {logging_mixin.py:112} INFO - [2023-08-10 08:20:48,796] {settings.py:253} INFO - settings.configure_orm(): Using pool settings. pool_size=5, max_overflow=10, pool_recycle=1800, pid=135
[2023-08-10 08:20:48,798] {scheduler_job.py:153} INFO - Started process (PID=135) to work on /usr/local/airflow/dags/data_dag.py
[2023-08-10 08:20:48,801] {scheduler_job.py:1560} INFO - Processing file /usr/local/airflow/dags/data_dag.py for tasks to queue
[2023-08-10 08:20:48,802] {logging_mixin.py:112} INFO - [2023-08-10 08:20:48,802] {dagbag.py:403} INFO - Filling up the DagBag from /usr/local/airflow/dags/data_dag.py
[2023-08-10 08:20:48,828] {scheduler_job.py:1572} INFO - DAG(s) dict_keys(['data_dag']) retrieved from /usr/local/airflow/dags/data_dag.py
[2023-08-10 08:20:48,879] {scheduler_job.py:161} INFO - Processing /usr/local/airflow/dags/data_dag.py took 0.081 seconds
[2023-08-10 08:20:49,803] {logging_mixin.py:112} INFO - [2023-08-10 08:20:49,803] {settings.py:253} INFO - settings.configure_orm(): Using pool settings. pool_size=5, max_overflow=10, pool_recycle=1800, pid=137
[2023-08-10 08:20:49,806] {scheduler_job.py:153} INFO - Started process (PID=137) to work on /usr/local/airflow/dags/data_dag.py
[2023-08-10 08:20:49,808] {scheduler_job.py:1560} INFO - Processing file /usr/local/airflow/dags/data_dag.py for tasks to queue
[2023-08-10 08:20:49,809] {logging_mixin.py:112} INFO - [2023-08-10 08:20:49,809] {dagbag.py:403} INFO - Filling up the DagBag from /usr/local/airflow/dags/data_dag.py
[2023-08-10 08:20:49,823] {scheduler_job.py:1572} INFO - DAG(s) dict_keys(['data_dag']) retrieved from /usr/local/airflow/dags/data_dag.py
[2023-08-10 08:20:49,847] {scheduler_job.py:161} INFO - Processing /usr/local/airflow/dags/data_dag.py took 0.041 seconds
[2023-08-10 08:20:50,809] {logging_mixin.py:112} INFO - [2023-08-10 08:20:50,809] {settings.py:253} INFO - settings.configure_orm(): Using pool settings. pool_size=5, max_overflow=10, pool_recycle=1800, pid=139
[2023-08-10 08:20:50,811] {scheduler_job.py:153} INFO - Started process (PID=139) to work on /usr/local/airflow/dags/data_dag.py
[2023-08-10 08:20:50,813] {scheduler_job.py:1560} INFO - Processing file /usr/local/airflow/dags/data_dag.py for tasks to queue
[2023-08-10 08:20:50,814] {logging_mixin.py:112} INFO - [2023-08-10 08:20:50,814] {dagbag.py:403} INFO - Filling up the DagBag from /usr/local/airflow/dags/data_dag.py
[2023-08-10 08:20:50,826] {scheduler_job.py:1572} INFO - DAG(s) dict_keys(['data_dag']) retrieved from /usr/local/airflow/dags/data_dag.py
[2023-08-10 08:20:50,850] {scheduler_job.py:161} INFO - Processing /usr/local/airflow/dags/data_dag.py took 0.039 seconds
[2023-08-10 08:20:51,816] {logging_mixin.py:112} INFO - [2023-08-10 08:20:51,816] {settings.py:253} INFO - settings.configure_orm(): Using pool settings. pool_size=5, max_overflow=10, pool_recycle=1800, pid=141
[2023-08-10 08:20:51,819] {scheduler_job.py:153} INFO - Started process (PID=141) to work on /usr/local/airflow/dags/data_dag.py
[2023-08-10 08:20:51,821] {scheduler_job.py:1560} INFO - Processing file /usr/local/airflow/dags/data_dag.py for tasks to queue
[2023-08-10 08:20:51,821] {logging_mixin.py:112} INFO - [2023-08-10 08:20:51,821] {dagbag.py:403} INFO - Filling up the DagBag from /usr/local/airflow/dags/data_dag.py
[2023-08-10 08:20:51,834] {scheduler_job.py:1572} INFO - DAG(s) dict_keys(['data_dag']) retrieved from /usr/local/airflow/dags/data_dag.py
[2023-08-10 08:20:51,861] {scheduler_job.py:161} INFO - Processing /usr/local/airflow/dags/data_dag.py took 0.042 seconds
[2023-08-10 08:20:52,827] {logging_mixin.py:112} INFO - [2023-08-10 08:20:52,827] {settings.py:253} INFO - settings.configure_orm(): Using pool settings. pool_size=5, max_overflow=10, pool_recycle=1800, pid=143
[2023-08-10 08:20:52,829] {scheduler_job.py:153} INFO - Started process (PID=143) to work on /usr/local/airflow/dags/data_dag.py
[2023-08-10 08:20:52,831] {scheduler_job.py:1560} INFO - Processing file /usr/local/airflow/dags/data_dag.py for tasks to queue
[2023-08-10 08:20:52,832] {logging_mixin.py:112} INFO - [2023-08-10 08:20:52,832] {dagbag.py:403} INFO - Filling up the DagBag from /usr/local/airflow/dags/data_dag.py
[2023-08-10 08:20:52,846] {scheduler_job.py:1572} INFO - DAG(s) dict_keys(['data_dag']) retrieved from /usr/local/airflow/dags/data_dag.py
[2023-08-10 08:20:52,871] {scheduler_job.py:161} INFO - Processing /usr/local/airflow/dags/data_dag.py took 0.042 seconds
[2023-08-10 08:20:53,835] {logging_mixin.py:112} INFO - [2023-08-10 08:20:53,835] {settings.py:253} INFO - settings.configure_orm(): Using pool settings. pool_size=5, max_overflow=10, pool_recycle=1800, pid=145
[2023-08-10 08:20:53,837] {scheduler_job.py:153} INFO - Started process (PID=145) to work on /usr/local/airflow/dags/data_dag.py
[2023-08-10 08:20:53,839] {scheduler_job.py:1560} INFO - Processing file /usr/local/airflow/dags/data_dag.py for tasks to queue
[2023-08-10 08:20:53,840] {logging_mixin.py:112} INFO - [2023-08-10 08:20:53,840] {dagbag.py:403} INFO - Filling up the DagBag from /usr/local/airflow/dags/data_dag.py
[2023-08-10 08:20:53,854] {scheduler_job.py:1572} INFO - DAG(s) dict_keys(['data_dag']) retrieved from /usr/local/airflow/dags/data_dag.py
[2023-08-10 08:20:53,879] {scheduler_job.py:161} INFO - Processing /usr/local/airflow/dags/data_dag.py took 0.042 seconds
[2023-08-10 08:20:54,840] {logging_mixin.py:112} INFO - [2023-08-10 08:20:54,840] {settings.py:253} INFO - settings.configure_orm(): Using pool settings. pool_size=5, max_overflow=10, pool_recycle=1800, pid=147
[2023-08-10 08:20:54,842] {scheduler_job.py:153} INFO - Started process (PID=147) to work on /usr/local/airflow/dags/data_dag.py
[2023-08-10 08:20:54,844] {scheduler_job.py:1560} INFO - Processing file /usr/local/airflow/dags/data_dag.py for tasks to queue
[2023-08-10 08:20:54,844] {logging_mixin.py:112} INFO - [2023-08-10 08:20:54,844] {dagbag.py:403} INFO - Filling up the DagBag from /usr/local/airflow/dags/data_dag.py
[2023-08-10 08:20:54,858] {scheduler_job.py:1572} INFO - DAG(s) dict_keys(['data_dag']) retrieved from /usr/local/airflow/dags/data_dag.py
[2023-08-10 08:20:54,883] {scheduler_job.py:161} INFO - Processing /usr/local/airflow/dags/data_dag.py took 0.041 seconds
[2023-08-10 08:20:55,845] {logging_mixin.py:112} INFO - [2023-08-10 08:20:55,845] {settings.py:253} INFO - settings.configure_orm(): Using pool settings. pool_size=5, max_overflow=10, pool_recycle=1800, pid=149
[2023-08-10 08:20:55,848] {scheduler_job.py:153} INFO - Started process (PID=149) to work on /usr/local/airflow/dags/data_dag.py
[2023-08-10 08:20:55,850] {scheduler_job.py:1560} INFO - Processing file /usr/local/airflow/dags/data_dag.py for tasks to queue
[2023-08-10 08:20:55,850] {logging_mixin.py:112} INFO - [2023-08-10 08:20:55,850] {dagbag.py:403} INFO - Filling up the DagBag from /usr/local/airflow/dags/data_dag.py
[2023-08-10 08:20:55,865] {scheduler_job.py:1572} INFO - DAG(s) dict_keys(['data_dag']) retrieved from /usr/local/airflow/dags/data_dag.py
[2023-08-10 08:20:55,891] {scheduler_job.py:161} INFO - Processing /usr/local/airflow/dags/data_dag.py took 0.043 seconds
[2023-08-10 08:20:56,853] {logging_mixin.py:112} INFO - [2023-08-10 08:20:56,853] {settings.py:253} INFO - settings.configure_orm(): Using pool settings. pool_size=5, max_overflow=10, pool_recycle=1800, pid=151
[2023-08-10 08:20:56,855] {scheduler_job.py:153} INFO - Started process (PID=151) to work on /usr/local/airflow/dags/data_dag.py
[2023-08-10 08:20:56,857] {scheduler_job.py:1560} INFO - Processing file /usr/local/airflow/dags/data_dag.py for tasks to queue
[2023-08-10 08:20:56,858] {logging_mixin.py:112} INFO - [2023-08-10 08:20:56,857] {dagbag.py:403} INFO - Filling up the DagBag from /usr/local/airflow/dags/data_dag.py
[2023-08-10 08:20:56,872] {scheduler_job.py:1572} INFO - DAG(s) dict_keys(['data_dag']) retrieved from /usr/local/airflow/dags/data_dag.py
[2023-08-10 08:20:56,899] {scheduler_job.py:161} INFO - Processing /usr/local/airflow/dags/data_dag.py took 0.044 seconds
[2023-08-10 08:20:57,860] {logging_mixin.py:112} INFO - [2023-08-10 08:20:57,860] {settings.py:253} INFO - settings.configure_orm(): Using pool settings. pool_size=5, max_overflow=10, pool_recycle=1800, pid=153
[2023-08-10 08:20:57,863] {scheduler_job.py:153} INFO - Started process (PID=153) to work on /usr/local/airflow/dags/data_dag.py
[2023-08-10 08:20:57,865] {scheduler_job.py:1560} INFO - Processing file /usr/local/airflow/dags/data_dag.py for tasks to queue
[2023-08-10 08:20:57,866] {logging_mixin.py:112} INFO - [2023-08-10 08:20:57,865] {dagbag.py:403} INFO - Filling up the DagBag from /usr/local/airflow/dags/data_dag.py
[2023-08-10 08:20:57,880] {scheduler_job.py:1572} INFO - DAG(s) dict_keys(['data_dag']) retrieved from /usr/local/airflow/dags/data_dag.py
[2023-08-10 08:20:57,943] {scheduler_job.py:161} INFO - Processing /usr/local/airflow/dags/data_dag.py took 0.080 seconds
[2023-08-10 08:20:58,867] {logging_mixin.py:112} INFO - [2023-08-10 08:20:58,867] {settings.py:253} INFO - settings.configure_orm(): Using pool settings. pool_size=5, max_overflow=10, pool_recycle=1800, pid=155
[2023-08-10 08:20:58,870] {scheduler_job.py:153} INFO - Started process (PID=155) to work on /usr/local/airflow/dags/data_dag.py
[2023-08-10 08:20:58,873] {scheduler_job.py:1560} INFO - Processing file /usr/local/airflow/dags/data_dag.py for tasks to queue
[2023-08-10 08:20:58,873] {logging_mixin.py:112} INFO - [2023-08-10 08:20:58,873] {dagbag.py:403} INFO - Filling up the DagBag from /usr/local/airflow/dags/data_dag.py
[2023-08-10 08:20:58,887] {scheduler_job.py:1572} INFO - DAG(s) dict_keys(['data_dag']) retrieved from /usr/local/airflow/dags/data_dag.py
[2023-08-10 08:20:58,917] {scheduler_job.py:161} INFO - Processing /usr/local/airflow/dags/data_dag.py took 0.047 seconds
[2023-08-10 08:20:59,875] {logging_mixin.py:112} INFO - [2023-08-10 08:20:59,875] {settings.py:253} INFO - settings.configure_orm(): Using pool settings. pool_size=5, max_overflow=10, pool_recycle=1800, pid=157
[2023-08-10 08:20:59,878] {scheduler_job.py:153} INFO - Started process (PID=157) to work on /usr/local/airflow/dags/data_dag.py
[2023-08-10 08:20:59,880] {scheduler_job.py:1560} INFO - Processing file /usr/local/airflow/dags/data_dag.py for tasks to queue
[2023-08-10 08:20:59,881] {logging_mixin.py:112} INFO - [2023-08-10 08:20:59,881] {dagbag.py:403} INFO - Filling up the DagBag from /usr/local/airflow/dags/data_dag.py
[2023-08-10 08:20:59,896] {scheduler_job.py:1572} INFO - DAG(s) dict_keys(['data_dag']) retrieved from /usr/local/airflow/dags/data_dag.py
[2023-08-10 08:20:59,922] {scheduler_job.py:161} INFO - Processing /usr/local/airflow/dags/data_dag.py took 0.045 seconds
[2023-08-10 08:21:00,882] {logging_mixin.py:112} INFO - [2023-08-10 08:21:00,881] {settings.py:253} INFO - settings.configure_orm(): Using pool settings. pool_size=5, max_overflow=10, pool_recycle=1800, pid=159
[2023-08-10 08:21:00,884] {scheduler_job.py:153} INFO - Started process (PID=159) to work on /usr/local/airflow/dags/data_dag.py
[2023-08-10 08:21:00,886] {scheduler_job.py:1560} INFO - Processing file /usr/local/airflow/dags/data_dag.py for tasks to queue
[2023-08-10 08:21:00,886] {logging_mixin.py:112} INFO - [2023-08-10 08:21:00,886] {dagbag.py:403} INFO - Filling up the DagBag from /usr/local/airflow/dags/data_dag.py
[2023-08-10 08:21:00,900] {scheduler_job.py:1572} INFO - DAG(s) dict_keys(['data_dag']) retrieved from /usr/local/airflow/dags/data_dag.py
[2023-08-10 08:21:00,925] {scheduler_job.py:161} INFO - Processing /usr/local/airflow/dags/data_dag.py took 0.041 seconds
[2023-08-10 08:21:01,890] {logging_mixin.py:112} INFO - [2023-08-10 08:21:01,889] {settings.py:253} INFO - settings.configure_orm(): Using pool settings. pool_size=5, max_overflow=10, pool_recycle=1800, pid=161
[2023-08-10 08:21:01,892] {scheduler_job.py:153} INFO - Started process (PID=161) to work on /usr/local/airflow/dags/data_dag.py
[2023-08-10 08:21:01,894] {scheduler_job.py:1560} INFO - Processing file /usr/local/airflow/dags/data_dag.py for tasks to queue
[2023-08-10 08:21:01,895] {logging_mixin.py:112} INFO - [2023-08-10 08:21:01,894] {dagbag.py:403} INFO - Filling up the DagBag from /usr/local/airflow/dags/data_dag.py
[2023-08-10 08:21:01,909] {scheduler_job.py:1572} INFO - DAG(s) dict_keys(['data_dag']) retrieved from /usr/local/airflow/dags/data_dag.py
[2023-08-10 08:21:01,933] {scheduler_job.py:161} INFO - Processing /usr/local/airflow/dags/data_dag.py took 0.041 seconds
[2023-08-10 08:21:02,901] {logging_mixin.py:112} INFO - [2023-08-10 08:21:02,901] {settings.py:253} INFO - settings.configure_orm(): Using pool settings. pool_size=5, max_overflow=10, pool_recycle=1800, pid=163
[2023-08-10 08:21:02,903] {scheduler_job.py:153} INFO - Started process (PID=163) to work on /usr/local/airflow/dags/data_dag.py
[2023-08-10 08:21:02,905] {scheduler_job.py:1560} INFO - Processing file /usr/local/airflow/dags/data_dag.py for tasks to queue
[2023-08-10 08:21:02,906] {logging_mixin.py:112} INFO - [2023-08-10 08:21:02,906] {dagbag.py:403} INFO - Filling up the DagBag from /usr/local/airflow/dags/data_dag.py
[2023-08-10 08:21:02,920] {scheduler_job.py:1572} INFO - DAG(s) dict_keys(['data_dag']) retrieved from /usr/local/airflow/dags/data_dag.py
[2023-08-10 08:21:02,943] {scheduler_job.py:161} INFO - Processing /usr/local/airflow/dags/data_dag.py took 0.040 seconds
[2023-08-10 08:21:03,909] {logging_mixin.py:112} INFO - [2023-08-10 08:21:03,909] {settings.py:253} INFO - settings.configure_orm(): Using pool settings. pool_size=5, max_overflow=10, pool_recycle=1800, pid=165
[2023-08-10 08:21:03,913] {scheduler_job.py:153} INFO - Started process (PID=165) to work on /usr/local/airflow/dags/data_dag.py
[2023-08-10 08:21:03,915] {scheduler_job.py:1560} INFO - Processing file /usr/local/airflow/dags/data_dag.py for tasks to queue
[2023-08-10 08:21:03,916] {logging_mixin.py:112} INFO - [2023-08-10 08:21:03,916] {dagbag.py:403} INFO - Filling up the DagBag from /usr/local/airflow/dags/data_dag.py
[2023-08-10 08:21:03,932] {scheduler_job.py:1572} INFO - DAG(s) dict_keys(['data_dag']) retrieved from /usr/local/airflow/dags/data_dag.py
[2023-08-10 08:21:03,958] {scheduler_job.py:161} INFO - Processing /usr/local/airflow/dags/data_dag.py took 0.045 seconds
[2023-08-10 08:21:04,916] {logging_mixin.py:112} INFO - [2023-08-10 08:21:04,916] {settings.py:253} INFO - settings.configure_orm(): Using pool settings. pool_size=5, max_overflow=10, pool_recycle=1800, pid=167
[2023-08-10 08:21:04,919] {scheduler_job.py:153} INFO - Started process (PID=167) to work on /usr/local/airflow/dags/data_dag.py
[2023-08-10 08:21:04,921] {scheduler_job.py:1560} INFO - Processing file /usr/local/airflow/dags/data_dag.py for tasks to queue
[2023-08-10 08:21:04,922] {logging_mixin.py:112} INFO - [2023-08-10 08:21:04,922] {dagbag.py:403} INFO - Filling up the DagBag from /usr/local/airflow/dags/data_dag.py
[2023-08-10 08:21:04,937] {scheduler_job.py:1572} INFO - DAG(s) dict_keys(['data_dag']) retrieved from /usr/local/airflow/dags/data_dag.py
[2023-08-10 08:21:04,962] {scheduler_job.py:161} INFO - Processing /usr/local/airflow/dags/data_dag.py took 0.043 seconds
[2023-08-10 08:21:05,922] {logging_mixin.py:112} INFO - [2023-08-10 08:21:05,922] {settings.py:253} INFO - settings.configure_orm(): Using pool settings. pool_size=5, max_overflow=10, pool_recycle=1800, pid=169
[2023-08-10 08:21:05,924] {scheduler_job.py:153} INFO - Started process (PID=169) to work on /usr/local/airflow/dags/data_dag.py
[2023-08-10 08:21:05,926] {scheduler_job.py:1560} INFO - Processing file /usr/local/airflow/dags/data_dag.py for tasks to queue
[2023-08-10 08:21:05,926] {logging_mixin.py:112} INFO - [2023-08-10 08:21:05,926] {dagbag.py:403} INFO - Filling up the DagBag from /usr/local/airflow/dags/data_dag.py
[2023-08-10 08:21:05,941] {scheduler_job.py:1572} INFO - DAG(s) dict_keys(['data_dag']) retrieved from /usr/local/airflow/dags/data_dag.py
[2023-08-10 08:21:05,965] {scheduler_job.py:161} INFO - Processing /usr/local/airflow/dags/data_dag.py took 0.041 seconds
[2023-08-10 08:21:06,929] {logging_mixin.py:112} INFO - [2023-08-10 08:21:06,929] {settings.py:253} INFO - settings.configure_orm(): Using pool settings. pool_size=5, max_overflow=10, pool_recycle=1800, pid=171
[2023-08-10 08:21:06,931] {scheduler_job.py:153} INFO - Started process (PID=171) to work on /usr/local/airflow/dags/data_dag.py
[2023-08-10 08:21:06,933] {scheduler_job.py:1560} INFO - Processing file /usr/local/airflow/dags/data_dag.py for tasks to queue
[2023-08-10 08:21:06,933] {logging_mixin.py:112} INFO - [2023-08-10 08:21:06,933] {dagbag.py:403} INFO - Filling up the DagBag from /usr/local/airflow/dags/data_dag.py
[2023-08-10 08:21:06,947] {scheduler_job.py:1572} INFO - DAG(s) dict_keys(['data_dag']) retrieved from /usr/local/airflow/dags/data_dag.py
[2023-08-10 08:21:06,968] {scheduler_job.py:161} INFO - Processing /usr/local/airflow/dags/data_dag.py took 0.037 seconds
[2023-08-10 08:21:07,934] {logging_mixin.py:112} INFO - [2023-08-10 08:21:07,934] {settings.py:253} INFO - settings.configure_orm(): Using pool settings. pool_size=5, max_overflow=10, pool_recycle=1800, pid=173
[2023-08-10 08:21:07,937] {scheduler_job.py:153} INFO - Started process (PID=173) to work on /usr/local/airflow/dags/data_dag.py
[2023-08-10 08:21:07,939] {scheduler_job.py:1560} INFO - Processing file /usr/local/airflow/dags/data_dag.py for tasks to queue
[2023-08-10 08:21:07,939] {logging_mixin.py:112} INFO - [2023-08-10 08:21:07,939] {dagbag.py:403} INFO - Filling up the DagBag from /usr/local/airflow/dags/data_dag.py
[2023-08-10 08:21:07,953] {scheduler_job.py:1572} INFO - DAG(s) dict_keys(['data_dag']) retrieved from /usr/local/airflow/dags/data_dag.py
[2023-08-10 08:21:07,973] {scheduler_job.py:161} INFO - Processing /usr/local/airflow/dags/data_dag.py took 0.036 seconds
[2023-08-10 08:21:08,940] {logging_mixin.py:112} INFO - [2023-08-10 08:21:08,940] {settings.py:253} INFO - settings.configure_orm(): Using pool settings. pool_size=5, max_overflow=10, pool_recycle=1800, pid=175
[2023-08-10 08:21:08,943] {scheduler_job.py:153} INFO - Started process (PID=175) to work on /usr/local/airflow/dags/data_dag.py
[2023-08-10 08:21:08,945] {scheduler_job.py:1560} INFO - Processing file /usr/local/airflow/dags/data_dag.py for tasks to queue
[2023-08-10 08:21:08,945] {logging_mixin.py:112} INFO - [2023-08-10 08:21:08,945] {dagbag.py:403} INFO - Filling up the DagBag from /usr/local/airflow/dags/data_dag.py
[2023-08-10 08:21:08,959] {scheduler_job.py:1572} INFO - DAG(s) dict_keys(['data_dag']) retrieved from /usr/local/airflow/dags/data_dag.py
[2023-08-10 08:21:09,009] {scheduler_job.py:161} INFO - Processing /usr/local/airflow/dags/data_dag.py took 0.067 seconds
[2023-08-10 08:21:09,948] {logging_mixin.py:112} INFO - [2023-08-10 08:21:09,948] {settings.py:253} INFO - settings.configure_orm(): Using pool settings. pool_size=5, max_overflow=10, pool_recycle=1800, pid=177
[2023-08-10 08:21:09,951] {scheduler_job.py:153} INFO - Started process (PID=177) to work on /usr/local/airflow/dags/data_dag.py
[2023-08-10 08:21:09,953] {scheduler_job.py:1560} INFO - Processing file /usr/local/airflow/dags/data_dag.py for tasks to queue
[2023-08-10 08:21:09,953] {logging_mixin.py:112} INFO - [2023-08-10 08:21:09,953] {dagbag.py:403} INFO - Filling up the DagBag from /usr/local/airflow/dags/data_dag.py
[2023-08-10 08:21:09,969] {scheduler_job.py:1572} INFO - DAG(s) dict_keys(['data_dag']) retrieved from /usr/local/airflow/dags/data_dag.py
[2023-08-10 08:21:09,998] {scheduler_job.py:161} INFO - Processing /usr/local/airflow/dags/data_dag.py took 0.047 seconds
[2023-08-10 08:21:10,954] {logging_mixin.py:112} INFO - [2023-08-10 08:21:10,954] {settings.py:253} INFO - settings.configure_orm(): Using pool settings. pool_size=5, max_overflow=10, pool_recycle=1800, pid=179
[2023-08-10 08:21:10,957] {scheduler_job.py:153} INFO - Started process (PID=179) to work on /usr/local/airflow/dags/data_dag.py
[2023-08-10 08:21:10,958] {scheduler_job.py:1560} INFO - Processing file /usr/local/airflow/dags/data_dag.py for tasks to queue
[2023-08-10 08:21:10,959] {logging_mixin.py:112} INFO - [2023-08-10 08:21:10,959] {dagbag.py:403} INFO - Filling up the DagBag from /usr/local/airflow/dags/data_dag.py
[2023-08-10 08:21:10,972] {scheduler_job.py:1572} INFO - DAG(s) dict_keys(['data_dag']) retrieved from /usr/local/airflow/dags/data_dag.py
[2023-08-10 08:21:10,994] {scheduler_job.py:161} INFO - Processing /usr/local/airflow/dags/data_dag.py took 0.037 seconds
[2023-08-10 08:21:11,959] {logging_mixin.py:112} INFO - [2023-08-10 08:21:11,959] {settings.py:253} INFO - settings.configure_orm(): Using pool settings. pool_size=5, max_overflow=10, pool_recycle=1800, pid=181
[2023-08-10 08:21:11,961] {scheduler_job.py:153} INFO - Started process (PID=181) to work on /usr/local/airflow/dags/data_dag.py
[2023-08-10 08:21:11,963] {scheduler_job.py:1560} INFO - Processing file /usr/local/airflow/dags/data_dag.py for tasks to queue
[2023-08-10 08:21:11,963] {logging_mixin.py:112} INFO - [2023-08-10 08:21:11,963] {dagbag.py:403} INFO - Filling up the DagBag from /usr/local/airflow/dags/data_dag.py
[2023-08-10 08:21:11,976] {scheduler_job.py:1572} INFO - DAG(s) dict_keys(['data_dag']) retrieved from /usr/local/airflow/dags/data_dag.py
[2023-08-10 08:21:12,004] {scheduler_job.py:161} INFO - Processing /usr/local/airflow/dags/data_dag.py took 0.043 seconds
[2023-08-10 08:21:12,970] {logging_mixin.py:112} INFO - [2023-08-10 08:21:12,970] {settings.py:253} INFO - settings.configure_orm(): Using pool settings. pool_size=5, max_overflow=10, pool_recycle=1800, pid=183
[2023-08-10 08:21:12,972] {scheduler_job.py:153} INFO - Started process (PID=183) to work on /usr/local/airflow/dags/data_dag.py
[2023-08-10 08:21:12,974] {scheduler_job.py:1560} INFO - Processing file /usr/local/airflow/dags/data_dag.py for tasks to queue
[2023-08-10 08:21:12,974] {logging_mixin.py:112} INFO - [2023-08-10 08:21:12,974] {dagbag.py:403} INFO - Filling up the DagBag from /usr/local/airflow/dags/data_dag.py
[2023-08-10 08:21:12,988] {scheduler_job.py:1572} INFO - DAG(s) dict_keys(['data_dag']) retrieved from /usr/local/airflow/dags/data_dag.py
[2023-08-10 08:21:13,008] {scheduler_job.py:161} INFO - Processing /usr/local/airflow/dags/data_dag.py took 0.036 seconds
