[2023-08-10 08:20:12,526] {logging_mixin.py:112} INFO - [2023-08-10 08:20:12,525] {settings.py:253} INFO - settings.configure_orm(): Using pool settings. pool_size=5, max_overflow=10, pool_recycle=1800, pid=64
[2023-08-10 08:20:12,528] {scheduler_job.py:153} INFO - Started process (PID=64) to work on /usr/local/airflow/dags/logger_dag.py
[2023-08-10 08:20:12,531] {scheduler_job.py:1560} INFO - Processing file /usr/local/airflow/dags/logger_dag.py for tasks to queue
[2023-08-10 08:20:12,531] {logging_mixin.py:112} INFO - [2023-08-10 08:20:12,531] {dagbag.py:403} INFO - Filling up the DagBag from /usr/local/airflow/dags/logger_dag.py
[2023-08-10 08:20:12,550] {scheduler_job.py:1572} INFO - DAG(s) dict_keys(['logger_dag']) retrieved from /usr/local/airflow/dags/logger_dag.py
[2023-08-10 08:20:12,577] {scheduler_job.py:161} INFO - Processing /usr/local/airflow/dags/logger_dag.py took 0.048 seconds
[2023-08-10 08:20:13,505] {logging_mixin.py:112} INFO - [2023-08-10 08:20:13,505] {settings.py:253} INFO - settings.configure_orm(): Using pool settings. pool_size=5, max_overflow=10, pool_recycle=1800, pid=66
[2023-08-10 08:20:13,509] {scheduler_job.py:153} INFO - Started process (PID=66) to work on /usr/local/airflow/dags/logger_dag.py
[2023-08-10 08:20:13,513] {scheduler_job.py:1560} INFO - Processing file /usr/local/airflow/dags/logger_dag.py for tasks to queue
[2023-08-10 08:20:13,513] {logging_mixin.py:112} INFO - [2023-08-10 08:20:13,513] {dagbag.py:403} INFO - Filling up the DagBag from /usr/local/airflow/dags/logger_dag.py
[2023-08-10 08:20:13,531] {scheduler_job.py:1572} INFO - DAG(s) dict_keys(['logger_dag']) retrieved from /usr/local/airflow/dags/logger_dag.py
[2023-08-10 08:20:13,555] {scheduler_job.py:161} INFO - Processing /usr/local/airflow/dags/logger_dag.py took 0.046 seconds
[2023-08-10 08:20:14,511] {logging_mixin.py:112} INFO - [2023-08-10 08:20:14,511] {settings.py:253} INFO - settings.configure_orm(): Using pool settings. pool_size=5, max_overflow=10, pool_recycle=1800, pid=68
[2023-08-10 08:20:14,513] {scheduler_job.py:153} INFO - Started process (PID=68) to work on /usr/local/airflow/dags/logger_dag.py
[2023-08-10 08:20:14,517] {scheduler_job.py:1560} INFO - Processing file /usr/local/airflow/dags/logger_dag.py for tasks to queue
[2023-08-10 08:20:14,517] {logging_mixin.py:112} INFO - [2023-08-10 08:20:14,517] {dagbag.py:403} INFO - Filling up the DagBag from /usr/local/airflow/dags/logger_dag.py
[2023-08-10 08:20:14,533] {scheduler_job.py:1572} INFO - DAG(s) dict_keys(['logger_dag']) retrieved from /usr/local/airflow/dags/logger_dag.py
[2023-08-10 08:20:14,558] {scheduler_job.py:161} INFO - Processing /usr/local/airflow/dags/logger_dag.py took 0.044 seconds
[2023-08-10 08:20:15,517] {logging_mixin.py:112} INFO - [2023-08-10 08:20:15,516] {settings.py:253} INFO - settings.configure_orm(): Using pool settings. pool_size=5, max_overflow=10, pool_recycle=1800, pid=70
[2023-08-10 08:20:15,519] {scheduler_job.py:153} INFO - Started process (PID=70) to work on /usr/local/airflow/dags/logger_dag.py
[2023-08-10 08:20:15,522] {scheduler_job.py:1560} INFO - Processing file /usr/local/airflow/dags/logger_dag.py for tasks to queue
[2023-08-10 08:20:15,523] {logging_mixin.py:112} INFO - [2023-08-10 08:20:15,523] {dagbag.py:403} INFO - Filling up the DagBag from /usr/local/airflow/dags/logger_dag.py
[2023-08-10 08:20:15,539] {scheduler_job.py:1572} INFO - DAG(s) dict_keys(['logger_dag']) retrieved from /usr/local/airflow/dags/logger_dag.py
[2023-08-10 08:20:15,566] {scheduler_job.py:161} INFO - Processing /usr/local/airflow/dags/logger_dag.py took 0.047 seconds
[2023-08-10 08:20:16,525] {logging_mixin.py:112} INFO - [2023-08-10 08:20:16,525] {settings.py:253} INFO - settings.configure_orm(): Using pool settings. pool_size=5, max_overflow=10, pool_recycle=1800, pid=72
[2023-08-10 08:20:16,529] {scheduler_job.py:153} INFO - Started process (PID=72) to work on /usr/local/airflow/dags/logger_dag.py
[2023-08-10 08:20:16,533] {scheduler_job.py:1560} INFO - Processing file /usr/local/airflow/dags/logger_dag.py for tasks to queue
[2023-08-10 08:20:16,534] {logging_mixin.py:112} INFO - [2023-08-10 08:20:16,534] {dagbag.py:403} INFO - Filling up the DagBag from /usr/local/airflow/dags/logger_dag.py
[2023-08-10 08:20:16,553] {scheduler_job.py:1572} INFO - DAG(s) dict_keys(['logger_dag']) retrieved from /usr/local/airflow/dags/logger_dag.py
[2023-08-10 08:20:16,580] {scheduler_job.py:161} INFO - Processing /usr/local/airflow/dags/logger_dag.py took 0.051 seconds
[2023-08-10 08:20:17,530] {logging_mixin.py:112} INFO - [2023-08-10 08:20:17,530] {settings.py:253} INFO - settings.configure_orm(): Using pool settings. pool_size=5, max_overflow=10, pool_recycle=1800, pid=74
[2023-08-10 08:20:17,533] {scheduler_job.py:153} INFO - Started process (PID=74) to work on /usr/local/airflow/dags/logger_dag.py
[2023-08-10 08:20:17,536] {scheduler_job.py:1560} INFO - Processing file /usr/local/airflow/dags/logger_dag.py for tasks to queue
[2023-08-10 08:20:17,537] {logging_mixin.py:112} INFO - [2023-08-10 08:20:17,537] {dagbag.py:403} INFO - Filling up the DagBag from /usr/local/airflow/dags/logger_dag.py
[2023-08-10 08:20:17,552] {scheduler_job.py:1572} INFO - DAG(s) dict_keys(['logger_dag']) retrieved from /usr/local/airflow/dags/logger_dag.py
[2023-08-10 08:20:17,579] {scheduler_job.py:161} INFO - Processing /usr/local/airflow/dags/logger_dag.py took 0.046 seconds
[2023-08-10 08:20:18,546] {logging_mixin.py:112} INFO - [2023-08-10 08:20:18,546] {settings.py:253} INFO - settings.configure_orm(): Using pool settings. pool_size=5, max_overflow=10, pool_recycle=1800, pid=76
[2023-08-10 08:20:18,551] {scheduler_job.py:153} INFO - Started process (PID=76) to work on /usr/local/airflow/dags/logger_dag.py
[2023-08-10 08:20:18,555] {scheduler_job.py:1560} INFO - Processing file /usr/local/airflow/dags/logger_dag.py for tasks to queue
[2023-08-10 08:20:18,556] {logging_mixin.py:112} INFO - [2023-08-10 08:20:18,556] {dagbag.py:403} INFO - Filling up the DagBag from /usr/local/airflow/dags/logger_dag.py
[2023-08-10 08:20:18,578] {scheduler_job.py:1572} INFO - DAG(s) dict_keys(['logger_dag']) retrieved from /usr/local/airflow/dags/logger_dag.py
[2023-08-10 08:20:18,607] {scheduler_job.py:161} INFO - Processing /usr/local/airflow/dags/logger_dag.py took 0.056 seconds
[2023-08-10 08:20:19,548] {logging_mixin.py:112} INFO - [2023-08-10 08:20:19,548] {settings.py:253} INFO - settings.configure_orm(): Using pool settings. pool_size=5, max_overflow=10, pool_recycle=1800, pid=78
[2023-08-10 08:20:19,551] {scheduler_job.py:153} INFO - Started process (PID=78) to work on /usr/local/airflow/dags/logger_dag.py
[2023-08-10 08:20:19,553] {scheduler_job.py:1560} INFO - Processing file /usr/local/airflow/dags/logger_dag.py for tasks to queue
[2023-08-10 08:20:19,554] {logging_mixin.py:112} INFO - [2023-08-10 08:20:19,554] {dagbag.py:403} INFO - Filling up the DagBag from /usr/local/airflow/dags/logger_dag.py
[2023-08-10 08:20:19,570] {scheduler_job.py:1572} INFO - DAG(s) dict_keys(['logger_dag']) retrieved from /usr/local/airflow/dags/logger_dag.py
[2023-08-10 08:20:19,597] {scheduler_job.py:161} INFO - Processing /usr/local/airflow/dags/logger_dag.py took 0.046 seconds
[2023-08-10 08:20:20,556] {logging_mixin.py:112} INFO - [2023-08-10 08:20:20,556] {settings.py:253} INFO - settings.configure_orm(): Using pool settings. pool_size=5, max_overflow=10, pool_recycle=1800, pid=80
[2023-08-10 08:20:20,558] {scheduler_job.py:153} INFO - Started process (PID=80) to work on /usr/local/airflow/dags/logger_dag.py
[2023-08-10 08:20:20,561] {scheduler_job.py:1560} INFO - Processing file /usr/local/airflow/dags/logger_dag.py for tasks to queue
[2023-08-10 08:20:20,561] {logging_mixin.py:112} INFO - [2023-08-10 08:20:20,561] {dagbag.py:403} INFO - Filling up the DagBag from /usr/local/airflow/dags/logger_dag.py
[2023-08-10 08:20:20,579] {scheduler_job.py:1572} INFO - DAG(s) dict_keys(['logger_dag']) retrieved from /usr/local/airflow/dags/logger_dag.py
[2023-08-10 08:20:20,631] {scheduler_job.py:161} INFO - Processing /usr/local/airflow/dags/logger_dag.py took 0.073 seconds
[2023-08-10 08:20:21,567] {logging_mixin.py:112} INFO - [2023-08-10 08:20:21,567] {settings.py:253} INFO - settings.configure_orm(): Using pool settings. pool_size=5, max_overflow=10, pool_recycle=1800, pid=82
[2023-08-10 08:20:21,570] {scheduler_job.py:153} INFO - Started process (PID=82) to work on /usr/local/airflow/dags/logger_dag.py
[2023-08-10 08:20:21,573] {scheduler_job.py:1560} INFO - Processing file /usr/local/airflow/dags/logger_dag.py for tasks to queue
[2023-08-10 08:20:21,574] {logging_mixin.py:112} INFO - [2023-08-10 08:20:21,573] {dagbag.py:403} INFO - Filling up the DagBag from /usr/local/airflow/dags/logger_dag.py
[2023-08-10 08:20:21,595] {scheduler_job.py:1572} INFO - DAG(s) dict_keys(['logger_dag']) retrieved from /usr/local/airflow/dags/logger_dag.py
[2023-08-10 08:20:21,641] {scheduler_job.py:161} INFO - Processing /usr/local/airflow/dags/logger_dag.py took 0.071 seconds
[2023-08-10 08:20:22,576] {logging_mixin.py:112} INFO - [2023-08-10 08:20:22,575] {settings.py:253} INFO - settings.configure_orm(): Using pool settings. pool_size=5, max_overflow=10, pool_recycle=1800, pid=84
[2023-08-10 08:20:22,579] {scheduler_job.py:153} INFO - Started process (PID=84) to work on /usr/local/airflow/dags/logger_dag.py
[2023-08-10 08:20:22,582] {scheduler_job.py:1560} INFO - Processing file /usr/local/airflow/dags/logger_dag.py for tasks to queue
[2023-08-10 08:20:22,582] {logging_mixin.py:112} INFO - [2023-08-10 08:20:22,582] {dagbag.py:403} INFO - Filling up the DagBag from /usr/local/airflow/dags/logger_dag.py
[2023-08-10 08:20:22,599] {scheduler_job.py:1572} INFO - DAG(s) dict_keys(['logger_dag']) retrieved from /usr/local/airflow/dags/logger_dag.py
[2023-08-10 08:20:22,661] {scheduler_job.py:161} INFO - Processing /usr/local/airflow/dags/logger_dag.py took 0.082 seconds
[2023-08-10 08:20:23,583] {logging_mixin.py:112} INFO - [2023-08-10 08:20:23,583] {settings.py:253} INFO - settings.configure_orm(): Using pool settings. pool_size=5, max_overflow=10, pool_recycle=1800, pid=86
[2023-08-10 08:20:23,586] {scheduler_job.py:153} INFO - Started process (PID=86) to work on /usr/local/airflow/dags/logger_dag.py
[2023-08-10 08:20:23,589] {scheduler_job.py:1560} INFO - Processing file /usr/local/airflow/dags/logger_dag.py for tasks to queue
[2023-08-10 08:20:23,590] {logging_mixin.py:112} INFO - [2023-08-10 08:20:23,590] {dagbag.py:403} INFO - Filling up the DagBag from /usr/local/airflow/dags/logger_dag.py
[2023-08-10 08:20:23,606] {scheduler_job.py:1572} INFO - DAG(s) dict_keys(['logger_dag']) retrieved from /usr/local/airflow/dags/logger_dag.py
[2023-08-10 08:20:23,641] {scheduler_job.py:161} INFO - Processing /usr/local/airflow/dags/logger_dag.py took 0.055 seconds
[2023-08-10 08:20:24,596] {logging_mixin.py:112} INFO - [2023-08-10 08:20:24,596] {settings.py:253} INFO - settings.configure_orm(): Using pool settings. pool_size=5, max_overflow=10, pool_recycle=1800, pid=88
[2023-08-10 08:20:24,602] {scheduler_job.py:153} INFO - Started process (PID=88) to work on /usr/local/airflow/dags/logger_dag.py
[2023-08-10 08:20:24,611] {scheduler_job.py:1560} INFO - Processing file /usr/local/airflow/dags/logger_dag.py for tasks to queue
[2023-08-10 08:20:24,611] {logging_mixin.py:112} INFO - [2023-08-10 08:20:24,611] {dagbag.py:403} INFO - Filling up the DagBag from /usr/local/airflow/dags/logger_dag.py
[2023-08-10 08:20:24,640] {scheduler_job.py:1572} INFO - DAG(s) dict_keys(['logger_dag']) retrieved from /usr/local/airflow/dags/logger_dag.py
[2023-08-10 08:20:24,683] {scheduler_job.py:161} INFO - Processing /usr/local/airflow/dags/logger_dag.py took 0.081 seconds
[2023-08-10 08:20:25,615] {logging_mixin.py:112} INFO - [2023-08-10 08:20:25,615] {settings.py:253} INFO - settings.configure_orm(): Using pool settings. pool_size=5, max_overflow=10, pool_recycle=1800, pid=90
[2023-08-10 08:20:25,620] {scheduler_job.py:153} INFO - Started process (PID=90) to work on /usr/local/airflow/dags/logger_dag.py
[2023-08-10 08:20:25,624] {scheduler_job.py:1560} INFO - Processing file /usr/local/airflow/dags/logger_dag.py for tasks to queue
[2023-08-10 08:20:25,625] {logging_mixin.py:112} INFO - [2023-08-10 08:20:25,625] {dagbag.py:403} INFO - Filling up the DagBag from /usr/local/airflow/dags/logger_dag.py
[2023-08-10 08:20:25,657] {scheduler_job.py:1572} INFO - DAG(s) dict_keys(['logger_dag']) retrieved from /usr/local/airflow/dags/logger_dag.py
[2023-08-10 08:20:25,762] {scheduler_job.py:161} INFO - Processing /usr/local/airflow/dags/logger_dag.py took 0.142 seconds
[2023-08-10 08:20:26,611] {logging_mixin.py:112} INFO - [2023-08-10 08:20:26,611] {settings.py:253} INFO - settings.configure_orm(): Using pool settings. pool_size=5, max_overflow=10, pool_recycle=1800, pid=92
[2023-08-10 08:20:26,613] {scheduler_job.py:153} INFO - Started process (PID=92) to work on /usr/local/airflow/dags/logger_dag.py
[2023-08-10 08:20:26,615] {scheduler_job.py:1560} INFO - Processing file /usr/local/airflow/dags/logger_dag.py for tasks to queue
[2023-08-10 08:20:26,615] {logging_mixin.py:112} INFO - [2023-08-10 08:20:26,615] {dagbag.py:403} INFO - Filling up the DagBag from /usr/local/airflow/dags/logger_dag.py
[2023-08-10 08:20:26,631] {scheduler_job.py:1572} INFO - DAG(s) dict_keys(['logger_dag']) retrieved from /usr/local/airflow/dags/logger_dag.py
[2023-08-10 08:20:26,694] {scheduler_job.py:161} INFO - Processing /usr/local/airflow/dags/logger_dag.py took 0.082 seconds
[2023-08-10 08:20:27,619] {logging_mixin.py:112} INFO - [2023-08-10 08:20:27,619] {settings.py:253} INFO - settings.configure_orm(): Using pool settings. pool_size=5, max_overflow=10, pool_recycle=1800, pid=94
[2023-08-10 08:20:27,623] {scheduler_job.py:153} INFO - Started process (PID=94) to work on /usr/local/airflow/dags/logger_dag.py
[2023-08-10 08:20:27,625] {scheduler_job.py:1560} INFO - Processing file /usr/local/airflow/dags/logger_dag.py for tasks to queue
[2023-08-10 08:20:27,626] {logging_mixin.py:112} INFO - [2023-08-10 08:20:27,626] {dagbag.py:403} INFO - Filling up the DagBag from /usr/local/airflow/dags/logger_dag.py
[2023-08-10 08:20:27,642] {scheduler_job.py:1572} INFO - DAG(s) dict_keys(['logger_dag']) retrieved from /usr/local/airflow/dags/logger_dag.py
[2023-08-10 08:20:27,671] {scheduler_job.py:161} INFO - Processing /usr/local/airflow/dags/logger_dag.py took 0.048 seconds
[2023-08-10 08:20:28,629] {logging_mixin.py:112} INFO - [2023-08-10 08:20:28,629] {settings.py:253} INFO - settings.configure_orm(): Using pool settings. pool_size=5, max_overflow=10, pool_recycle=1800, pid=96
[2023-08-10 08:20:28,631] {scheduler_job.py:153} INFO - Started process (PID=96) to work on /usr/local/airflow/dags/logger_dag.py
[2023-08-10 08:20:28,634] {scheduler_job.py:1560} INFO - Processing file /usr/local/airflow/dags/logger_dag.py for tasks to queue
[2023-08-10 08:20:28,635] {logging_mixin.py:112} INFO - [2023-08-10 08:20:28,635] {dagbag.py:403} INFO - Filling up the DagBag from /usr/local/airflow/dags/logger_dag.py
[2023-08-10 08:20:28,649] {scheduler_job.py:1572} INFO - DAG(s) dict_keys(['logger_dag']) retrieved from /usr/local/airflow/dags/logger_dag.py
[2023-08-10 08:20:28,681] {scheduler_job.py:161} INFO - Processing /usr/local/airflow/dags/logger_dag.py took 0.050 seconds
[2023-08-10 08:20:29,637] {logging_mixin.py:112} INFO - [2023-08-10 08:20:29,637] {settings.py:253} INFO - settings.configure_orm(): Using pool settings. pool_size=5, max_overflow=10, pool_recycle=1800, pid=98
[2023-08-10 08:20:29,640] {scheduler_job.py:153} INFO - Started process (PID=98) to work on /usr/local/airflow/dags/logger_dag.py
[2023-08-10 08:20:29,643] {scheduler_job.py:1560} INFO - Processing file /usr/local/airflow/dags/logger_dag.py for tasks to queue
[2023-08-10 08:20:29,643] {logging_mixin.py:112} INFO - [2023-08-10 08:20:29,643] {dagbag.py:403} INFO - Filling up the DagBag from /usr/local/airflow/dags/logger_dag.py
[2023-08-10 08:20:29,660] {scheduler_job.py:1572} INFO - DAG(s) dict_keys(['logger_dag']) retrieved from /usr/local/airflow/dags/logger_dag.py
[2023-08-10 08:20:29,688] {scheduler_job.py:161} INFO - Processing /usr/local/airflow/dags/logger_dag.py took 0.048 seconds
[2023-08-10 08:20:30,646] {logging_mixin.py:112} INFO - [2023-08-10 08:20:30,646] {settings.py:253} INFO - settings.configure_orm(): Using pool settings. pool_size=5, max_overflow=10, pool_recycle=1800, pid=100
[2023-08-10 08:20:30,649] {scheduler_job.py:153} INFO - Started process (PID=100) to work on /usr/local/airflow/dags/logger_dag.py
[2023-08-10 08:20:30,654] {scheduler_job.py:1560} INFO - Processing file /usr/local/airflow/dags/logger_dag.py for tasks to queue
[2023-08-10 08:20:30,654] {logging_mixin.py:112} INFO - [2023-08-10 08:20:30,654] {dagbag.py:403} INFO - Filling up the DagBag from /usr/local/airflow/dags/logger_dag.py
[2023-08-10 08:20:30,670] {scheduler_job.py:1572} INFO - DAG(s) dict_keys(['logger_dag']) retrieved from /usr/local/airflow/dags/logger_dag.py
[2023-08-10 08:20:30,695] {scheduler_job.py:161} INFO - Processing /usr/local/airflow/dags/logger_dag.py took 0.046 seconds
[2023-08-10 08:20:31,652] {logging_mixin.py:112} INFO - [2023-08-10 08:20:31,652] {settings.py:253} INFO - settings.configure_orm(): Using pool settings. pool_size=5, max_overflow=10, pool_recycle=1800, pid=102
[2023-08-10 08:20:31,656] {scheduler_job.py:153} INFO - Started process (PID=102) to work on /usr/local/airflow/dags/logger_dag.py
[2023-08-10 08:20:31,658] {scheduler_job.py:1560} INFO - Processing file /usr/local/airflow/dags/logger_dag.py for tasks to queue
[2023-08-10 08:20:31,659] {logging_mixin.py:112} INFO - [2023-08-10 08:20:31,659] {dagbag.py:403} INFO - Filling up the DagBag from /usr/local/airflow/dags/logger_dag.py
[2023-08-10 08:20:31,676] {scheduler_job.py:1572} INFO - DAG(s) dict_keys(['logger_dag']) retrieved from /usr/local/airflow/dags/logger_dag.py
[2023-08-10 08:20:31,701] {scheduler_job.py:161} INFO - Processing /usr/local/airflow/dags/logger_dag.py took 0.046 seconds
[2023-08-10 08:20:32,665] {logging_mixin.py:112} INFO - [2023-08-10 08:20:32,664] {settings.py:253} INFO - settings.configure_orm(): Using pool settings. pool_size=5, max_overflow=10, pool_recycle=1800, pid=104
[2023-08-10 08:20:32,668] {scheduler_job.py:153} INFO - Started process (PID=104) to work on /usr/local/airflow/dags/logger_dag.py
[2023-08-10 08:20:32,672] {scheduler_job.py:1560} INFO - Processing file /usr/local/airflow/dags/logger_dag.py for tasks to queue
[2023-08-10 08:20:32,672] {logging_mixin.py:112} INFO - [2023-08-10 08:20:32,672] {dagbag.py:403} INFO - Filling up the DagBag from /usr/local/airflow/dags/logger_dag.py
[2023-08-10 08:20:32,689] {scheduler_job.py:1572} INFO - DAG(s) dict_keys(['logger_dag']) retrieved from /usr/local/airflow/dags/logger_dag.py
[2023-08-10 08:20:32,718] {scheduler_job.py:161} INFO - Processing /usr/local/airflow/dags/logger_dag.py took 0.050 seconds
[2023-08-10 08:20:33,674] {logging_mixin.py:112} INFO - [2023-08-10 08:20:33,674] {settings.py:253} INFO - settings.configure_orm(): Using pool settings. pool_size=5, max_overflow=10, pool_recycle=1800, pid=106
[2023-08-10 08:20:33,677] {scheduler_job.py:153} INFO - Started process (PID=106) to work on /usr/local/airflow/dags/logger_dag.py
[2023-08-10 08:20:33,680] {scheduler_job.py:1560} INFO - Processing file /usr/local/airflow/dags/logger_dag.py for tasks to queue
[2023-08-10 08:20:33,680] {logging_mixin.py:112} INFO - [2023-08-10 08:20:33,680] {dagbag.py:403} INFO - Filling up the DagBag from /usr/local/airflow/dags/logger_dag.py
[2023-08-10 08:20:33,695] {scheduler_job.py:1572} INFO - DAG(s) dict_keys(['logger_dag']) retrieved from /usr/local/airflow/dags/logger_dag.py
[2023-08-10 08:20:33,722] {scheduler_job.py:161} INFO - Processing /usr/local/airflow/dags/logger_dag.py took 0.045 seconds
[2023-08-10 08:20:34,682] {logging_mixin.py:112} INFO - [2023-08-10 08:20:34,682] {settings.py:253} INFO - settings.configure_orm(): Using pool settings. pool_size=5, max_overflow=10, pool_recycle=1800, pid=108
[2023-08-10 08:20:34,687] {scheduler_job.py:153} INFO - Started process (PID=108) to work on /usr/local/airflow/dags/logger_dag.py
[2023-08-10 08:20:34,689] {scheduler_job.py:1560} INFO - Processing file /usr/local/airflow/dags/logger_dag.py for tasks to queue
[2023-08-10 08:20:34,690] {logging_mixin.py:112} INFO - [2023-08-10 08:20:34,690] {dagbag.py:403} INFO - Filling up the DagBag from /usr/local/airflow/dags/logger_dag.py
[2023-08-10 08:20:34,708] {scheduler_job.py:1572} INFO - DAG(s) dict_keys(['logger_dag']) retrieved from /usr/local/airflow/dags/logger_dag.py
[2023-08-10 08:20:34,742] {scheduler_job.py:161} INFO - Processing /usr/local/airflow/dags/logger_dag.py took 0.055 seconds
[2023-08-10 08:20:35,694] {logging_mixin.py:112} INFO - [2023-08-10 08:20:35,694] {settings.py:253} INFO - settings.configure_orm(): Using pool settings. pool_size=5, max_overflow=10, pool_recycle=1800, pid=110
[2023-08-10 08:20:35,696] {scheduler_job.py:153} INFO - Started process (PID=110) to work on /usr/local/airflow/dags/logger_dag.py
[2023-08-10 08:20:35,699] {scheduler_job.py:1560} INFO - Processing file /usr/local/airflow/dags/logger_dag.py for tasks to queue
[2023-08-10 08:20:35,699] {logging_mixin.py:112} INFO - [2023-08-10 08:20:35,699] {dagbag.py:403} INFO - Filling up the DagBag from /usr/local/airflow/dags/logger_dag.py
[2023-08-10 08:20:35,713] {scheduler_job.py:1572} INFO - DAG(s) dict_keys(['logger_dag']) retrieved from /usr/local/airflow/dags/logger_dag.py
[2023-08-10 08:20:35,741] {scheduler_job.py:161} INFO - Processing /usr/local/airflow/dags/logger_dag.py took 0.045 seconds
[2023-08-10 08:20:36,703] {logging_mixin.py:112} INFO - [2023-08-10 08:20:36,703] {settings.py:253} INFO - settings.configure_orm(): Using pool settings. pool_size=5, max_overflow=10, pool_recycle=1800, pid=112
[2023-08-10 08:20:36,705] {scheduler_job.py:153} INFO - Started process (PID=112) to work on /usr/local/airflow/dags/logger_dag.py
[2023-08-10 08:20:36,708] {scheduler_job.py:1560} INFO - Processing file /usr/local/airflow/dags/logger_dag.py for tasks to queue
[2023-08-10 08:20:36,709] {logging_mixin.py:112} INFO - [2023-08-10 08:20:36,709] {dagbag.py:403} INFO - Filling up the DagBag from /usr/local/airflow/dags/logger_dag.py
[2023-08-10 08:20:36,726] {scheduler_job.py:1572} INFO - DAG(s) dict_keys(['logger_dag']) retrieved from /usr/local/airflow/dags/logger_dag.py
[2023-08-10 08:20:36,757] {scheduler_job.py:161} INFO - Processing /usr/local/airflow/dags/logger_dag.py took 0.051 seconds
[2023-08-10 08:20:37,710] {logging_mixin.py:112} INFO - [2023-08-10 08:20:37,709] {settings.py:253} INFO - settings.configure_orm(): Using pool settings. pool_size=5, max_overflow=10, pool_recycle=1800, pid=114
[2023-08-10 08:20:37,711] {scheduler_job.py:153} INFO - Started process (PID=114) to work on /usr/local/airflow/dags/logger_dag.py
[2023-08-10 08:20:37,714] {scheduler_job.py:1560} INFO - Processing file /usr/local/airflow/dags/logger_dag.py for tasks to queue
[2023-08-10 08:20:37,714] {logging_mixin.py:112} INFO - [2023-08-10 08:20:37,714] {dagbag.py:403} INFO - Filling up the DagBag from /usr/local/airflow/dags/logger_dag.py
[2023-08-10 08:20:37,728] {scheduler_job.py:1572} INFO - DAG(s) dict_keys(['logger_dag']) retrieved from /usr/local/airflow/dags/logger_dag.py
[2023-08-10 08:20:37,784] {scheduler_job.py:161} INFO - Processing /usr/local/airflow/dags/logger_dag.py took 0.072 seconds
[2023-08-10 08:20:38,715] {logging_mixin.py:112} INFO - [2023-08-10 08:20:38,715] {settings.py:253} INFO - settings.configure_orm(): Using pool settings. pool_size=5, max_overflow=10, pool_recycle=1800, pid=116
[2023-08-10 08:20:38,718] {scheduler_job.py:153} INFO - Started process (PID=116) to work on /usr/local/airflow/dags/logger_dag.py
[2023-08-10 08:20:38,721] {scheduler_job.py:1560} INFO - Processing file /usr/local/airflow/dags/logger_dag.py for tasks to queue
[2023-08-10 08:20:38,722] {logging_mixin.py:112} INFO - [2023-08-10 08:20:38,722] {dagbag.py:403} INFO - Filling up the DagBag from /usr/local/airflow/dags/logger_dag.py
[2023-08-10 08:20:38,736] {scheduler_job.py:1572} INFO - DAG(s) dict_keys(['logger_dag']) retrieved from /usr/local/airflow/dags/logger_dag.py
[2023-08-10 08:20:38,838] {scheduler_job.py:161} INFO - Processing /usr/local/airflow/dags/logger_dag.py took 0.120 seconds
[2023-08-10 08:20:39,720] {logging_mixin.py:112} INFO - [2023-08-10 08:20:39,720] {settings.py:253} INFO - settings.configure_orm(): Using pool settings. pool_size=5, max_overflow=10, pool_recycle=1800, pid=118
[2023-08-10 08:20:39,722] {scheduler_job.py:153} INFO - Started process (PID=118) to work on /usr/local/airflow/dags/logger_dag.py
[2023-08-10 08:20:39,725] {scheduler_job.py:1560} INFO - Processing file /usr/local/airflow/dags/logger_dag.py for tasks to queue
[2023-08-10 08:20:39,725] {logging_mixin.py:112} INFO - [2023-08-10 08:20:39,725] {dagbag.py:403} INFO - Filling up the DagBag from /usr/local/airflow/dags/logger_dag.py
[2023-08-10 08:20:39,739] {scheduler_job.py:1572} INFO - DAG(s) dict_keys(['logger_dag']) retrieved from /usr/local/airflow/dags/logger_dag.py
[2023-08-10 08:20:39,764] {scheduler_job.py:161} INFO - Processing /usr/local/airflow/dags/logger_dag.py took 0.042 seconds
[2023-08-10 08:20:40,727] {logging_mixin.py:112} INFO - [2023-08-10 08:20:40,727] {settings.py:253} INFO - settings.configure_orm(): Using pool settings. pool_size=5, max_overflow=10, pool_recycle=1800, pid=120
[2023-08-10 08:20:40,729] {scheduler_job.py:153} INFO - Started process (PID=120) to work on /usr/local/airflow/dags/logger_dag.py
[2023-08-10 08:20:40,731] {scheduler_job.py:1560} INFO - Processing file /usr/local/airflow/dags/logger_dag.py for tasks to queue
[2023-08-10 08:20:40,732] {logging_mixin.py:112} INFO - [2023-08-10 08:20:40,732] {dagbag.py:403} INFO - Filling up the DagBag from /usr/local/airflow/dags/logger_dag.py
[2023-08-10 08:20:40,748] {scheduler_job.py:1572} INFO - DAG(s) dict_keys(['logger_dag']) retrieved from /usr/local/airflow/dags/logger_dag.py
[2023-08-10 08:20:40,774] {scheduler_job.py:161} INFO - Processing /usr/local/airflow/dags/logger_dag.py took 0.045 seconds
[2023-08-10 08:20:41,737] {logging_mixin.py:112} INFO - [2023-08-10 08:20:41,737] {settings.py:253} INFO - settings.configure_orm(): Using pool settings. pool_size=5, max_overflow=10, pool_recycle=1800, pid=122
[2023-08-10 08:20:41,740] {scheduler_job.py:153} INFO - Started process (PID=122) to work on /usr/local/airflow/dags/logger_dag.py
[2023-08-10 08:20:41,744] {scheduler_job.py:1560} INFO - Processing file /usr/local/airflow/dags/logger_dag.py for tasks to queue
[2023-08-10 08:20:41,745] {logging_mixin.py:112} INFO - [2023-08-10 08:20:41,745] {dagbag.py:403} INFO - Filling up the DagBag from /usr/local/airflow/dags/logger_dag.py
[2023-08-10 08:20:41,759] {scheduler_job.py:1572} INFO - DAG(s) dict_keys(['logger_dag']) retrieved from /usr/local/airflow/dags/logger_dag.py
[2023-08-10 08:20:41,808] {scheduler_job.py:161} INFO - Processing /usr/local/airflow/dags/logger_dag.py took 0.068 seconds
[2023-08-10 08:20:42,748] {logging_mixin.py:112} INFO - [2023-08-10 08:20:42,747] {settings.py:253} INFO - settings.configure_orm(): Using pool settings. pool_size=5, max_overflow=10, pool_recycle=1800, pid=124
[2023-08-10 08:20:42,751] {scheduler_job.py:153} INFO - Started process (PID=124) to work on /usr/local/airflow/dags/logger_dag.py
[2023-08-10 08:20:42,754] {scheduler_job.py:1560} INFO - Processing file /usr/local/airflow/dags/logger_dag.py for tasks to queue
[2023-08-10 08:20:42,755] {logging_mixin.py:112} INFO - [2023-08-10 08:20:42,755] {dagbag.py:403} INFO - Filling up the DagBag from /usr/local/airflow/dags/logger_dag.py
[2023-08-10 08:20:42,770] {scheduler_job.py:1572} INFO - DAG(s) dict_keys(['logger_dag']) retrieved from /usr/local/airflow/dags/logger_dag.py
[2023-08-10 08:20:42,798] {scheduler_job.py:161} INFO - Processing /usr/local/airflow/dags/logger_dag.py took 0.047 seconds
[2023-08-10 08:20:43,755] {logging_mixin.py:112} INFO - [2023-08-10 08:20:43,755] {settings.py:253} INFO - settings.configure_orm(): Using pool settings. pool_size=5, max_overflow=10, pool_recycle=1800, pid=126
[2023-08-10 08:20:43,760] {scheduler_job.py:153} INFO - Started process (PID=126) to work on /usr/local/airflow/dags/logger_dag.py
[2023-08-10 08:20:43,762] {scheduler_job.py:1560} INFO - Processing file /usr/local/airflow/dags/logger_dag.py for tasks to queue
[2023-08-10 08:20:43,763] {logging_mixin.py:112} INFO - [2023-08-10 08:20:43,763] {dagbag.py:403} INFO - Filling up the DagBag from /usr/local/airflow/dags/logger_dag.py
[2023-08-10 08:20:43,781] {scheduler_job.py:1572} INFO - DAG(s) dict_keys(['logger_dag']) retrieved from /usr/local/airflow/dags/logger_dag.py
[2023-08-10 08:20:43,813] {scheduler_job.py:161} INFO - Processing /usr/local/airflow/dags/logger_dag.py took 0.053 seconds
[2023-08-10 08:20:44,763] {logging_mixin.py:112} INFO - [2023-08-10 08:20:44,763] {settings.py:253} INFO - settings.configure_orm(): Using pool settings. pool_size=5, max_overflow=10, pool_recycle=1800, pid=128
[2023-08-10 08:20:44,765] {scheduler_job.py:153} INFO - Started process (PID=128) to work on /usr/local/airflow/dags/logger_dag.py
[2023-08-10 08:20:44,768] {scheduler_job.py:1560} INFO - Processing file /usr/local/airflow/dags/logger_dag.py for tasks to queue
[2023-08-10 08:20:44,769] {logging_mixin.py:112} INFO - [2023-08-10 08:20:44,769] {dagbag.py:403} INFO - Filling up the DagBag from /usr/local/airflow/dags/logger_dag.py
[2023-08-10 08:20:44,783] {scheduler_job.py:1572} INFO - DAG(s) dict_keys(['logger_dag']) retrieved from /usr/local/airflow/dags/logger_dag.py
[2023-08-10 08:20:44,905] {scheduler_job.py:161} INFO - Processing /usr/local/airflow/dags/logger_dag.py took 0.139 seconds
[2023-08-10 08:20:45,772] {logging_mixin.py:112} INFO - [2023-08-10 08:20:45,772] {settings.py:253} INFO - settings.configure_orm(): Using pool settings. pool_size=5, max_overflow=10, pool_recycle=1800, pid=130
[2023-08-10 08:20:45,774] {scheduler_job.py:153} INFO - Started process (PID=130) to work on /usr/local/airflow/dags/logger_dag.py
[2023-08-10 08:20:45,776] {scheduler_job.py:1560} INFO - Processing file /usr/local/airflow/dags/logger_dag.py for tasks to queue
[2023-08-10 08:20:45,777] {logging_mixin.py:112} INFO - [2023-08-10 08:20:45,776] {dagbag.py:403} INFO - Filling up the DagBag from /usr/local/airflow/dags/logger_dag.py
[2023-08-10 08:20:45,791] {scheduler_job.py:1572} INFO - DAG(s) dict_keys(['logger_dag']) retrieved from /usr/local/airflow/dags/logger_dag.py
[2023-08-10 08:20:45,828] {scheduler_job.py:161} INFO - Processing /usr/local/airflow/dags/logger_dag.py took 0.054 seconds
[2023-08-10 08:20:46,782] {logging_mixin.py:112} INFO - [2023-08-10 08:20:46,782] {settings.py:253} INFO - settings.configure_orm(): Using pool settings. pool_size=5, max_overflow=10, pool_recycle=1800, pid=132
[2023-08-10 08:20:46,785] {scheduler_job.py:153} INFO - Started process (PID=132) to work on /usr/local/airflow/dags/logger_dag.py
[2023-08-10 08:20:46,787] {scheduler_job.py:1560} INFO - Processing file /usr/local/airflow/dags/logger_dag.py for tasks to queue
[2023-08-10 08:20:46,787] {logging_mixin.py:112} INFO - [2023-08-10 08:20:46,787] {dagbag.py:403} INFO - Filling up the DagBag from /usr/local/airflow/dags/logger_dag.py
[2023-08-10 08:20:46,802] {scheduler_job.py:1572} INFO - DAG(s) dict_keys(['logger_dag']) retrieved from /usr/local/airflow/dags/logger_dag.py
[2023-08-10 08:20:46,838] {scheduler_job.py:161} INFO - Processing /usr/local/airflow/dags/logger_dag.py took 0.053 seconds
[2023-08-10 08:20:47,790] {logging_mixin.py:112} INFO - [2023-08-10 08:20:47,790] {settings.py:253} INFO - settings.configure_orm(): Using pool settings. pool_size=5, max_overflow=10, pool_recycle=1800, pid=134
[2023-08-10 08:20:47,792] {scheduler_job.py:153} INFO - Started process (PID=134) to work on /usr/local/airflow/dags/logger_dag.py
[2023-08-10 08:20:47,794] {scheduler_job.py:1560} INFO - Processing file /usr/local/airflow/dags/logger_dag.py for tasks to queue
[2023-08-10 08:20:47,795] {logging_mixin.py:112} INFO - [2023-08-10 08:20:47,795] {dagbag.py:403} INFO - Filling up the DagBag from /usr/local/airflow/dags/logger_dag.py
[2023-08-10 08:20:47,810] {scheduler_job.py:1572} INFO - DAG(s) dict_keys(['logger_dag']) retrieved from /usr/local/airflow/dags/logger_dag.py
[2023-08-10 08:20:47,840] {scheduler_job.py:161} INFO - Processing /usr/local/airflow/dags/logger_dag.py took 0.048 seconds
[2023-08-10 08:20:48,796] {logging_mixin.py:112} INFO - [2023-08-10 08:20:48,796] {settings.py:253} INFO - settings.configure_orm(): Using pool settings. pool_size=5, max_overflow=10, pool_recycle=1800, pid=136
[2023-08-10 08:20:48,798] {scheduler_job.py:153} INFO - Started process (PID=136) to work on /usr/local/airflow/dags/logger_dag.py
[2023-08-10 08:20:48,801] {scheduler_job.py:1560} INFO - Processing file /usr/local/airflow/dags/logger_dag.py for tasks to queue
[2023-08-10 08:20:48,802] {logging_mixin.py:112} INFO - [2023-08-10 08:20:48,802] {dagbag.py:403} INFO - Filling up the DagBag from /usr/local/airflow/dags/logger_dag.py
[2023-08-10 08:20:48,828] {scheduler_job.py:1572} INFO - DAG(s) dict_keys(['logger_dag']) retrieved from /usr/local/airflow/dags/logger_dag.py
[2023-08-10 08:20:48,894] {scheduler_job.py:161} INFO - Processing /usr/local/airflow/dags/logger_dag.py took 0.096 seconds
[2023-08-10 08:20:49,803] {logging_mixin.py:112} INFO - [2023-08-10 08:20:49,803] {settings.py:253} INFO - settings.configure_orm(): Using pool settings. pool_size=5, max_overflow=10, pool_recycle=1800, pid=138
[2023-08-10 08:20:49,805] {scheduler_job.py:153} INFO - Started process (PID=138) to work on /usr/local/airflow/dags/logger_dag.py
[2023-08-10 08:20:49,807] {scheduler_job.py:1560} INFO - Processing file /usr/local/airflow/dags/logger_dag.py for tasks to queue
[2023-08-10 08:20:49,807] {logging_mixin.py:112} INFO - [2023-08-10 08:20:49,807] {dagbag.py:403} INFO - Filling up the DagBag from /usr/local/airflow/dags/logger_dag.py
[2023-08-10 08:20:49,821] {scheduler_job.py:1572} INFO - DAG(s) dict_keys(['logger_dag']) retrieved from /usr/local/airflow/dags/logger_dag.py
[2023-08-10 08:20:49,844] {scheduler_job.py:161} INFO - Processing /usr/local/airflow/dags/logger_dag.py took 0.039 seconds
[2023-08-10 08:20:50,811] {logging_mixin.py:112} INFO - [2023-08-10 08:20:50,811] {settings.py:253} INFO - settings.configure_orm(): Using pool settings. pool_size=5, max_overflow=10, pool_recycle=1800, pid=140
[2023-08-10 08:20:50,813] {scheduler_job.py:153} INFO - Started process (PID=140) to work on /usr/local/airflow/dags/logger_dag.py
[2023-08-10 08:20:50,816] {scheduler_job.py:1560} INFO - Processing file /usr/local/airflow/dags/logger_dag.py for tasks to queue
[2023-08-10 08:20:50,817] {logging_mixin.py:112} INFO - [2023-08-10 08:20:50,817] {dagbag.py:403} INFO - Filling up the DagBag from /usr/local/airflow/dags/logger_dag.py
[2023-08-10 08:20:50,829] {scheduler_job.py:1572} INFO - DAG(s) dict_keys(['logger_dag']) retrieved from /usr/local/airflow/dags/logger_dag.py
[2023-08-10 08:20:50,853] {scheduler_job.py:161} INFO - Processing /usr/local/airflow/dags/logger_dag.py took 0.040 seconds
[2023-08-10 08:20:51,817] {logging_mixin.py:112} INFO - [2023-08-10 08:20:51,817] {settings.py:253} INFO - settings.configure_orm(): Using pool settings. pool_size=5, max_overflow=10, pool_recycle=1800, pid=142
[2023-08-10 08:20:51,819] {scheduler_job.py:153} INFO - Started process (PID=142) to work on /usr/local/airflow/dags/logger_dag.py
[2023-08-10 08:20:51,821] {scheduler_job.py:1560} INFO - Processing file /usr/local/airflow/dags/logger_dag.py for tasks to queue
[2023-08-10 08:20:51,821] {logging_mixin.py:112} INFO - [2023-08-10 08:20:51,821] {dagbag.py:403} INFO - Filling up the DagBag from /usr/local/airflow/dags/logger_dag.py
[2023-08-10 08:20:51,834] {scheduler_job.py:1572} INFO - DAG(s) dict_keys(['logger_dag']) retrieved from /usr/local/airflow/dags/logger_dag.py
[2023-08-10 08:20:51,864] {scheduler_job.py:161} INFO - Processing /usr/local/airflow/dags/logger_dag.py took 0.045 seconds
[2023-08-10 08:20:52,828] {logging_mixin.py:112} INFO - [2023-08-10 08:20:52,828] {settings.py:253} INFO - settings.configure_orm(): Using pool settings. pool_size=5, max_overflow=10, pool_recycle=1800, pid=144
[2023-08-10 08:20:52,830] {scheduler_job.py:153} INFO - Started process (PID=144) to work on /usr/local/airflow/dags/logger_dag.py
[2023-08-10 08:20:52,832] {scheduler_job.py:1560} INFO - Processing file /usr/local/airflow/dags/logger_dag.py for tasks to queue
[2023-08-10 08:20:52,832] {logging_mixin.py:112} INFO - [2023-08-10 08:20:52,832] {dagbag.py:403} INFO - Filling up the DagBag from /usr/local/airflow/dags/logger_dag.py
[2023-08-10 08:20:52,846] {scheduler_job.py:1572} INFO - DAG(s) dict_keys(['logger_dag']) retrieved from /usr/local/airflow/dags/logger_dag.py
[2023-08-10 08:20:52,867] {scheduler_job.py:161} INFO - Processing /usr/local/airflow/dags/logger_dag.py took 0.037 seconds
[2023-08-10 08:20:53,836] {logging_mixin.py:112} INFO - [2023-08-10 08:20:53,836] {settings.py:253} INFO - settings.configure_orm(): Using pool settings. pool_size=5, max_overflow=10, pool_recycle=1800, pid=146
[2023-08-10 08:20:53,838] {scheduler_job.py:153} INFO - Started process (PID=146) to work on /usr/local/airflow/dags/logger_dag.py
[2023-08-10 08:20:53,840] {scheduler_job.py:1560} INFO - Processing file /usr/local/airflow/dags/logger_dag.py for tasks to queue
[2023-08-10 08:20:53,840] {logging_mixin.py:112} INFO - [2023-08-10 08:20:53,840] {dagbag.py:403} INFO - Filling up the DagBag from /usr/local/airflow/dags/logger_dag.py
[2023-08-10 08:20:53,854] {scheduler_job.py:1572} INFO - DAG(s) dict_keys(['logger_dag']) retrieved from /usr/local/airflow/dags/logger_dag.py
[2023-08-10 08:20:53,876] {scheduler_job.py:161} INFO - Processing /usr/local/airflow/dags/logger_dag.py took 0.038 seconds
[2023-08-10 08:20:54,840] {logging_mixin.py:112} INFO - [2023-08-10 08:20:54,840] {settings.py:253} INFO - settings.configure_orm(): Using pool settings. pool_size=5, max_overflow=10, pool_recycle=1800, pid=148
[2023-08-10 08:20:54,842] {scheduler_job.py:153} INFO - Started process (PID=148) to work on /usr/local/airflow/dags/logger_dag.py
[2023-08-10 08:20:54,844] {scheduler_job.py:1560} INFO - Processing file /usr/local/airflow/dags/logger_dag.py for tasks to queue
[2023-08-10 08:20:54,845] {logging_mixin.py:112} INFO - [2023-08-10 08:20:54,845] {dagbag.py:403} INFO - Filling up the DagBag from /usr/local/airflow/dags/logger_dag.py
[2023-08-10 08:20:54,859] {scheduler_job.py:1572} INFO - DAG(s) dict_keys(['logger_dag']) retrieved from /usr/local/airflow/dags/logger_dag.py
[2023-08-10 08:20:54,880] {scheduler_job.py:161} INFO - Processing /usr/local/airflow/dags/logger_dag.py took 0.038 seconds
[2023-08-10 08:20:55,846] {logging_mixin.py:112} INFO - [2023-08-10 08:20:55,845] {settings.py:253} INFO - settings.configure_orm(): Using pool settings. pool_size=5, max_overflow=10, pool_recycle=1800, pid=150
[2023-08-10 08:20:55,848] {scheduler_job.py:153} INFO - Started process (PID=150) to work on /usr/local/airflow/dags/logger_dag.py
[2023-08-10 08:20:55,850] {scheduler_job.py:1560} INFO - Processing file /usr/local/airflow/dags/logger_dag.py for tasks to queue
[2023-08-10 08:20:55,850] {logging_mixin.py:112} INFO - [2023-08-10 08:20:55,850] {dagbag.py:403} INFO - Filling up the DagBag from /usr/local/airflow/dags/logger_dag.py
[2023-08-10 08:20:55,864] {scheduler_job.py:1572} INFO - DAG(s) dict_keys(['logger_dag']) retrieved from /usr/local/airflow/dags/logger_dag.py
[2023-08-10 08:20:55,887] {scheduler_job.py:161} INFO - Processing /usr/local/airflow/dags/logger_dag.py took 0.039 seconds
[2023-08-10 08:20:56,853] {logging_mixin.py:112} INFO - [2023-08-10 08:20:56,853] {settings.py:253} INFO - settings.configure_orm(): Using pool settings. pool_size=5, max_overflow=10, pool_recycle=1800, pid=152
[2023-08-10 08:20:56,855] {scheduler_job.py:153} INFO - Started process (PID=152) to work on /usr/local/airflow/dags/logger_dag.py
[2023-08-10 08:20:56,857] {scheduler_job.py:1560} INFO - Processing file /usr/local/airflow/dags/logger_dag.py for tasks to queue
[2023-08-10 08:20:56,858] {logging_mixin.py:112} INFO - [2023-08-10 08:20:56,857] {dagbag.py:403} INFO - Filling up the DagBag from /usr/local/airflow/dags/logger_dag.py
[2023-08-10 08:20:56,872] {scheduler_job.py:1572} INFO - DAG(s) dict_keys(['logger_dag']) retrieved from /usr/local/airflow/dags/logger_dag.py
[2023-08-10 08:20:56,895] {scheduler_job.py:161} INFO - Processing /usr/local/airflow/dags/logger_dag.py took 0.040 seconds
[2023-08-10 08:20:57,861] {logging_mixin.py:112} INFO - [2023-08-10 08:20:57,861] {settings.py:253} INFO - settings.configure_orm(): Using pool settings. pool_size=5, max_overflow=10, pool_recycle=1800, pid=154
[2023-08-10 08:20:57,864] {scheduler_job.py:153} INFO - Started process (PID=154) to work on /usr/local/airflow/dags/logger_dag.py
[2023-08-10 08:20:57,865] {scheduler_job.py:1560} INFO - Processing file /usr/local/airflow/dags/logger_dag.py for tasks to queue
[2023-08-10 08:20:57,866] {logging_mixin.py:112} INFO - [2023-08-10 08:20:57,866] {dagbag.py:403} INFO - Filling up the DagBag from /usr/local/airflow/dags/logger_dag.py
[2023-08-10 08:20:57,880] {scheduler_job.py:1572} INFO - DAG(s) dict_keys(['logger_dag']) retrieved from /usr/local/airflow/dags/logger_dag.py
[2023-08-10 08:20:57,966] {scheduler_job.py:161} INFO - Processing /usr/local/airflow/dags/logger_dag.py took 0.102 seconds
[2023-08-10 08:20:58,867] {logging_mixin.py:112} INFO - [2023-08-10 08:20:58,867] {settings.py:253} INFO - settings.configure_orm(): Using pool settings. pool_size=5, max_overflow=10, pool_recycle=1800, pid=156
[2023-08-10 08:20:58,869] {scheduler_job.py:153} INFO - Started process (PID=156) to work on /usr/local/airflow/dags/logger_dag.py
[2023-08-10 08:20:58,872] {scheduler_job.py:1560} INFO - Processing file /usr/local/airflow/dags/logger_dag.py for tasks to queue
[2023-08-10 08:20:58,872] {logging_mixin.py:112} INFO - [2023-08-10 08:20:58,872] {dagbag.py:403} INFO - Filling up the DagBag from /usr/local/airflow/dags/logger_dag.py
[2023-08-10 08:20:58,888] {scheduler_job.py:1572} INFO - DAG(s) dict_keys(['logger_dag']) retrieved from /usr/local/airflow/dags/logger_dag.py
[2023-08-10 08:20:58,924] {scheduler_job.py:161} INFO - Processing /usr/local/airflow/dags/logger_dag.py took 0.055 seconds
[2023-08-10 08:20:59,875] {logging_mixin.py:112} INFO - [2023-08-10 08:20:59,875] {settings.py:253} INFO - settings.configure_orm(): Using pool settings. pool_size=5, max_overflow=10, pool_recycle=1800, pid=158
[2023-08-10 08:20:59,878] {scheduler_job.py:153} INFO - Started process (PID=158) to work on /usr/local/airflow/dags/logger_dag.py
[2023-08-10 08:20:59,880] {scheduler_job.py:1560} INFO - Processing file /usr/local/airflow/dags/logger_dag.py for tasks to queue
[2023-08-10 08:20:59,881] {logging_mixin.py:112} INFO - [2023-08-10 08:20:59,881] {dagbag.py:403} INFO - Filling up the DagBag from /usr/local/airflow/dags/logger_dag.py
[2023-08-10 08:20:59,896] {scheduler_job.py:1572} INFO - DAG(s) dict_keys(['logger_dag']) retrieved from /usr/local/airflow/dags/logger_dag.py
[2023-08-10 08:20:59,920] {scheduler_job.py:161} INFO - Processing /usr/local/airflow/dags/logger_dag.py took 0.043 seconds
[2023-08-10 08:21:00,882] {logging_mixin.py:112} INFO - [2023-08-10 08:21:00,882] {settings.py:253} INFO - settings.configure_orm(): Using pool settings. pool_size=5, max_overflow=10, pool_recycle=1800, pid=160
[2023-08-10 08:21:00,884] {scheduler_job.py:153} INFO - Started process (PID=160) to work on /usr/local/airflow/dags/logger_dag.py
[2023-08-10 08:21:00,886] {scheduler_job.py:1560} INFO - Processing file /usr/local/airflow/dags/logger_dag.py for tasks to queue
[2023-08-10 08:21:00,886] {logging_mixin.py:112} INFO - [2023-08-10 08:21:00,886] {dagbag.py:403} INFO - Filling up the DagBag from /usr/local/airflow/dags/logger_dag.py
[2023-08-10 08:21:00,900] {scheduler_job.py:1572} INFO - DAG(s) dict_keys(['logger_dag']) retrieved from /usr/local/airflow/dags/logger_dag.py
[2023-08-10 08:21:00,926] {scheduler_job.py:161} INFO - Processing /usr/local/airflow/dags/logger_dag.py took 0.042 seconds
[2023-08-10 08:21:01,890] {logging_mixin.py:112} INFO - [2023-08-10 08:21:01,889] {settings.py:253} INFO - settings.configure_orm(): Using pool settings. pool_size=5, max_overflow=10, pool_recycle=1800, pid=162
[2023-08-10 08:21:01,892] {scheduler_job.py:153} INFO - Started process (PID=162) to work on /usr/local/airflow/dags/logger_dag.py
[2023-08-10 08:21:01,894] {scheduler_job.py:1560} INFO - Processing file /usr/local/airflow/dags/logger_dag.py for tasks to queue
[2023-08-10 08:21:01,895] {logging_mixin.py:112} INFO - [2023-08-10 08:21:01,895] {dagbag.py:403} INFO - Filling up the DagBag from /usr/local/airflow/dags/logger_dag.py
[2023-08-10 08:21:01,909] {scheduler_job.py:1572} INFO - DAG(s) dict_keys(['logger_dag']) retrieved from /usr/local/airflow/dags/logger_dag.py
[2023-08-10 08:21:01,934] {scheduler_job.py:161} INFO - Processing /usr/local/airflow/dags/logger_dag.py took 0.043 seconds
[2023-08-10 08:21:02,901] {logging_mixin.py:112} INFO - [2023-08-10 08:21:02,900] {settings.py:253} INFO - settings.configure_orm(): Using pool settings. pool_size=5, max_overflow=10, pool_recycle=1800, pid=164
[2023-08-10 08:21:02,903] {scheduler_job.py:153} INFO - Started process (PID=164) to work on /usr/local/airflow/dags/logger_dag.py
[2023-08-10 08:21:02,905] {scheduler_job.py:1560} INFO - Processing file /usr/local/airflow/dags/logger_dag.py for tasks to queue
[2023-08-10 08:21:02,906] {logging_mixin.py:112} INFO - [2023-08-10 08:21:02,906] {dagbag.py:403} INFO - Filling up the DagBag from /usr/local/airflow/dags/logger_dag.py
[2023-08-10 08:21:02,920] {scheduler_job.py:1572} INFO - DAG(s) dict_keys(['logger_dag']) retrieved from /usr/local/airflow/dags/logger_dag.py
[2023-08-10 08:21:02,946] {scheduler_job.py:161} INFO - Processing /usr/local/airflow/dags/logger_dag.py took 0.043 seconds
[2023-08-10 08:21:03,910] {logging_mixin.py:112} INFO - [2023-08-10 08:21:03,910] {settings.py:253} INFO - settings.configure_orm(): Using pool settings. pool_size=5, max_overflow=10, pool_recycle=1800, pid=166
[2023-08-10 08:21:03,913] {scheduler_job.py:153} INFO - Started process (PID=166) to work on /usr/local/airflow/dags/logger_dag.py
[2023-08-10 08:21:03,915] {scheduler_job.py:1560} INFO - Processing file /usr/local/airflow/dags/logger_dag.py for tasks to queue
[2023-08-10 08:21:03,916] {logging_mixin.py:112} INFO - [2023-08-10 08:21:03,916] {dagbag.py:403} INFO - Filling up the DagBag from /usr/local/airflow/dags/logger_dag.py
[2023-08-10 08:21:03,932] {scheduler_job.py:1572} INFO - DAG(s) dict_keys(['logger_dag']) retrieved from /usr/local/airflow/dags/logger_dag.py
[2023-08-10 08:21:03,957] {scheduler_job.py:161} INFO - Processing /usr/local/airflow/dags/logger_dag.py took 0.043 seconds
[2023-08-10 08:21:04,916] {logging_mixin.py:112} INFO - [2023-08-10 08:21:04,916] {settings.py:253} INFO - settings.configure_orm(): Using pool settings. pool_size=5, max_overflow=10, pool_recycle=1800, pid=168
[2023-08-10 08:21:04,919] {scheduler_job.py:153} INFO - Started process (PID=168) to work on /usr/local/airflow/dags/logger_dag.py
[2023-08-10 08:21:04,921] {scheduler_job.py:1560} INFO - Processing file /usr/local/airflow/dags/logger_dag.py for tasks to queue
[2023-08-10 08:21:04,922] {logging_mixin.py:112} INFO - [2023-08-10 08:21:04,921] {dagbag.py:403} INFO - Filling up the DagBag from /usr/local/airflow/dags/logger_dag.py
[2023-08-10 08:21:04,935] {scheduler_job.py:1572} INFO - DAG(s) dict_keys(['logger_dag']) retrieved from /usr/local/airflow/dags/logger_dag.py
[2023-08-10 08:21:04,958] {scheduler_job.py:161} INFO - Processing /usr/local/airflow/dags/logger_dag.py took 0.039 seconds
[2023-08-10 08:21:05,922] {logging_mixin.py:112} INFO - [2023-08-10 08:21:05,922] {settings.py:253} INFO - settings.configure_orm(): Using pool settings. pool_size=5, max_overflow=10, pool_recycle=1800, pid=170
[2023-08-10 08:21:05,924] {scheduler_job.py:153} INFO - Started process (PID=170) to work on /usr/local/airflow/dags/logger_dag.py
[2023-08-10 08:21:05,926] {scheduler_job.py:1560} INFO - Processing file /usr/local/airflow/dags/logger_dag.py for tasks to queue
[2023-08-10 08:21:05,927] {logging_mixin.py:112} INFO - [2023-08-10 08:21:05,926] {dagbag.py:403} INFO - Filling up the DagBag from /usr/local/airflow/dags/logger_dag.py
[2023-08-10 08:21:05,941] {scheduler_job.py:1572} INFO - DAG(s) dict_keys(['logger_dag']) retrieved from /usr/local/airflow/dags/logger_dag.py
[2023-08-10 08:21:05,963] {scheduler_job.py:161} INFO - Processing /usr/local/airflow/dags/logger_dag.py took 0.039 seconds
[2023-08-10 08:21:06,931] {logging_mixin.py:112} INFO - [2023-08-10 08:21:06,931] {settings.py:253} INFO - settings.configure_orm(): Using pool settings. pool_size=5, max_overflow=10, pool_recycle=1800, pid=172
[2023-08-10 08:21:06,933] {scheduler_job.py:153} INFO - Started process (PID=172) to work on /usr/local/airflow/dags/logger_dag.py
[2023-08-10 08:21:06,935] {scheduler_job.py:1560} INFO - Processing file /usr/local/airflow/dags/logger_dag.py for tasks to queue
[2023-08-10 08:21:06,936] {logging_mixin.py:112} INFO - [2023-08-10 08:21:06,936] {dagbag.py:403} INFO - Filling up the DagBag from /usr/local/airflow/dags/logger_dag.py
[2023-08-10 08:21:06,949] {scheduler_job.py:1572} INFO - DAG(s) dict_keys(['logger_dag']) retrieved from /usr/local/airflow/dags/logger_dag.py
[2023-08-10 08:21:06,970] {scheduler_job.py:161} INFO - Processing /usr/local/airflow/dags/logger_dag.py took 0.037 seconds
[2023-08-10 08:21:07,934] {logging_mixin.py:112} INFO - [2023-08-10 08:21:07,934] {settings.py:253} INFO - settings.configure_orm(): Using pool settings. pool_size=5, max_overflow=10, pool_recycle=1800, pid=174
[2023-08-10 08:21:07,937] {scheduler_job.py:153} INFO - Started process (PID=174) to work on /usr/local/airflow/dags/logger_dag.py
[2023-08-10 08:21:07,938] {scheduler_job.py:1560} INFO - Processing file /usr/local/airflow/dags/logger_dag.py for tasks to queue
[2023-08-10 08:21:07,939] {logging_mixin.py:112} INFO - [2023-08-10 08:21:07,939] {dagbag.py:403} INFO - Filling up the DagBag from /usr/local/airflow/dags/logger_dag.py
[2023-08-10 08:21:07,953] {scheduler_job.py:1572} INFO - DAG(s) dict_keys(['logger_dag']) retrieved from /usr/local/airflow/dags/logger_dag.py
[2023-08-10 08:21:07,973] {scheduler_job.py:161} INFO - Processing /usr/local/airflow/dags/logger_dag.py took 0.036 seconds
[2023-08-10 08:21:08,940] {logging_mixin.py:112} INFO - [2023-08-10 08:21:08,940] {settings.py:253} INFO - settings.configure_orm(): Using pool settings. pool_size=5, max_overflow=10, pool_recycle=1800, pid=176
[2023-08-10 08:21:08,943] {scheduler_job.py:153} INFO - Started process (PID=176) to work on /usr/local/airflow/dags/logger_dag.py
[2023-08-10 08:21:08,945] {scheduler_job.py:1560} INFO - Processing file /usr/local/airflow/dags/logger_dag.py for tasks to queue
[2023-08-10 08:21:08,945] {logging_mixin.py:112} INFO - [2023-08-10 08:21:08,945] {dagbag.py:403} INFO - Filling up the DagBag from /usr/local/airflow/dags/logger_dag.py
[2023-08-10 08:21:08,959] {scheduler_job.py:1572} INFO - DAG(s) dict_keys(['logger_dag']) retrieved from /usr/local/airflow/dags/logger_dag.py
[2023-08-10 08:21:09,008] {scheduler_job.py:161} INFO - Processing /usr/local/airflow/dags/logger_dag.py took 0.065 seconds
[2023-08-10 08:21:09,949] {logging_mixin.py:112} INFO - [2023-08-10 08:21:09,949] {settings.py:253} INFO - settings.configure_orm(): Using pool settings. pool_size=5, max_overflow=10, pool_recycle=1800, pid=178
[2023-08-10 08:21:09,952] {scheduler_job.py:153} INFO - Started process (PID=178) to work on /usr/local/airflow/dags/logger_dag.py
[2023-08-10 08:21:09,954] {scheduler_job.py:1560} INFO - Processing file /usr/local/airflow/dags/logger_dag.py for tasks to queue
[2023-08-10 08:21:09,955] {logging_mixin.py:112} INFO - [2023-08-10 08:21:09,955] {dagbag.py:403} INFO - Filling up the DagBag from /usr/local/airflow/dags/logger_dag.py
[2023-08-10 08:21:09,969] {scheduler_job.py:1572} INFO - DAG(s) dict_keys(['logger_dag']) retrieved from /usr/local/airflow/dags/logger_dag.py
[2023-08-10 08:21:09,997] {scheduler_job.py:161} INFO - Processing /usr/local/airflow/dags/logger_dag.py took 0.045 seconds
[2023-08-10 08:21:10,955] {logging_mixin.py:112} INFO - [2023-08-10 08:21:10,955] {settings.py:253} INFO - settings.configure_orm(): Using pool settings. pool_size=5, max_overflow=10, pool_recycle=1800, pid=180
[2023-08-10 08:21:10,957] {scheduler_job.py:153} INFO - Started process (PID=180) to work on /usr/local/airflow/dags/logger_dag.py
[2023-08-10 08:21:10,958] {scheduler_job.py:1560} INFO - Processing file /usr/local/airflow/dags/logger_dag.py for tasks to queue
[2023-08-10 08:21:10,959] {logging_mixin.py:112} INFO - [2023-08-10 08:21:10,959] {dagbag.py:403} INFO - Filling up the DagBag from /usr/local/airflow/dags/logger_dag.py
[2023-08-10 08:21:10,972] {scheduler_job.py:1572} INFO - DAG(s) dict_keys(['logger_dag']) retrieved from /usr/local/airflow/dags/logger_dag.py
[2023-08-10 08:21:10,992] {scheduler_job.py:161} INFO - Processing /usr/local/airflow/dags/logger_dag.py took 0.036 seconds
[2023-08-10 08:21:11,959] {logging_mixin.py:112} INFO - [2023-08-10 08:21:11,959] {settings.py:253} INFO - settings.configure_orm(): Using pool settings. pool_size=5, max_overflow=10, pool_recycle=1800, pid=182
[2023-08-10 08:21:11,961] {scheduler_job.py:153} INFO - Started process (PID=182) to work on /usr/local/airflow/dags/logger_dag.py
[2023-08-10 08:21:11,963] {scheduler_job.py:1560} INFO - Processing file /usr/local/airflow/dags/logger_dag.py for tasks to queue
[2023-08-10 08:21:11,963] {logging_mixin.py:112} INFO - [2023-08-10 08:21:11,963] {dagbag.py:403} INFO - Filling up the DagBag from /usr/local/airflow/dags/logger_dag.py
[2023-08-10 08:21:11,976] {scheduler_job.py:1572} INFO - DAG(s) dict_keys(['logger_dag']) retrieved from /usr/local/airflow/dags/logger_dag.py
[2023-08-10 08:21:12,001] {scheduler_job.py:161} INFO - Processing /usr/local/airflow/dags/logger_dag.py took 0.040 seconds
[2023-08-10 08:21:12,970] {logging_mixin.py:112} INFO - [2023-08-10 08:21:12,970] {settings.py:253} INFO - settings.configure_orm(): Using pool settings. pool_size=5, max_overflow=10, pool_recycle=1800, pid=184
[2023-08-10 08:21:12,972] {scheduler_job.py:153} INFO - Started process (PID=184) to work on /usr/local/airflow/dags/logger_dag.py
[2023-08-10 08:21:12,974] {scheduler_job.py:1560} INFO - Processing file /usr/local/airflow/dags/logger_dag.py for tasks to queue
[2023-08-10 08:21:12,974] {logging_mixin.py:112} INFO - [2023-08-10 08:21:12,974] {dagbag.py:403} INFO - Filling up the DagBag from /usr/local/airflow/dags/logger_dag.py
[2023-08-10 08:21:12,988] {scheduler_job.py:1572} INFO - DAG(s) dict_keys(['logger_dag']) retrieved from /usr/local/airflow/dags/logger_dag.py
[2023-08-10 08:21:13,007] {scheduler_job.py:161} INFO - Processing /usr/local/airflow/dags/logger_dag.py took 0.036 seconds
