[2023-08-16T10:21:28.222+0000] {taskinstance.py:1083} INFO - Dependencies all met for <TaskInstance: forex_data_pipeline.is_forex_currencies_file_available manual__2023-08-16T10:21:25.179872+00:00 [queued]>
[2023-08-16T10:21:28.243+0000] {taskinstance.py:1083} INFO - Dependencies all met for <TaskInstance: forex_data_pipeline.is_forex_currencies_file_available manual__2023-08-16T10:21:25.179872+00:00 [queued]>
[2023-08-16T10:21:28.244+0000] {taskinstance.py:1279} INFO - 
--------------------------------------------------------------------------------
[2023-08-16T10:21:28.244+0000] {taskinstance.py:1280} INFO - Starting attempt 1 of 2
[2023-08-16T10:21:28.245+0000] {taskinstance.py:1281} INFO - 
--------------------------------------------------------------------------------
[2023-08-16T10:21:28.261+0000] {taskinstance.py:1300} INFO - Executing <Task(FileSensor): is_forex_currencies_file_available> on 2023-08-16 10:21:25.179872+00:00
[2023-08-16T10:21:28.270+0000] {standard_task_runner.py:55} INFO - Started process 4441 to run task
[2023-08-16T10:21:28.280+0000] {standard_task_runner.py:82} INFO - Running: ['***', 'tasks', 'run', 'forex_data_pipeline', 'is_forex_currencies_file_available', 'manual__2023-08-16T10:21:25.179872+00:00', '--job-id', '99', '--raw', '--subdir', 'DAGS_FOLDER/forex_data_pipeline.py', '--cfg-path', '/tmp/tmpf_tfvwqd']
[2023-08-16T10:21:28.281+0000] {standard_task_runner.py:83} INFO - Job 99: Subtask is_forex_currencies_file_available
[2023-08-16T10:21:28.417+0000] {task_command.py:388} INFO - Running <TaskInstance: forex_data_pipeline.is_forex_currencies_file_available manual__2023-08-16T10:21:25.179872+00:00 [running]> on host 6823fccb1f19
[2023-08-16T10:21:28.519+0000] {taskinstance.py:1509} INFO - Exporting the following env vars:
AIRFLOW_CTX_DAG_EMAIL=admin@localhost.com
AIRFLOW_CTX_DAG_OWNER=***
AIRFLOW_CTX_DAG_ID=forex_data_pipeline
AIRFLOW_CTX_TASK_ID=is_forex_currencies_file_available
AIRFLOW_CTX_EXECUTION_DATE=2023-08-16T10:21:25.179872+00:00
AIRFLOW_CTX_TRY_NUMBER=1
AIRFLOW_CTX_DAG_RUN_ID=manual__2023-08-16T10:21:25.179872+00:00
[2023-08-16T10:21:28.535+0000] {base.py:73} INFO - Using connection ID 'forex_path' for task execution.
[2023-08-16T10:21:28.536+0000] {filesystem.py:64} INFO - Poking for file /usr/local/***/dags/files/forex_currencies.csv
[2023-08-16T10:21:28.541+0000] {filesystem.py:69} INFO - Found File /usr/local/***/dags/files/forex_currencies.csv last modified: 20210411073714
[2023-08-16T10:21:28.541+0000] {base.py:228} INFO - Success criteria met. Exiting.
[2023-08-16T10:21:28.552+0000] {taskinstance.py:1323} INFO - Marking task as SUCCESS. dag_id=forex_data_pipeline, task_id=is_forex_currencies_file_available, execution_date=20230816T102125, start_date=20230816T102128, end_date=20230816T102128
[2023-08-16T10:21:28.613+0000] {local_task_job.py:208} INFO - Task exited with return code 0
[2023-08-16T10:21:28.647+0000] {taskinstance.py:2578} INFO - 1 downstream tasks scheduled from follow-on schedule check
