[2023-07-24T06:31:22.747+0000] {processor.py:153} INFO - Started process (PID=37) to work on /opt/airflow/dags/forex_data_pipeline.py
[2023-07-24T06:31:22.750+0000] {processor.py:743} INFO - Processing file /opt/airflow/dags/forex_data_pipeline.py for tasks to queue
[2023-07-24T06:31:22.751+0000] {logging_mixin.py:137} INFO - [2023-07-24T06:31:22.751+0000] {dagbag.py:538} INFO - Filling up the DagBag from /opt/airflow/dags/forex_data_pipeline.py
[2023-07-24T06:31:22.838+0000] {logging_mixin.py:137} INFO - [2023-07-24T06:31:22.835+0000] {dagbag.py:343} ERROR - Failed to import: /opt/airflow/dags/forex_data_pipeline.py
Traceback (most recent call last):
  File "/home/airflow/.local/lib/python3.8/site-packages/airflow/models/dagbag.py", line 339, in parse
    loader.exec_module(new_module)
  File "<frozen importlib._bootstrap_external>", line 843, in exec_module
  File "<frozen importlib._bootstrap>", line 219, in _call_with_frames_removed
  File "/opt/airflow/dags/forex_data_pipeline.py", line 6, in <module>
    from airflow.providers.apache.hive.operators.hive import HiveOperator
ModuleNotFoundError: No module named 'airflow.providers.apache'
[2023-07-24T06:31:22.840+0000] {processor.py:755} WARNING - No viable dags retrieved from /opt/airflow/dags/forex_data_pipeline.py
[2023-07-24T06:31:22.897+0000] {processor.py:175} INFO - Processing /opt/airflow/dags/forex_data_pipeline.py took 0.156 seconds
[2023-07-24T06:31:52.988+0000] {processor.py:153} INFO - Started process (PID=38) to work on /opt/airflow/dags/forex_data_pipeline.py
[2023-07-24T06:31:52.990+0000] {processor.py:743} INFO - Processing file /opt/airflow/dags/forex_data_pipeline.py for tasks to queue
[2023-07-24T06:31:52.992+0000] {logging_mixin.py:137} INFO - [2023-07-24T06:31:52.991+0000] {dagbag.py:538} INFO - Filling up the DagBag from /opt/airflow/dags/forex_data_pipeline.py
[2023-07-24T06:31:53.087+0000] {logging_mixin.py:137} INFO - [2023-07-24T06:31:53.083+0000] {dagbag.py:343} ERROR - Failed to import: /opt/airflow/dags/forex_data_pipeline.py
Traceback (most recent call last):
  File "/home/airflow/.local/lib/python3.8/site-packages/airflow/models/dagbag.py", line 339, in parse
    loader.exec_module(new_module)
  File "<frozen importlib._bootstrap_external>", line 843, in exec_module
  File "<frozen importlib._bootstrap>", line 219, in _call_with_frames_removed
  File "/opt/airflow/dags/forex_data_pipeline.py", line 6, in <module>
    from airflow.providers.apache.hive.operators.hive import HiveOperator
ModuleNotFoundError: No module named 'airflow.providers.apache'
[2023-07-24T06:31:53.089+0000] {processor.py:755} WARNING - No viable dags retrieved from /opt/airflow/dags/forex_data_pipeline.py
[2023-07-24T06:31:53.158+0000] {processor.py:175} INFO - Processing /opt/airflow/dags/forex_data_pipeline.py took 0.182 seconds
[2023-07-24T06:32:23.303+0000] {processor.py:153} INFO - Started process (PID=39) to work on /opt/airflow/dags/forex_data_pipeline.py
[2023-07-24T06:32:23.304+0000] {processor.py:743} INFO - Processing file /opt/airflow/dags/forex_data_pipeline.py for tasks to queue
[2023-07-24T06:32:23.305+0000] {logging_mixin.py:137} INFO - [2023-07-24T06:32:23.305+0000] {dagbag.py:538} INFO - Filling up the DagBag from /opt/airflow/dags/forex_data_pipeline.py
[2023-07-24T06:32:23.342+0000] {logging_mixin.py:137} INFO - [2023-07-24T06:32:23.337+0000] {dagbag.py:343} ERROR - Failed to import: /opt/airflow/dags/forex_data_pipeline.py
Traceback (most recent call last):
  File "/home/airflow/.local/lib/python3.8/site-packages/airflow/models/dagbag.py", line 339, in parse
    loader.exec_module(new_module)
  File "<frozen importlib._bootstrap_external>", line 843, in exec_module
  File "<frozen importlib._bootstrap>", line 219, in _call_with_frames_removed
  File "/opt/airflow/dags/forex_data_pipeline.py", line 6, in <module>
    from airflow.providers.apache.hive.operators.hive import HiveOperator
ModuleNotFoundError: No module named 'airflow.providers.apache'
[2023-07-24T06:32:23.343+0000] {processor.py:755} WARNING - No viable dags retrieved from /opt/airflow/dags/forex_data_pipeline.py
[2023-07-24T06:32:23.383+0000] {processor.py:175} INFO - Processing /opt/airflow/dags/forex_data_pipeline.py took 0.084 seconds
[2023-07-24T06:32:53.444+0000] {processor.py:153} INFO - Started process (PID=40) to work on /opt/airflow/dags/forex_data_pipeline.py
[2023-07-24T06:32:53.444+0000] {processor.py:743} INFO - Processing file /opt/airflow/dags/forex_data_pipeline.py for tasks to queue
[2023-07-24T06:32:53.445+0000] {logging_mixin.py:137} INFO - [2023-07-24T06:32:53.445+0000] {dagbag.py:538} INFO - Filling up the DagBag from /opt/airflow/dags/forex_data_pipeline.py
[2023-07-24T06:32:53.488+0000] {logging_mixin.py:137} INFO - [2023-07-24T06:32:53.484+0000] {dagbag.py:343} ERROR - Failed to import: /opt/airflow/dags/forex_data_pipeline.py
Traceback (most recent call last):
  File "/home/airflow/.local/lib/python3.8/site-packages/airflow/models/dagbag.py", line 339, in parse
    loader.exec_module(new_module)
  File "<frozen importlib._bootstrap_external>", line 843, in exec_module
  File "<frozen importlib._bootstrap>", line 219, in _call_with_frames_removed
  File "/opt/airflow/dags/forex_data_pipeline.py", line 6, in <module>
    from airflow.providers.apache.hive.operators.hive import HiveOperator
ModuleNotFoundError: No module named 'airflow.providers.apache'
[2023-07-24T06:32:53.489+0000] {processor.py:755} WARNING - No viable dags retrieved from /opt/airflow/dags/forex_data_pipeline.py
[2023-07-24T06:32:53.527+0000] {processor.py:175} INFO - Processing /opt/airflow/dags/forex_data_pipeline.py took 0.088 seconds
[2023-07-24T06:33:23.659+0000] {processor.py:153} INFO - Started process (PID=41) to work on /opt/airflow/dags/forex_data_pipeline.py
[2023-07-24T06:33:23.660+0000] {processor.py:743} INFO - Processing file /opt/airflow/dags/forex_data_pipeline.py for tasks to queue
[2023-07-24T06:33:23.660+0000] {logging_mixin.py:137} INFO - [2023-07-24T06:33:23.660+0000] {dagbag.py:538} INFO - Filling up the DagBag from /opt/airflow/dags/forex_data_pipeline.py
[2023-07-24T06:33:23.696+0000] {logging_mixin.py:137} INFO - [2023-07-24T06:33:23.693+0000] {dagbag.py:343} ERROR - Failed to import: /opt/airflow/dags/forex_data_pipeline.py
Traceback (most recent call last):
  File "/home/airflow/.local/lib/python3.8/site-packages/airflow/models/dagbag.py", line 339, in parse
    loader.exec_module(new_module)
  File "<frozen importlib._bootstrap_external>", line 843, in exec_module
  File "<frozen importlib._bootstrap>", line 219, in _call_with_frames_removed
  File "/opt/airflow/dags/forex_data_pipeline.py", line 6, in <module>
    from airflow.providers.apache.hive.operators.hive import HiveOperator
ModuleNotFoundError: No module named 'airflow.providers.apache'
[2023-07-24T06:33:23.697+0000] {processor.py:755} WARNING - No viable dags retrieved from /opt/airflow/dags/forex_data_pipeline.py
[2023-07-24T06:33:23.735+0000] {processor.py:175} INFO - Processing /opt/airflow/dags/forex_data_pipeline.py took 0.079 seconds
[2023-07-24T06:41:23.660+0000] {processor.py:153} INFO - Started process (PID=48) to work on /opt/airflow/dags/forex_data_pipeline.py
[2023-07-24T06:41:23.661+0000] {processor.py:743} INFO - Processing file /opt/airflow/dags/forex_data_pipeline.py for tasks to queue
[2023-07-24T06:41:23.662+0000] {logging_mixin.py:137} INFO - [2023-07-24T06:41:23.662+0000] {dagbag.py:538} INFO - Filling up the DagBag from /opt/airflow/dags/forex_data_pipeline.py
[2023-07-24T06:41:23.714+0000] {processor.py:753} INFO - DAG(s) dict_keys(['forex_data_pipeline']) retrieved from /opt/airflow/dags/forex_data_pipeline.py
[2023-07-24T06:41:23.766+0000] {logging_mixin.py:137} INFO - [2023-07-24T06:41:23.766+0000] {dag.py:2676} INFO - Sync 1 DAGs
[2023-07-24T06:41:24.190+0000] {logging_mixin.py:137} INFO - [2023-07-24T06:41:24.190+0000] {dag.py:3423} INFO - Setting next_dagrun for forex_data_pipeline to 2023-07-23T00:00:00+00:00, run_after=2023-07-24T00:00:00+00:00
[2023-07-24T06:41:24.214+0000] {processor.py:175} INFO - Processing /opt/airflow/dags/forex_data_pipeline.py took 0.556 seconds
[2023-07-24T06:41:54.373+0000] {processor.py:153} INFO - Started process (PID=49) to work on /opt/airflow/dags/forex_data_pipeline.py
[2023-07-24T06:41:54.374+0000] {processor.py:743} INFO - Processing file /opt/airflow/dags/forex_data_pipeline.py for tasks to queue
[2023-07-24T06:41:54.375+0000] {logging_mixin.py:137} INFO - [2023-07-24T06:41:54.375+0000] {dagbag.py:538} INFO - Filling up the DagBag from /opt/airflow/dags/forex_data_pipeline.py
[2023-07-24T06:41:54.418+0000] {processor.py:753} INFO - DAG(s) dict_keys(['forex_data_pipeline']) retrieved from /opt/airflow/dags/forex_data_pipeline.py
[2023-07-24T06:41:54.455+0000] {logging_mixin.py:137} INFO - [2023-07-24T06:41:54.455+0000] {dag.py:2676} INFO - Sync 1 DAGs
[2023-07-24T06:41:54.617+0000] {logging_mixin.py:137} INFO - [2023-07-24T06:41:54.617+0000] {dag.py:3423} INFO - Setting next_dagrun for forex_data_pipeline to 2023-07-23T00:00:00+00:00, run_after=2023-07-24T00:00:00+00:00
[2023-07-24T06:41:54.644+0000] {processor.py:175} INFO - Processing /opt/airflow/dags/forex_data_pipeline.py took 0.274 seconds
[2023-07-24T06:42:24.796+0000] {processor.py:153} INFO - Started process (PID=50) to work on /opt/airflow/dags/forex_data_pipeline.py
[2023-07-24T06:42:24.798+0000] {processor.py:743} INFO - Processing file /opt/airflow/dags/forex_data_pipeline.py for tasks to queue
[2023-07-24T06:42:24.799+0000] {logging_mixin.py:137} INFO - [2023-07-24T06:42:24.798+0000] {dagbag.py:538} INFO - Filling up the DagBag from /opt/airflow/dags/forex_data_pipeline.py
[2023-07-24T06:42:24.847+0000] {processor.py:753} INFO - DAG(s) dict_keys(['forex_data_pipeline']) retrieved from /opt/airflow/dags/forex_data_pipeline.py
[2023-07-24T06:42:25.034+0000] {logging_mixin.py:137} INFO - [2023-07-24T06:42:25.034+0000] {dag.py:2676} INFO - Sync 1 DAGs
[2023-07-24T06:42:25.062+0000] {logging_mixin.py:137} INFO - [2023-07-24T06:42:25.062+0000] {dag.py:3423} INFO - Setting next_dagrun for forex_data_pipeline to 2023-07-23T00:00:00+00:00, run_after=2023-07-24T00:00:00+00:00
[2023-07-24T06:42:25.089+0000] {processor.py:175} INFO - Processing /opt/airflow/dags/forex_data_pipeline.py took 0.296 seconds
[2023-07-24T06:42:55.234+0000] {processor.py:153} INFO - Started process (PID=51) to work on /opt/airflow/dags/forex_data_pipeline.py
[2023-07-24T06:42:55.235+0000] {processor.py:743} INFO - Processing file /opt/airflow/dags/forex_data_pipeline.py for tasks to queue
[2023-07-24T06:42:55.236+0000] {logging_mixin.py:137} INFO - [2023-07-24T06:42:55.236+0000] {dagbag.py:538} INFO - Filling up the DagBag from /opt/airflow/dags/forex_data_pipeline.py
[2023-07-24T06:42:55.276+0000] {processor.py:753} INFO - DAG(s) dict_keys(['forex_data_pipeline']) retrieved from /opt/airflow/dags/forex_data_pipeline.py
[2023-07-24T06:42:55.312+0000] {logging_mixin.py:137} INFO - [2023-07-24T06:42:55.312+0000] {dag.py:2676} INFO - Sync 1 DAGs
[2023-07-24T06:42:55.346+0000] {logging_mixin.py:137} INFO - [2023-07-24T06:42:55.346+0000] {dag.py:3423} INFO - Setting next_dagrun for forex_data_pipeline to 2023-07-23T00:00:00+00:00, run_after=2023-07-24T00:00:00+00:00
[2023-07-24T06:42:55.374+0000] {processor.py:175} INFO - Processing /opt/airflow/dags/forex_data_pipeline.py took 0.143 seconds
[2023-07-24T06:43:25.513+0000] {processor.py:153} INFO - Started process (PID=52) to work on /opt/airflow/dags/forex_data_pipeline.py
[2023-07-24T06:43:25.514+0000] {processor.py:743} INFO - Processing file /opt/airflow/dags/forex_data_pipeline.py for tasks to queue
[2023-07-24T06:43:25.515+0000] {logging_mixin.py:137} INFO - [2023-07-24T06:43:25.515+0000] {dagbag.py:538} INFO - Filling up the DagBag from /opt/airflow/dags/forex_data_pipeline.py
[2023-07-24T06:43:25.552+0000] {processor.py:753} INFO - DAG(s) dict_keys(['forex_data_pipeline']) retrieved from /opt/airflow/dags/forex_data_pipeline.py
[2023-07-24T06:43:25.595+0000] {logging_mixin.py:137} INFO - [2023-07-24T06:43:25.595+0000] {dag.py:2676} INFO - Sync 1 DAGs
[2023-07-24T06:43:25.630+0000] {logging_mixin.py:137} INFO - [2023-07-24T06:43:25.630+0000] {dag.py:3423} INFO - Setting next_dagrun for forex_data_pipeline to 2023-07-23T00:00:00+00:00, run_after=2023-07-24T00:00:00+00:00
[2023-07-24T06:43:25.658+0000] {processor.py:175} INFO - Processing /opt/airflow/dags/forex_data_pipeline.py took 0.149 seconds
[2023-07-24T06:43:55.797+0000] {processor.py:153} INFO - Started process (PID=53) to work on /opt/airflow/dags/forex_data_pipeline.py
[2023-07-24T06:43:55.798+0000] {processor.py:743} INFO - Processing file /opt/airflow/dags/forex_data_pipeline.py for tasks to queue
[2023-07-24T06:43:55.799+0000] {logging_mixin.py:137} INFO - [2023-07-24T06:43:55.799+0000] {dagbag.py:538} INFO - Filling up the DagBag from /opt/airflow/dags/forex_data_pipeline.py
[2023-07-24T06:43:55.839+0000] {processor.py:753} INFO - DAG(s) dict_keys(['forex_data_pipeline']) retrieved from /opt/airflow/dags/forex_data_pipeline.py
[2023-07-24T06:43:55.877+0000] {logging_mixin.py:137} INFO - [2023-07-24T06:43:55.877+0000] {dag.py:2676} INFO - Sync 1 DAGs
[2023-07-24T06:43:55.908+0000] {logging_mixin.py:137} INFO - [2023-07-24T06:43:55.908+0000] {dag.py:3423} INFO - Setting next_dagrun for forex_data_pipeline to 2023-07-23T00:00:00+00:00, run_after=2023-07-24T00:00:00+00:00
[2023-07-24T06:43:55.943+0000] {processor.py:175} INFO - Processing /opt/airflow/dags/forex_data_pipeline.py took 0.149 seconds
[2023-07-24T06:44:26.090+0000] {processor.py:153} INFO - Started process (PID=54) to work on /opt/airflow/dags/forex_data_pipeline.py
[2023-07-24T06:44:26.091+0000] {processor.py:743} INFO - Processing file /opt/airflow/dags/forex_data_pipeline.py for tasks to queue
[2023-07-24T06:44:26.092+0000] {logging_mixin.py:137} INFO - [2023-07-24T06:44:26.091+0000] {dagbag.py:538} INFO - Filling up the DagBag from /opt/airflow/dags/forex_data_pipeline.py
[2023-07-24T06:44:26.132+0000] {processor.py:753} INFO - DAG(s) dict_keys(['forex_data_pipeline']) retrieved from /opt/airflow/dags/forex_data_pipeline.py
[2023-07-24T06:44:26.168+0000] {logging_mixin.py:137} INFO - [2023-07-24T06:44:26.168+0000] {dag.py:2676} INFO - Sync 1 DAGs
[2023-07-24T06:44:26.199+0000] {logging_mixin.py:137} INFO - [2023-07-24T06:44:26.199+0000] {dag.py:3423} INFO - Setting next_dagrun for forex_data_pipeline to 2023-07-23T00:00:00+00:00, run_after=2023-07-24T00:00:00+00:00
[2023-07-24T06:44:26.341+0000] {processor.py:175} INFO - Processing /opt/airflow/dags/forex_data_pipeline.py took 0.254 seconds
[2023-07-24T06:44:56.486+0000] {processor.py:153} INFO - Started process (PID=55) to work on /opt/airflow/dags/forex_data_pipeline.py
[2023-07-24T06:44:56.487+0000] {processor.py:743} INFO - Processing file /opt/airflow/dags/forex_data_pipeline.py for tasks to queue
[2023-07-24T06:44:56.488+0000] {logging_mixin.py:137} INFO - [2023-07-24T06:44:56.488+0000] {dagbag.py:538} INFO - Filling up the DagBag from /opt/airflow/dags/forex_data_pipeline.py
[2023-07-24T06:44:56.525+0000] {processor.py:753} INFO - DAG(s) dict_keys(['forex_data_pipeline']) retrieved from /opt/airflow/dags/forex_data_pipeline.py
[2023-07-24T06:44:56.562+0000] {logging_mixin.py:137} INFO - [2023-07-24T06:44:56.562+0000] {dag.py:2676} INFO - Sync 1 DAGs
[2023-07-24T06:44:56.704+0000] {logging_mixin.py:137} INFO - [2023-07-24T06:44:56.703+0000] {dag.py:3423} INFO - Setting next_dagrun for forex_data_pipeline to 2023-07-23T00:00:00+00:00, run_after=2023-07-24T00:00:00+00:00
[2023-07-24T06:44:56.733+0000] {processor.py:175} INFO - Processing /opt/airflow/dags/forex_data_pipeline.py took 0.250 seconds
[2023-07-24T06:45:26.878+0000] {processor.py:153} INFO - Started process (PID=56) to work on /opt/airflow/dags/forex_data_pipeline.py
[2023-07-24T06:45:26.879+0000] {processor.py:743} INFO - Processing file /opt/airflow/dags/forex_data_pipeline.py for tasks to queue
[2023-07-24T06:45:26.880+0000] {logging_mixin.py:137} INFO - [2023-07-24T06:45:26.880+0000] {dagbag.py:538} INFO - Filling up the DagBag from /opt/airflow/dags/forex_data_pipeline.py
[2023-07-24T06:45:26.917+0000] {processor.py:753} INFO - DAG(s) dict_keys(['forex_data_pipeline']) retrieved from /opt/airflow/dags/forex_data_pipeline.py
[2023-07-24T06:45:26.953+0000] {logging_mixin.py:137} INFO - [2023-07-24T06:45:26.953+0000] {dag.py:2676} INFO - Sync 1 DAGs
[2023-07-24T06:45:27.091+0000] {logging_mixin.py:137} INFO - [2023-07-24T06:45:27.090+0000] {dag.py:3423} INFO - Setting next_dagrun for forex_data_pipeline to 2023-07-23T00:00:00+00:00, run_after=2023-07-24T00:00:00+00:00
[2023-07-24T06:45:27.118+0000] {processor.py:175} INFO - Processing /opt/airflow/dags/forex_data_pipeline.py took 0.243 seconds
[2023-07-24T06:45:57.266+0000] {processor.py:153} INFO - Started process (PID=57) to work on /opt/airflow/dags/forex_data_pipeline.py
[2023-07-24T06:45:57.267+0000] {processor.py:743} INFO - Processing file /opt/airflow/dags/forex_data_pipeline.py for tasks to queue
[2023-07-24T06:45:57.268+0000] {logging_mixin.py:137} INFO - [2023-07-24T06:45:57.268+0000] {dagbag.py:538} INFO - Filling up the DagBag from /opt/airflow/dags/forex_data_pipeline.py
[2023-07-24T06:45:57.306+0000] {processor.py:753} INFO - DAG(s) dict_keys(['forex_data_pipeline']) retrieved from /opt/airflow/dags/forex_data_pipeline.py
[2023-07-24T06:45:57.453+0000] {logging_mixin.py:137} INFO - [2023-07-24T06:45:57.453+0000] {dag.py:2676} INFO - Sync 1 DAGs
[2023-07-24T06:45:57.485+0000] {logging_mixin.py:137} INFO - [2023-07-24T06:45:57.485+0000] {dag.py:3423} INFO - Setting next_dagrun for forex_data_pipeline to 2023-07-23T00:00:00+00:00, run_after=2023-07-24T00:00:00+00:00
[2023-07-24T06:45:57.510+0000] {processor.py:175} INFO - Processing /opt/airflow/dags/forex_data_pipeline.py took 0.248 seconds
[2023-07-24T06:46:27.695+0000] {processor.py:153} INFO - Started process (PID=58) to work on /opt/airflow/dags/forex_data_pipeline.py
[2023-07-24T06:46:27.696+0000] {processor.py:743} INFO - Processing file /opt/airflow/dags/forex_data_pipeline.py for tasks to queue
[2023-07-24T06:46:27.697+0000] {logging_mixin.py:137} INFO - [2023-07-24T06:46:27.697+0000] {dagbag.py:538} INFO - Filling up the DagBag from /opt/airflow/dags/forex_data_pipeline.py
[2023-07-24T06:46:27.737+0000] {processor.py:753} INFO - DAG(s) dict_keys(['forex_data_pipeline']) retrieved from /opt/airflow/dags/forex_data_pipeline.py
[2023-07-24T06:46:27.771+0000] {logging_mixin.py:137} INFO - [2023-07-24T06:46:27.771+0000] {dag.py:2676} INFO - Sync 1 DAGs
[2023-07-24T06:46:27.802+0000] {logging_mixin.py:137} INFO - [2023-07-24T06:46:27.801+0000] {dag.py:3423} INFO - Setting next_dagrun for forex_data_pipeline to 2023-07-23T00:00:00+00:00, run_after=2023-07-24T00:00:00+00:00
[2023-07-24T06:46:27.828+0000] {processor.py:175} INFO - Processing /opt/airflow/dags/forex_data_pipeline.py took 0.137 seconds
[2023-07-24T06:46:57.970+0000] {processor.py:153} INFO - Started process (PID=59) to work on /opt/airflow/dags/forex_data_pipeline.py
[2023-07-24T06:46:57.971+0000] {processor.py:743} INFO - Processing file /opt/airflow/dags/forex_data_pipeline.py for tasks to queue
[2023-07-24T06:46:57.972+0000] {logging_mixin.py:137} INFO - [2023-07-24T06:46:57.972+0000] {dagbag.py:538} INFO - Filling up the DagBag from /opt/airflow/dags/forex_data_pipeline.py
[2023-07-24T06:46:58.013+0000] {processor.py:753} INFO - DAG(s) dict_keys(['forex_data_pipeline']) retrieved from /opt/airflow/dags/forex_data_pipeline.py
[2023-07-24T06:46:58.055+0000] {logging_mixin.py:137} INFO - [2023-07-24T06:46:58.054+0000] {dag.py:2676} INFO - Sync 1 DAGs
[2023-07-24T06:46:58.086+0000] {logging_mixin.py:137} INFO - [2023-07-24T06:46:58.086+0000] {dag.py:3423} INFO - Setting next_dagrun for forex_data_pipeline to 2023-07-23T00:00:00+00:00, run_after=2023-07-24T00:00:00+00:00
[2023-07-24T06:46:58.113+0000] {processor.py:175} INFO - Processing /opt/airflow/dags/forex_data_pipeline.py took 0.145 seconds
[2023-07-24T06:47:28.251+0000] {processor.py:153} INFO - Started process (PID=60) to work on /opt/airflow/dags/forex_data_pipeline.py
[2023-07-24T06:47:28.253+0000] {processor.py:743} INFO - Processing file /opt/airflow/dags/forex_data_pipeline.py for tasks to queue
[2023-07-24T06:47:28.253+0000] {logging_mixin.py:137} INFO - [2023-07-24T06:47:28.253+0000] {dagbag.py:538} INFO - Filling up the DagBag from /opt/airflow/dags/forex_data_pipeline.py
[2023-07-24T06:47:28.293+0000] {processor.py:753} INFO - DAG(s) dict_keys(['forex_data_pipeline']) retrieved from /opt/airflow/dags/forex_data_pipeline.py
[2023-07-24T06:47:28.328+0000] {logging_mixin.py:137} INFO - [2023-07-24T06:47:28.328+0000] {dag.py:2676} INFO - Sync 1 DAGs
[2023-07-24T06:47:28.358+0000] {logging_mixin.py:137} INFO - [2023-07-24T06:47:28.358+0000] {dag.py:3423} INFO - Setting next_dagrun for forex_data_pipeline to 2023-07-23T00:00:00+00:00, run_after=2023-07-24T00:00:00+00:00
[2023-07-24T06:47:28.505+0000] {processor.py:175} INFO - Processing /opt/airflow/dags/forex_data_pipeline.py took 0.257 seconds
[2023-07-24T06:47:58.650+0000] {processor.py:153} INFO - Started process (PID=61) to work on /opt/airflow/dags/forex_data_pipeline.py
[2023-07-24T06:47:58.651+0000] {processor.py:743} INFO - Processing file /opt/airflow/dags/forex_data_pipeline.py for tasks to queue
[2023-07-24T06:47:58.652+0000] {logging_mixin.py:137} INFO - [2023-07-24T06:47:58.652+0000] {dagbag.py:538} INFO - Filling up the DagBag from /opt/airflow/dags/forex_data_pipeline.py
[2023-07-24T06:47:58.692+0000] {processor.py:753} INFO - DAG(s) dict_keys(['forex_data_pipeline']) retrieved from /opt/airflow/dags/forex_data_pipeline.py
[2023-07-24T06:47:58.726+0000] {logging_mixin.py:137} INFO - [2023-07-24T06:47:58.726+0000] {dag.py:2676} INFO - Sync 1 DAGs
[2023-07-24T06:47:58.872+0000] {logging_mixin.py:137} INFO - [2023-07-24T06:47:58.872+0000] {dag.py:3423} INFO - Setting next_dagrun for forex_data_pipeline to 2023-07-23T00:00:00+00:00, run_after=2023-07-24T00:00:00+00:00
[2023-07-24T06:47:58.896+0000] {processor.py:175} INFO - Processing /opt/airflow/dags/forex_data_pipeline.py took 0.249 seconds
[2023-07-24T06:48:29.042+0000] {processor.py:153} INFO - Started process (PID=62) to work on /opt/airflow/dags/forex_data_pipeline.py
[2023-07-24T06:48:29.043+0000] {processor.py:743} INFO - Processing file /opt/airflow/dags/forex_data_pipeline.py for tasks to queue
[2023-07-24T06:48:29.043+0000] {logging_mixin.py:137} INFO - [2023-07-24T06:48:29.043+0000] {dagbag.py:538} INFO - Filling up the DagBag from /opt/airflow/dags/forex_data_pipeline.py
[2023-07-24T06:48:29.102+0000] {processor.py:753} INFO - DAG(s) dict_keys(['forex_data_pipeline']) retrieved from /opt/airflow/dags/forex_data_pipeline.py
[2023-07-24T06:48:29.154+0000] {logging_mixin.py:137} INFO - [2023-07-24T06:48:29.154+0000] {dag.py:2676} INFO - Sync 1 DAGs
[2023-07-24T06:48:29.387+0000] {logging_mixin.py:137} INFO - [2023-07-24T06:48:29.387+0000] {dag.py:3423} INFO - Setting next_dagrun for forex_data_pipeline to 2023-07-23T00:00:00+00:00, run_after=2023-07-24T00:00:00+00:00
[2023-07-24T06:48:29.412+0000] {processor.py:175} INFO - Processing /opt/airflow/dags/forex_data_pipeline.py took 0.373 seconds
[2023-07-24T06:48:59.570+0000] {processor.py:153} INFO - Started process (PID=63) to work on /opt/airflow/dags/forex_data_pipeline.py
[2023-07-24T06:48:59.571+0000] {processor.py:743} INFO - Processing file /opt/airflow/dags/forex_data_pipeline.py for tasks to queue
[2023-07-24T06:48:59.572+0000] {logging_mixin.py:137} INFO - [2023-07-24T06:48:59.572+0000] {dagbag.py:538} INFO - Filling up the DagBag from /opt/airflow/dags/forex_data_pipeline.py
[2023-07-24T06:48:59.611+0000] {processor.py:753} INFO - DAG(s) dict_keys(['forex_data_pipeline']) retrieved from /opt/airflow/dags/forex_data_pipeline.py
[2023-07-24T06:48:59.782+0000] {logging_mixin.py:137} INFO - [2023-07-24T06:48:59.781+0000] {dag.py:2676} INFO - Sync 1 DAGs
[2023-07-24T06:48:59.816+0000] {logging_mixin.py:137} INFO - [2023-07-24T06:48:59.816+0000] {dag.py:3423} INFO - Setting next_dagrun for forex_data_pipeline to 2023-07-23T00:00:00+00:00, run_after=2023-07-24T00:00:00+00:00
[2023-07-24T06:48:59.847+0000] {processor.py:175} INFO - Processing /opt/airflow/dags/forex_data_pipeline.py took 0.281 seconds
[2023-07-24T06:49:29.997+0000] {processor.py:153} INFO - Started process (PID=64) to work on /opt/airflow/dags/forex_data_pipeline.py
[2023-07-24T06:49:29.998+0000] {processor.py:743} INFO - Processing file /opt/airflow/dags/forex_data_pipeline.py for tasks to queue
[2023-07-24T06:49:29.999+0000] {logging_mixin.py:137} INFO - [2023-07-24T06:49:29.999+0000] {dagbag.py:538} INFO - Filling up the DagBag from /opt/airflow/dags/forex_data_pipeline.py
[2023-07-24T06:49:30.039+0000] {processor.py:753} INFO - DAG(s) dict_keys(['forex_data_pipeline']) retrieved from /opt/airflow/dags/forex_data_pipeline.py
[2023-07-24T06:49:30.189+0000] {logging_mixin.py:137} INFO - [2023-07-24T06:49:30.189+0000] {dag.py:2676} INFO - Sync 1 DAGs
[2023-07-24T06:49:30.217+0000] {logging_mixin.py:137} INFO - [2023-07-24T06:49:30.216+0000] {dag.py:3423} INFO - Setting next_dagrun for forex_data_pipeline to 2023-07-23T00:00:00+00:00, run_after=2023-07-24T00:00:00+00:00
[2023-07-24T06:49:30.243+0000] {processor.py:175} INFO - Processing /opt/airflow/dags/forex_data_pipeline.py took 0.249 seconds
[2023-07-24T06:50:00.394+0000] {processor.py:153} INFO - Started process (PID=65) to work on /opt/airflow/dags/forex_data_pipeline.py
[2023-07-24T06:50:00.395+0000] {processor.py:743} INFO - Processing file /opt/airflow/dags/forex_data_pipeline.py for tasks to queue
[2023-07-24T06:50:00.396+0000] {logging_mixin.py:137} INFO - [2023-07-24T06:50:00.396+0000] {dagbag.py:538} INFO - Filling up the DagBag from /opt/airflow/dags/forex_data_pipeline.py
[2023-07-24T06:50:00.434+0000] {processor.py:753} INFO - DAG(s) dict_keys(['forex_data_pipeline']) retrieved from /opt/airflow/dags/forex_data_pipeline.py
[2023-07-24T06:50:00.472+0000] {logging_mixin.py:137} INFO - [2023-07-24T06:50:00.472+0000] {dag.py:2676} INFO - Sync 1 DAGs
[2023-07-24T06:50:00.503+0000] {logging_mixin.py:137} INFO - [2023-07-24T06:50:00.503+0000] {dag.py:3423} INFO - Setting next_dagrun for forex_data_pipeline to 2023-07-23T00:00:00+00:00, run_after=2023-07-24T00:00:00+00:00
[2023-07-24T06:50:00.531+0000] {processor.py:175} INFO - Processing /opt/airflow/dags/forex_data_pipeline.py took 0.139 seconds
[2023-07-24T06:50:30.671+0000] {processor.py:153} INFO - Started process (PID=66) to work on /opt/airflow/dags/forex_data_pipeline.py
[2023-07-24T06:50:30.672+0000] {processor.py:743} INFO - Processing file /opt/airflow/dags/forex_data_pipeline.py for tasks to queue
[2023-07-24T06:50:30.673+0000] {logging_mixin.py:137} INFO - [2023-07-24T06:50:30.673+0000] {dagbag.py:538} INFO - Filling up the DagBag from /opt/airflow/dags/forex_data_pipeline.py
[2023-07-24T06:50:30.713+0000] {processor.py:753} INFO - DAG(s) dict_keys(['forex_data_pipeline']) retrieved from /opt/airflow/dags/forex_data_pipeline.py
[2023-07-24T06:50:30.753+0000] {logging_mixin.py:137} INFO - [2023-07-24T06:50:30.753+0000] {dag.py:2676} INFO - Sync 1 DAGs
[2023-07-24T06:50:30.785+0000] {logging_mixin.py:137} INFO - [2023-07-24T06:50:30.785+0000] {dag.py:3423} INFO - Setting next_dagrun for forex_data_pipeline to 2023-07-23T00:00:00+00:00, run_after=2023-07-24T00:00:00+00:00
[2023-07-24T06:50:30.814+0000] {processor.py:175} INFO - Processing /opt/airflow/dags/forex_data_pipeline.py took 0.146 seconds
[2023-07-24T06:51:00.952+0000] {processor.py:153} INFO - Started process (PID=67) to work on /opt/airflow/dags/forex_data_pipeline.py
[2023-07-24T06:51:00.953+0000] {processor.py:743} INFO - Processing file /opt/airflow/dags/forex_data_pipeline.py for tasks to queue
[2023-07-24T06:51:00.954+0000] {logging_mixin.py:137} INFO - [2023-07-24T06:51:00.954+0000] {dagbag.py:538} INFO - Filling up the DagBag from /opt/airflow/dags/forex_data_pipeline.py
[2023-07-24T06:51:00.992+0000] {processor.py:753} INFO - DAG(s) dict_keys(['forex_data_pipeline']) retrieved from /opt/airflow/dags/forex_data_pipeline.py
[2023-07-24T06:51:01.030+0000] {logging_mixin.py:137} INFO - [2023-07-24T06:51:01.030+0000] {dag.py:2676} INFO - Sync 1 DAGs
[2023-07-24T06:51:01.062+0000] {logging_mixin.py:137} INFO - [2023-07-24T06:51:01.062+0000] {dag.py:3423} INFO - Setting next_dagrun for forex_data_pipeline to 2023-07-23T00:00:00+00:00, run_after=2023-07-24T00:00:00+00:00
[2023-07-24T06:51:01.213+0000] {processor.py:175} INFO - Processing /opt/airflow/dags/forex_data_pipeline.py took 0.263 seconds
[2023-07-24T06:51:31.358+0000] {processor.py:153} INFO - Started process (PID=68) to work on /opt/airflow/dags/forex_data_pipeline.py
[2023-07-24T06:51:31.359+0000] {processor.py:743} INFO - Processing file /opt/airflow/dags/forex_data_pipeline.py for tasks to queue
[2023-07-24T06:51:31.360+0000] {logging_mixin.py:137} INFO - [2023-07-24T06:51:31.360+0000] {dagbag.py:538} INFO - Filling up the DagBag from /opt/airflow/dags/forex_data_pipeline.py
[2023-07-24T06:51:31.400+0000] {processor.py:753} INFO - DAG(s) dict_keys(['forex_data_pipeline']) retrieved from /opt/airflow/dags/forex_data_pipeline.py
[2023-07-24T06:51:31.439+0000] {logging_mixin.py:137} INFO - [2023-07-24T06:51:31.438+0000] {dag.py:2676} INFO - Sync 1 DAGs
[2023-07-24T06:51:31.584+0000] {logging_mixin.py:137} INFO - [2023-07-24T06:51:31.584+0000] {dag.py:3423} INFO - Setting next_dagrun for forex_data_pipeline to 2023-07-23T00:00:00+00:00, run_after=2023-07-24T00:00:00+00:00
[2023-07-24T06:51:31.609+0000] {processor.py:175} INFO - Processing /opt/airflow/dags/forex_data_pipeline.py took 0.256 seconds
[2023-07-24T06:52:01.777+0000] {processor.py:153} INFO - Started process (PID=69) to work on /opt/airflow/dags/forex_data_pipeline.py
[2023-07-24T06:52:01.779+0000] {processor.py:743} INFO - Processing file /opt/airflow/dags/forex_data_pipeline.py for tasks to queue
[2023-07-24T06:52:01.782+0000] {logging_mixin.py:137} INFO - [2023-07-24T06:52:01.781+0000] {dagbag.py:538} INFO - Filling up the DagBag from /opt/airflow/dags/forex_data_pipeline.py
[2023-07-24T06:52:01.846+0000] {processor.py:753} INFO - DAG(s) dict_keys(['forex_data_pipeline']) retrieved from /opt/airflow/dags/forex_data_pipeline.py
[2023-07-24T06:52:01.897+0000] {logging_mixin.py:137} INFO - [2023-07-24T06:52:01.896+0000] {dag.py:2676} INFO - Sync 1 DAGs
[2023-07-24T06:52:02.068+0000] {logging_mixin.py:137} INFO - [2023-07-24T06:52:02.068+0000] {dag.py:3423} INFO - Setting next_dagrun for forex_data_pipeline to 2023-07-23T00:00:00+00:00, run_after=2023-07-24T00:00:00+00:00
[2023-07-24T06:52:02.096+0000] {processor.py:175} INFO - Processing /opt/airflow/dags/forex_data_pipeline.py took 0.323 seconds
[2023-07-24T06:52:32.256+0000] {processor.py:153} INFO - Started process (PID=70) to work on /opt/airflow/dags/forex_data_pipeline.py
[2023-07-24T06:52:32.257+0000] {processor.py:743} INFO - Processing file /opt/airflow/dags/forex_data_pipeline.py for tasks to queue
[2023-07-24T06:52:32.258+0000] {logging_mixin.py:137} INFO - [2023-07-24T06:52:32.258+0000] {dagbag.py:538} INFO - Filling up the DagBag from /opt/airflow/dags/forex_data_pipeline.py
[2023-07-24T06:52:32.298+0000] {processor.py:753} INFO - DAG(s) dict_keys(['forex_data_pipeline']) retrieved from /opt/airflow/dags/forex_data_pipeline.py
[2023-07-24T06:52:32.448+0000] {logging_mixin.py:137} INFO - [2023-07-24T06:52:32.448+0000] {dag.py:2676} INFO - Sync 1 DAGs
[2023-07-24T06:52:32.475+0000] {logging_mixin.py:137} INFO - [2023-07-24T06:52:32.474+0000] {dag.py:3423} INFO - Setting next_dagrun for forex_data_pipeline to 2023-07-23T00:00:00+00:00, run_after=2023-07-24T00:00:00+00:00
[2023-07-24T06:52:32.498+0000] {processor.py:175} INFO - Processing /opt/airflow/dags/forex_data_pipeline.py took 0.245 seconds
[2023-07-24T06:53:02.652+0000] {processor.py:153} INFO - Started process (PID=71) to work on /opt/airflow/dags/forex_data_pipeline.py
[2023-07-24T06:53:02.653+0000] {processor.py:743} INFO - Processing file /opt/airflow/dags/forex_data_pipeline.py for tasks to queue
[2023-07-24T06:53:02.654+0000] {logging_mixin.py:137} INFO - [2023-07-24T06:53:02.654+0000] {dagbag.py:538} INFO - Filling up the DagBag from /opt/airflow/dags/forex_data_pipeline.py
[2023-07-24T06:53:02.694+0000] {processor.py:753} INFO - DAG(s) dict_keys(['forex_data_pipeline']) retrieved from /opt/airflow/dags/forex_data_pipeline.py
[2023-07-24T06:53:02.931+0000] {logging_mixin.py:137} INFO - [2023-07-24T06:53:02.930+0000] {dag.py:2676} INFO - Sync 1 DAGs
[2023-07-24T06:53:02.960+0000] {logging_mixin.py:137} INFO - [2023-07-24T06:53:02.960+0000] {dag.py:3423} INFO - Setting next_dagrun for forex_data_pipeline to 2023-07-23T00:00:00+00:00, run_after=2023-07-24T00:00:00+00:00
[2023-07-24T06:53:02.986+0000] {processor.py:175} INFO - Processing /opt/airflow/dags/forex_data_pipeline.py took 0.338 seconds
[2023-07-24T06:53:33.138+0000] {processor.py:153} INFO - Started process (PID=72) to work on /opt/airflow/dags/forex_data_pipeline.py
[2023-07-24T06:53:33.139+0000] {processor.py:743} INFO - Processing file /opt/airflow/dags/forex_data_pipeline.py for tasks to queue
[2023-07-24T06:53:33.140+0000] {logging_mixin.py:137} INFO - [2023-07-24T06:53:33.140+0000] {dagbag.py:538} INFO - Filling up the DagBag from /opt/airflow/dags/forex_data_pipeline.py
[2023-07-24T06:53:33.177+0000] {processor.py:753} INFO - DAG(s) dict_keys(['forex_data_pipeline']) retrieved from /opt/airflow/dags/forex_data_pipeline.py
[2023-07-24T06:53:33.214+0000] {logging_mixin.py:137} INFO - [2023-07-24T06:53:33.214+0000] {dag.py:2676} INFO - Sync 1 DAGs
[2023-07-24T06:53:33.250+0000] {logging_mixin.py:137} INFO - [2023-07-24T06:53:33.249+0000] {dag.py:3423} INFO - Setting next_dagrun for forex_data_pipeline to 2023-07-23T00:00:00+00:00, run_after=2023-07-24T00:00:00+00:00
[2023-07-24T06:53:33.283+0000] {processor.py:175} INFO - Processing /opt/airflow/dags/forex_data_pipeline.py took 0.149 seconds
[2023-07-24T06:54:03.426+0000] {processor.py:153} INFO - Started process (PID=73) to work on /opt/airflow/dags/forex_data_pipeline.py
[2023-07-24T06:54:03.427+0000] {processor.py:743} INFO - Processing file /opt/airflow/dags/forex_data_pipeline.py for tasks to queue
[2023-07-24T06:54:03.428+0000] {logging_mixin.py:137} INFO - [2023-07-24T06:54:03.428+0000] {dagbag.py:538} INFO - Filling up the DagBag from /opt/airflow/dags/forex_data_pipeline.py
[2023-07-24T06:54:03.467+0000] {processor.py:753} INFO - DAG(s) dict_keys(['forex_data_pipeline']) retrieved from /opt/airflow/dags/forex_data_pipeline.py
[2023-07-24T06:54:03.505+0000] {logging_mixin.py:137} INFO - [2023-07-24T06:54:03.505+0000] {dag.py:2676} INFO - Sync 1 DAGs
[2023-07-24T06:54:03.537+0000] {logging_mixin.py:137} INFO - [2023-07-24T06:54:03.537+0000] {dag.py:3423} INFO - Setting next_dagrun for forex_data_pipeline to 2023-07-23T00:00:00+00:00, run_after=2023-07-24T00:00:00+00:00
[2023-07-24T06:54:03.675+0000] {processor.py:175} INFO - Processing /opt/airflow/dags/forex_data_pipeline.py took 0.252 seconds
[2023-07-24T06:54:33.825+0000] {processor.py:153} INFO - Started process (PID=74) to work on /opt/airflow/dags/forex_data_pipeline.py
[2023-07-24T06:54:33.826+0000] {processor.py:743} INFO - Processing file /opt/airflow/dags/forex_data_pipeline.py for tasks to queue
[2023-07-24T06:54:33.827+0000] {logging_mixin.py:137} INFO - [2023-07-24T06:54:33.827+0000] {dagbag.py:538} INFO - Filling up the DagBag from /opt/airflow/dags/forex_data_pipeline.py
[2023-07-24T06:54:33.868+0000] {processor.py:753} INFO - DAG(s) dict_keys(['forex_data_pipeline']) retrieved from /opt/airflow/dags/forex_data_pipeline.py
[2023-07-24T06:54:33.906+0000] {logging_mixin.py:137} INFO - [2023-07-24T06:54:33.905+0000] {dag.py:2676} INFO - Sync 1 DAGs
[2023-07-24T06:54:34.056+0000] {logging_mixin.py:137} INFO - [2023-07-24T06:54:34.056+0000] {dag.py:3423} INFO - Setting next_dagrun for forex_data_pipeline to 2023-07-23T00:00:00+00:00, run_after=2023-07-24T00:00:00+00:00
[2023-07-24T06:54:34.080+0000] {processor.py:175} INFO - Processing /opt/airflow/dags/forex_data_pipeline.py took 0.258 seconds
[2023-07-24T06:55:04.225+0000] {processor.py:153} INFO - Started process (PID=75) to work on /opt/airflow/dags/forex_data_pipeline.py
[2023-07-24T06:55:04.226+0000] {processor.py:743} INFO - Processing file /opt/airflow/dags/forex_data_pipeline.py for tasks to queue
[2023-07-24T06:55:04.227+0000] {logging_mixin.py:137} INFO - [2023-07-24T06:55:04.227+0000] {dagbag.py:538} INFO - Filling up the DagBag from /opt/airflow/dags/forex_data_pipeline.py
[2023-07-24T06:55:04.265+0000] {processor.py:753} INFO - DAG(s) dict_keys(['forex_data_pipeline']) retrieved from /opt/airflow/dags/forex_data_pipeline.py
[2023-07-24T06:55:04.300+0000] {logging_mixin.py:137} INFO - [2023-07-24T06:55:04.300+0000] {dag.py:2676} INFO - Sync 1 DAGs
[2023-07-24T06:55:04.439+0000] {logging_mixin.py:137} INFO - [2023-07-24T06:55:04.439+0000] {dag.py:3423} INFO - Setting next_dagrun for forex_data_pipeline to 2023-07-23T00:00:00+00:00, run_after=2023-07-24T00:00:00+00:00
[2023-07-24T06:55:04.466+0000] {processor.py:175} INFO - Processing /opt/airflow/dags/forex_data_pipeline.py took 0.245 seconds
[2023-07-24T06:55:34.609+0000] {processor.py:153} INFO - Started process (PID=76) to work on /opt/airflow/dags/forex_data_pipeline.py
[2023-07-24T06:55:34.610+0000] {processor.py:743} INFO - Processing file /opt/airflow/dags/forex_data_pipeline.py for tasks to queue
[2023-07-24T06:55:34.611+0000] {logging_mixin.py:137} INFO - [2023-07-24T06:55:34.611+0000] {dagbag.py:538} INFO - Filling up the DagBag from /opt/airflow/dags/forex_data_pipeline.py
[2023-07-24T06:55:34.647+0000] {processor.py:753} INFO - DAG(s) dict_keys(['forex_data_pipeline']) retrieved from /opt/airflow/dags/forex_data_pipeline.py
[2023-07-24T06:55:34.683+0000] {logging_mixin.py:137} INFO - [2023-07-24T06:55:34.683+0000] {dag.py:2676} INFO - Sync 1 DAGs
[2023-07-24T06:55:34.814+0000] {logging_mixin.py:137} INFO - [2023-07-24T06:55:34.814+0000] {dag.py:3423} INFO - Setting next_dagrun for forex_data_pipeline to 2023-07-23T00:00:00+00:00, run_after=2023-07-24T00:00:00+00:00
[2023-07-24T06:55:34.837+0000] {processor.py:175} INFO - Processing /opt/airflow/dags/forex_data_pipeline.py took 0.231 seconds
[2023-07-24T06:56:04.979+0000] {processor.py:153} INFO - Started process (PID=77) to work on /opt/airflow/dags/forex_data_pipeline.py
[2023-07-24T06:56:04.980+0000] {processor.py:743} INFO - Processing file /opt/airflow/dags/forex_data_pipeline.py for tasks to queue
[2023-07-24T06:56:04.981+0000] {logging_mixin.py:137} INFO - [2023-07-24T06:56:04.981+0000] {dagbag.py:538} INFO - Filling up the DagBag from /opt/airflow/dags/forex_data_pipeline.py
[2023-07-24T06:56:05.018+0000] {processor.py:753} INFO - DAG(s) dict_keys(['forex_data_pipeline']) retrieved from /opt/airflow/dags/forex_data_pipeline.py
[2023-07-24T06:56:05.168+0000] {logging_mixin.py:137} INFO - [2023-07-24T06:56:05.168+0000] {dag.py:2676} INFO - Sync 1 DAGs
[2023-07-24T06:56:05.195+0000] {logging_mixin.py:137} INFO - [2023-07-24T06:56:05.194+0000] {dag.py:3423} INFO - Setting next_dagrun for forex_data_pipeline to 2023-07-23T00:00:00+00:00, run_after=2023-07-24T00:00:00+00:00
[2023-07-24T06:56:05.220+0000] {processor.py:175} INFO - Processing /opt/airflow/dags/forex_data_pipeline.py took 0.245 seconds
[2023-07-24T06:56:35.367+0000] {processor.py:153} INFO - Started process (PID=78) to work on /opt/airflow/dags/forex_data_pipeline.py
[2023-07-24T06:56:35.368+0000] {processor.py:743} INFO - Processing file /opt/airflow/dags/forex_data_pipeline.py for tasks to queue
[2023-07-24T06:56:35.369+0000] {logging_mixin.py:137} INFO - [2023-07-24T06:56:35.368+0000] {dagbag.py:538} INFO - Filling up the DagBag from /opt/airflow/dags/forex_data_pipeline.py
[2023-07-24T06:56:35.406+0000] {processor.py:753} INFO - DAG(s) dict_keys(['forex_data_pipeline']) retrieved from /opt/airflow/dags/forex_data_pipeline.py
[2023-07-24T06:56:35.443+0000] {logging_mixin.py:137} INFO - [2023-07-24T06:56:35.443+0000] {dag.py:2676} INFO - Sync 1 DAGs
[2023-07-24T06:56:35.474+0000] {logging_mixin.py:137} INFO - [2023-07-24T06:56:35.473+0000] {dag.py:3423} INFO - Setting next_dagrun for forex_data_pipeline to 2023-07-23T00:00:00+00:00, run_after=2023-07-24T00:00:00+00:00
[2023-07-24T06:56:35.498+0000] {processor.py:175} INFO - Processing /opt/airflow/dags/forex_data_pipeline.py took 0.134 seconds
[2023-07-24T06:57:05.634+0000] {processor.py:153} INFO - Started process (PID=79) to work on /opt/airflow/dags/forex_data_pipeline.py
[2023-07-24T06:57:05.635+0000] {processor.py:743} INFO - Processing file /opt/airflow/dags/forex_data_pipeline.py for tasks to queue
[2023-07-24T06:57:05.636+0000] {logging_mixin.py:137} INFO - [2023-07-24T06:57:05.636+0000] {dagbag.py:538} INFO - Filling up the DagBag from /opt/airflow/dags/forex_data_pipeline.py
[2023-07-24T06:57:05.675+0000] {processor.py:753} INFO - DAG(s) dict_keys(['forex_data_pipeline']) retrieved from /opt/airflow/dags/forex_data_pipeline.py
[2023-07-24T06:57:05.714+0000] {logging_mixin.py:137} INFO - [2023-07-24T06:57:05.714+0000] {dag.py:2676} INFO - Sync 1 DAGs
[2023-07-24T06:57:05.748+0000] {logging_mixin.py:137} INFO - [2023-07-24T06:57:05.747+0000] {dag.py:3423} INFO - Setting next_dagrun for forex_data_pipeline to 2023-07-23T00:00:00+00:00, run_after=2023-07-24T00:00:00+00:00
[2023-07-24T06:57:05.780+0000] {processor.py:175} INFO - Processing /opt/airflow/dags/forex_data_pipeline.py took 0.149 seconds
[2023-07-24T06:57:35.916+0000] {processor.py:153} INFO - Started process (PID=80) to work on /opt/airflow/dags/forex_data_pipeline.py
[2023-07-24T06:57:35.917+0000] {processor.py:743} INFO - Processing file /opt/airflow/dags/forex_data_pipeline.py for tasks to queue
[2023-07-24T06:57:35.918+0000] {logging_mixin.py:137} INFO - [2023-07-24T06:57:35.918+0000] {dagbag.py:538} INFO - Filling up the DagBag from /opt/airflow/dags/forex_data_pipeline.py
[2023-07-24T06:57:35.955+0000] {processor.py:753} INFO - DAG(s) dict_keys(['forex_data_pipeline']) retrieved from /opt/airflow/dags/forex_data_pipeline.py
[2023-07-24T06:57:35.993+0000] {logging_mixin.py:137} INFO - [2023-07-24T06:57:35.993+0000] {dag.py:2676} INFO - Sync 1 DAGs
[2023-07-24T06:57:36.025+0000] {logging_mixin.py:137} INFO - [2023-07-24T06:57:36.025+0000] {dag.py:3423} INFO - Setting next_dagrun for forex_data_pipeline to 2023-07-23T00:00:00+00:00, run_after=2023-07-24T00:00:00+00:00
[2023-07-24T06:57:36.162+0000] {processor.py:175} INFO - Processing /opt/airflow/dags/forex_data_pipeline.py took 0.249 seconds
[2023-07-24T06:58:06.307+0000] {processor.py:153} INFO - Started process (PID=81) to work on /opt/airflow/dags/forex_data_pipeline.py
[2023-07-24T06:58:06.309+0000] {processor.py:743} INFO - Processing file /opt/airflow/dags/forex_data_pipeline.py for tasks to queue
[2023-07-24T06:58:06.310+0000] {logging_mixin.py:137} INFO - [2023-07-24T06:58:06.309+0000] {dagbag.py:538} INFO - Filling up the DagBag from /opt/airflow/dags/forex_data_pipeline.py
[2023-07-24T06:58:06.350+0000] {processor.py:753} INFO - DAG(s) dict_keys(['forex_data_pipeline']) retrieved from /opt/airflow/dags/forex_data_pipeline.py
[2023-07-24T06:58:06.391+0000] {logging_mixin.py:137} INFO - [2023-07-24T06:58:06.391+0000] {dag.py:2676} INFO - Sync 1 DAGs
[2023-07-24T06:58:06.595+0000] {logging_mixin.py:137} INFO - [2023-07-24T06:58:06.595+0000] {dag.py:3423} INFO - Setting next_dagrun for forex_data_pipeline to 2023-07-23T00:00:00+00:00, run_after=2023-07-24T00:00:00+00:00
[2023-07-24T06:58:06.626+0000] {processor.py:175} INFO - Processing /opt/airflow/dags/forex_data_pipeline.py took 0.322 seconds
[2023-07-24T06:58:36.799+0000] {processor.py:153} INFO - Started process (PID=82) to work on /opt/airflow/dags/forex_data_pipeline.py
[2023-07-24T06:58:36.800+0000] {processor.py:743} INFO - Processing file /opt/airflow/dags/forex_data_pipeline.py for tasks to queue
[2023-07-24T06:58:36.801+0000] {logging_mixin.py:137} INFO - [2023-07-24T06:58:36.801+0000] {dagbag.py:538} INFO - Filling up the DagBag from /opt/airflow/dags/forex_data_pipeline.py
[2023-07-24T06:58:36.851+0000] {processor.py:753} INFO - DAG(s) dict_keys(['forex_data_pipeline']) retrieved from /opt/airflow/dags/forex_data_pipeline.py
[2023-07-24T06:58:36.896+0000] {logging_mixin.py:137} INFO - [2023-07-24T06:58:36.896+0000] {dag.py:2676} INFO - Sync 1 DAGs
[2023-07-24T06:58:37.095+0000] {logging_mixin.py:137} INFO - [2023-07-24T06:58:37.095+0000] {dag.py:3423} INFO - Setting next_dagrun for forex_data_pipeline to 2023-07-23T00:00:00+00:00, run_after=2023-07-24T00:00:00+00:00
[2023-07-24T06:58:37.127+0000] {processor.py:175} INFO - Processing /opt/airflow/dags/forex_data_pipeline.py took 0.331 seconds
[2023-07-24T06:59:07.281+0000] {processor.py:153} INFO - Started process (PID=83) to work on /opt/airflow/dags/forex_data_pipeline.py
[2023-07-24T06:59:07.282+0000] {processor.py:743} INFO - Processing file /opt/airflow/dags/forex_data_pipeline.py for tasks to queue
[2023-07-24T06:59:07.283+0000] {logging_mixin.py:137} INFO - [2023-07-24T06:59:07.283+0000] {dagbag.py:538} INFO - Filling up the DagBag from /opt/airflow/dags/forex_data_pipeline.py
[2023-07-24T06:59:07.325+0000] {processor.py:753} INFO - DAG(s) dict_keys(['forex_data_pipeline']) retrieved from /opt/airflow/dags/forex_data_pipeline.py
[2023-07-24T06:59:07.470+0000] {logging_mixin.py:137} INFO - [2023-07-24T06:59:07.470+0000] {dag.py:2676} INFO - Sync 1 DAGs
[2023-07-24T06:59:07.500+0000] {logging_mixin.py:137} INFO - [2023-07-24T06:59:07.500+0000] {dag.py:3423} INFO - Setting next_dagrun for forex_data_pipeline to 2023-07-23T00:00:00+00:00, run_after=2023-07-24T00:00:00+00:00
[2023-07-24T06:59:07.524+0000] {processor.py:175} INFO - Processing /opt/airflow/dags/forex_data_pipeline.py took 0.247 seconds
[2023-07-24T06:59:37.670+0000] {processor.py:153} INFO - Started process (PID=84) to work on /opt/airflow/dags/forex_data_pipeline.py
[2023-07-24T06:59:37.671+0000] {processor.py:743} INFO - Processing file /opt/airflow/dags/forex_data_pipeline.py for tasks to queue
[2023-07-24T06:59:37.672+0000] {logging_mixin.py:137} INFO - [2023-07-24T06:59:37.672+0000] {dagbag.py:538} INFO - Filling up the DagBag from /opt/airflow/dags/forex_data_pipeline.py
[2023-07-24T06:59:37.711+0000] {processor.py:753} INFO - DAG(s) dict_keys(['forex_data_pipeline']) retrieved from /opt/airflow/dags/forex_data_pipeline.py
[2023-07-24T06:59:37.860+0000] {logging_mixin.py:137} INFO - [2023-07-24T06:59:37.860+0000] {dag.py:2676} INFO - Sync 1 DAGs
[2023-07-24T06:59:37.892+0000] {logging_mixin.py:137} INFO - [2023-07-24T06:59:37.892+0000] {dag.py:3423} INFO - Setting next_dagrun for forex_data_pipeline to 2023-07-23T00:00:00+00:00, run_after=2023-07-24T00:00:00+00:00
[2023-07-24T06:59:37.922+0000] {processor.py:175} INFO - Processing /opt/airflow/dags/forex_data_pipeline.py took 0.255 seconds
[2023-07-24T07:00:08.066+0000] {processor.py:153} INFO - Started process (PID=85) to work on /opt/airflow/dags/forex_data_pipeline.py
[2023-07-24T07:00:08.067+0000] {processor.py:743} INFO - Processing file /opt/airflow/dags/forex_data_pipeline.py for tasks to queue
[2023-07-24T07:00:08.068+0000] {logging_mixin.py:137} INFO - [2023-07-24T07:00:08.068+0000] {dagbag.py:538} INFO - Filling up the DagBag from /opt/airflow/dags/forex_data_pipeline.py
[2023-07-24T07:00:08.105+0000] {processor.py:753} INFO - DAG(s) dict_keys(['forex_data_pipeline']) retrieved from /opt/airflow/dags/forex_data_pipeline.py
[2023-07-24T07:00:08.142+0000] {logging_mixin.py:137} INFO - [2023-07-24T07:00:08.141+0000] {dag.py:2676} INFO - Sync 1 DAGs
[2023-07-24T07:00:08.170+0000] {logging_mixin.py:137} INFO - [2023-07-24T07:00:08.170+0000] {dag.py:3423} INFO - Setting next_dagrun for forex_data_pipeline to 2023-07-23T00:00:00+00:00, run_after=2023-07-24T00:00:00+00:00
[2023-07-24T07:00:08.197+0000] {processor.py:175} INFO - Processing /opt/airflow/dags/forex_data_pipeline.py took 0.135 seconds
[2023-07-24T07:00:38.345+0000] {processor.py:153} INFO - Started process (PID=86) to work on /opt/airflow/dags/forex_data_pipeline.py
[2023-07-24T07:00:38.347+0000] {processor.py:743} INFO - Processing file /opt/airflow/dags/forex_data_pipeline.py for tasks to queue
[2023-07-24T07:00:38.349+0000] {logging_mixin.py:137} INFO - [2023-07-24T07:00:38.348+0000] {dagbag.py:538} INFO - Filling up the DagBag from /opt/airflow/dags/forex_data_pipeline.py
[2023-07-24T07:00:38.409+0000] {processor.py:753} INFO - DAG(s) dict_keys(['forex_data_pipeline']) retrieved from /opt/airflow/dags/forex_data_pipeline.py
[2023-07-24T07:00:38.457+0000] {logging_mixin.py:137} INFO - [2023-07-24T07:00:38.457+0000] {dag.py:2676} INFO - Sync 1 DAGs
[2023-07-24T07:00:38.497+0000] {logging_mixin.py:137} INFO - [2023-07-24T07:00:38.497+0000] {dag.py:3423} INFO - Setting next_dagrun for forex_data_pipeline to 2023-07-23T00:00:00+00:00, run_after=2023-07-24T00:00:00+00:00
[2023-07-24T07:00:38.721+0000] {processor.py:175} INFO - Processing /opt/airflow/dags/forex_data_pipeline.py took 0.382 seconds
[2023-07-24T07:01:08.876+0000] {processor.py:153} INFO - Started process (PID=87) to work on /opt/airflow/dags/forex_data_pipeline.py
[2023-07-24T07:01:08.877+0000] {processor.py:743} INFO - Processing file /opt/airflow/dags/forex_data_pipeline.py for tasks to queue
[2023-07-24T07:01:08.878+0000] {logging_mixin.py:137} INFO - [2023-07-24T07:01:08.878+0000] {dagbag.py:538} INFO - Filling up the DagBag from /opt/airflow/dags/forex_data_pipeline.py
[2023-07-24T07:01:08.927+0000] {processor.py:753} INFO - DAG(s) dict_keys(['forex_data_pipeline']) retrieved from /opt/airflow/dags/forex_data_pipeline.py
[2023-07-24T07:01:08.969+0000] {logging_mixin.py:137} INFO - [2023-07-24T07:01:08.968+0000] {dag.py:2676} INFO - Sync 1 DAGs
[2023-07-24T07:01:09.159+0000] {logging_mixin.py:137} INFO - [2023-07-24T07:01:09.158+0000] {dag.py:3423} INFO - Setting next_dagrun for forex_data_pipeline to 2023-07-23T00:00:00+00:00, run_after=2023-07-24T00:00:00+00:00
[2023-07-24T07:01:09.200+0000] {processor.py:175} INFO - Processing /opt/airflow/dags/forex_data_pipeline.py took 0.328 seconds
[2023-07-24T07:01:39.397+0000] {processor.py:153} INFO - Started process (PID=88) to work on /opt/airflow/dags/forex_data_pipeline.py
[2023-07-24T07:01:39.398+0000] {processor.py:743} INFO - Processing file /opt/airflow/dags/forex_data_pipeline.py for tasks to queue
[2023-07-24T07:01:39.399+0000] {logging_mixin.py:137} INFO - [2023-07-24T07:01:39.399+0000] {dagbag.py:538} INFO - Filling up the DagBag from /opt/airflow/dags/forex_data_pipeline.py
[2023-07-24T07:01:39.437+0000] {processor.py:753} INFO - DAG(s) dict_keys(['forex_data_pipeline']) retrieved from /opt/airflow/dags/forex_data_pipeline.py
[2023-07-24T07:01:39.478+0000] {logging_mixin.py:137} INFO - [2023-07-24T07:01:39.478+0000] {dag.py:2676} INFO - Sync 1 DAGs
[2023-07-24T07:01:39.638+0000] {logging_mixin.py:137} INFO - [2023-07-24T07:01:39.638+0000] {dag.py:3423} INFO - Setting next_dagrun for forex_data_pipeline to 2023-07-23T00:00:00+00:00, run_after=2023-07-24T00:00:00+00:00
[2023-07-24T07:01:39.669+0000] {processor.py:175} INFO - Processing /opt/airflow/dags/forex_data_pipeline.py took 0.274 seconds
[2023-07-24T07:02:09.816+0000] {processor.py:153} INFO - Started process (PID=89) to work on /opt/airflow/dags/forex_data_pipeline.py
[2023-07-24T07:02:09.818+0000] {processor.py:743} INFO - Processing file /opt/airflow/dags/forex_data_pipeline.py for tasks to queue
[2023-07-24T07:02:09.818+0000] {logging_mixin.py:137} INFO - [2023-07-24T07:02:09.818+0000] {dagbag.py:538} INFO - Filling up the DagBag from /opt/airflow/dags/forex_data_pipeline.py
[2023-07-24T07:02:09.857+0000] {processor.py:753} INFO - DAG(s) dict_keys(['forex_data_pipeline']) retrieved from /opt/airflow/dags/forex_data_pipeline.py
[2023-07-24T07:02:09.896+0000] {logging_mixin.py:137} INFO - [2023-07-24T07:02:09.896+0000] {dag.py:2676} INFO - Sync 1 DAGs
[2023-07-24T07:02:10.048+0000] {logging_mixin.py:137} INFO - [2023-07-24T07:02:10.047+0000] {dag.py:3423} INFO - Setting next_dagrun for forex_data_pipeline to 2023-07-23T00:00:00+00:00, run_after=2023-07-24T00:00:00+00:00
[2023-07-24T07:02:10.076+0000] {processor.py:175} INFO - Processing /opt/airflow/dags/forex_data_pipeline.py took 0.263 seconds
[2023-07-24T07:02:40.228+0000] {processor.py:153} INFO - Started process (PID=90) to work on /opt/airflow/dags/forex_data_pipeline.py
[2023-07-24T07:02:40.229+0000] {processor.py:743} INFO - Processing file /opt/airflow/dags/forex_data_pipeline.py for tasks to queue
[2023-07-24T07:02:40.230+0000] {logging_mixin.py:137} INFO - [2023-07-24T07:02:40.230+0000] {dagbag.py:538} INFO - Filling up the DagBag from /opt/airflow/dags/forex_data_pipeline.py
[2023-07-24T07:02:40.279+0000] {processor.py:753} INFO - DAG(s) dict_keys(['forex_data_pipeline']) retrieved from /opt/airflow/dags/forex_data_pipeline.py
[2023-07-24T07:02:40.438+0000] {logging_mixin.py:137} INFO - [2023-07-24T07:02:40.437+0000] {dag.py:2676} INFO - Sync 1 DAGs
[2023-07-24T07:02:40.467+0000] {logging_mixin.py:137} INFO - [2023-07-24T07:02:40.467+0000] {dag.py:3423} INFO - Setting next_dagrun for forex_data_pipeline to 2023-07-23T00:00:00+00:00, run_after=2023-07-24T00:00:00+00:00
[2023-07-24T07:02:40.492+0000] {processor.py:175} INFO - Processing /opt/airflow/dags/forex_data_pipeline.py took 0.269 seconds
[2023-07-24T07:03:10.638+0000] {processor.py:153} INFO - Started process (PID=91) to work on /opt/airflow/dags/forex_data_pipeline.py
[2023-07-24T07:03:10.639+0000] {processor.py:743} INFO - Processing file /opt/airflow/dags/forex_data_pipeline.py for tasks to queue
[2023-07-24T07:03:10.640+0000] {logging_mixin.py:137} INFO - [2023-07-24T07:03:10.640+0000] {dagbag.py:538} INFO - Filling up the DagBag from /opt/airflow/dags/forex_data_pipeline.py
[2023-07-24T07:03:10.802+0000] {processor.py:753} INFO - DAG(s) dict_keys(['forex_data_pipeline']) retrieved from /opt/airflow/dags/forex_data_pipeline.py
[2023-07-24T07:03:10.840+0000] {logging_mixin.py:137} INFO - [2023-07-24T07:03:10.840+0000] {dag.py:2676} INFO - Sync 1 DAGs
[2023-07-24T07:03:10.869+0000] {logging_mixin.py:137} INFO - [2023-07-24T07:03:10.869+0000] {dag.py:3423} INFO - Setting next_dagrun for forex_data_pipeline to 2023-07-23T00:00:00+00:00, run_after=2023-07-24T00:00:00+00:00
[2023-07-24T07:03:10.898+0000] {processor.py:175} INFO - Processing /opt/airflow/dags/forex_data_pipeline.py took 0.263 seconds
[2023-07-24T07:03:41.047+0000] {processor.py:153} INFO - Started process (PID=92) to work on /opt/airflow/dags/forex_data_pipeline.py
[2023-07-24T07:03:41.048+0000] {processor.py:743} INFO - Processing file /opt/airflow/dags/forex_data_pipeline.py for tasks to queue
[2023-07-24T07:03:41.048+0000] {logging_mixin.py:137} INFO - [2023-07-24T07:03:41.048+0000] {dagbag.py:538} INFO - Filling up the DagBag from /opt/airflow/dags/forex_data_pipeline.py
[2023-07-24T07:03:41.087+0000] {processor.py:753} INFO - DAG(s) dict_keys(['forex_data_pipeline']) retrieved from /opt/airflow/dags/forex_data_pipeline.py
[2023-07-24T07:03:41.123+0000] {logging_mixin.py:137} INFO - [2023-07-24T07:03:41.123+0000] {dag.py:2676} INFO - Sync 1 DAGs
[2023-07-24T07:03:41.153+0000] {logging_mixin.py:137} INFO - [2023-07-24T07:03:41.153+0000] {dag.py:3423} INFO - Setting next_dagrun for forex_data_pipeline to 2023-07-23T00:00:00+00:00, run_after=2023-07-24T00:00:00+00:00
[2023-07-24T07:03:41.184+0000] {processor.py:175} INFO - Processing /opt/airflow/dags/forex_data_pipeline.py took 0.141 seconds
[2023-07-24T07:04:11.320+0000] {processor.py:153} INFO - Started process (PID=93) to work on /opt/airflow/dags/forex_data_pipeline.py
[2023-07-24T07:04:11.321+0000] {processor.py:743} INFO - Processing file /opt/airflow/dags/forex_data_pipeline.py for tasks to queue
[2023-07-24T07:04:11.322+0000] {logging_mixin.py:137} INFO - [2023-07-24T07:04:11.321+0000] {dagbag.py:538} INFO - Filling up the DagBag from /opt/airflow/dags/forex_data_pipeline.py
[2023-07-24T07:04:11.363+0000] {processor.py:753} INFO - DAG(s) dict_keys(['forex_data_pipeline']) retrieved from /opt/airflow/dags/forex_data_pipeline.py
[2023-07-24T07:04:11.398+0000] {logging_mixin.py:137} INFO - [2023-07-24T07:04:11.398+0000] {dag.py:2676} INFO - Sync 1 DAGs
[2023-07-24T07:04:11.429+0000] {logging_mixin.py:137} INFO - [2023-07-24T07:04:11.428+0000] {dag.py:3423} INFO - Setting next_dagrun for forex_data_pipeline to 2023-07-23T00:00:00+00:00, run_after=2023-07-24T00:00:00+00:00
[2023-07-24T07:04:11.582+0000] {processor.py:175} INFO - Processing /opt/airflow/dags/forex_data_pipeline.py took 0.265 seconds
[2023-07-24T07:04:41.728+0000] {processor.py:153} INFO - Started process (PID=94) to work on /opt/airflow/dags/forex_data_pipeline.py
[2023-07-24T07:04:41.729+0000] {processor.py:743} INFO - Processing file /opt/airflow/dags/forex_data_pipeline.py for tasks to queue
[2023-07-24T07:04:41.731+0000] {logging_mixin.py:137} INFO - [2023-07-24T07:04:41.730+0000] {dagbag.py:538} INFO - Filling up the DagBag from /opt/airflow/dags/forex_data_pipeline.py
[2023-07-24T07:04:41.768+0000] {processor.py:753} INFO - DAG(s) dict_keys(['forex_data_pipeline']) retrieved from /opt/airflow/dags/forex_data_pipeline.py
[2023-07-24T07:04:41.806+0000] {logging_mixin.py:137} INFO - [2023-07-24T07:04:41.806+0000] {dag.py:2676} INFO - Sync 1 DAGs
[2023-07-24T07:04:41.978+0000] {logging_mixin.py:137} INFO - [2023-07-24T07:04:41.978+0000] {dag.py:3423} INFO - Setting next_dagrun for forex_data_pipeline to 2023-07-23T00:00:00+00:00, run_after=2023-07-24T00:00:00+00:00
[2023-07-24T07:04:42.009+0000] {processor.py:175} INFO - Processing /opt/airflow/dags/forex_data_pipeline.py took 0.283 seconds
[2023-07-24T07:05:12.162+0000] {processor.py:153} INFO - Started process (PID=95) to work on /opt/airflow/dags/forex_data_pipeline.py
[2023-07-24T07:05:12.164+0000] {processor.py:743} INFO - Processing file /opt/airflow/dags/forex_data_pipeline.py for tasks to queue
[2023-07-24T07:05:12.165+0000] {logging_mixin.py:137} INFO - [2023-07-24T07:05:12.165+0000] {dagbag.py:538} INFO - Filling up the DagBag from /opt/airflow/dags/forex_data_pipeline.py
[2023-07-24T07:05:12.210+0000] {processor.py:753} INFO - DAG(s) dict_keys(['forex_data_pipeline']) retrieved from /opt/airflow/dags/forex_data_pipeline.py
[2023-07-24T07:05:12.253+0000] {logging_mixin.py:137} INFO - [2023-07-24T07:05:12.253+0000] {dag.py:2676} INFO - Sync 1 DAGs
[2023-07-24T07:05:12.398+0000] {logging_mixin.py:137} INFO - [2023-07-24T07:05:12.397+0000] {dag.py:3423} INFO - Setting next_dagrun for forex_data_pipeline to 2023-07-23T00:00:00+00:00, run_after=2023-07-24T00:00:00+00:00
[2023-07-24T07:05:12.423+0000] {processor.py:175} INFO - Processing /opt/airflow/dags/forex_data_pipeline.py took 0.265 seconds
[2023-07-24T07:05:42.571+0000] {processor.py:153} INFO - Started process (PID=96) to work on /opt/airflow/dags/forex_data_pipeline.py
[2023-07-24T07:05:42.572+0000] {processor.py:743} INFO - Processing file /opt/airflow/dags/forex_data_pipeline.py for tasks to queue
[2023-07-24T07:05:42.573+0000] {logging_mixin.py:137} INFO - [2023-07-24T07:05:42.573+0000] {dagbag.py:538} INFO - Filling up the DagBag from /opt/airflow/dags/forex_data_pipeline.py
[2023-07-24T07:05:42.612+0000] {processor.py:753} INFO - DAG(s) dict_keys(['forex_data_pipeline']) retrieved from /opt/airflow/dags/forex_data_pipeline.py
[2023-07-24T07:05:42.776+0000] {logging_mixin.py:137} INFO - [2023-07-24T07:05:42.776+0000] {dag.py:2676} INFO - Sync 1 DAGs
[2023-07-24T07:05:42.805+0000] {logging_mixin.py:137} INFO - [2023-07-24T07:05:42.805+0000] {dag.py:3423} INFO - Setting next_dagrun for forex_data_pipeline to 2023-07-23T00:00:00+00:00, run_after=2023-07-24T00:00:00+00:00
[2023-07-24T07:05:42.831+0000] {processor.py:175} INFO - Processing /opt/airflow/dags/forex_data_pipeline.py took 0.264 seconds
[2023-07-24T07:06:12.978+0000] {processor.py:153} INFO - Started process (PID=97) to work on /opt/airflow/dags/forex_data_pipeline.py
[2023-07-24T07:06:12.979+0000] {processor.py:743} INFO - Processing file /opt/airflow/dags/forex_data_pipeline.py for tasks to queue
[2023-07-24T07:06:12.979+0000] {logging_mixin.py:137} INFO - [2023-07-24T07:06:12.979+0000] {dagbag.py:538} INFO - Filling up the DagBag from /opt/airflow/dags/forex_data_pipeline.py
[2023-07-24T07:06:13.020+0000] {processor.py:753} INFO - DAG(s) dict_keys(['forex_data_pipeline']) retrieved from /opt/airflow/dags/forex_data_pipeline.py
[2023-07-24T07:06:13.185+0000] {logging_mixin.py:137} INFO - [2023-07-24T07:06:13.185+0000] {dag.py:2676} INFO - Sync 1 DAGs
[2023-07-24T07:06:13.214+0000] {logging_mixin.py:137} INFO - [2023-07-24T07:06:13.214+0000] {dag.py:3423} INFO - Setting next_dagrun for forex_data_pipeline to 2023-07-23T00:00:00+00:00, run_after=2023-07-24T00:00:00+00:00
[2023-07-24T07:06:13.241+0000] {processor.py:175} INFO - Processing /opt/airflow/dags/forex_data_pipeline.py took 0.266 seconds
[2023-07-24T07:06:43.427+0000] {processor.py:153} INFO - Started process (PID=98) to work on /opt/airflow/dags/forex_data_pipeline.py
[2023-07-24T07:06:43.428+0000] {processor.py:743} INFO - Processing file /opt/airflow/dags/forex_data_pipeline.py for tasks to queue
[2023-07-24T07:06:43.429+0000] {logging_mixin.py:137} INFO - [2023-07-24T07:06:43.429+0000] {dagbag.py:538} INFO - Filling up the DagBag from /opt/airflow/dags/forex_data_pipeline.py
[2023-07-24T07:06:43.470+0000] {processor.py:753} INFO - DAG(s) dict_keys(['forex_data_pipeline']) retrieved from /opt/airflow/dags/forex_data_pipeline.py
[2023-07-24T07:06:43.503+0000] {logging_mixin.py:137} INFO - [2023-07-24T07:06:43.503+0000] {dag.py:2676} INFO - Sync 1 DAGs
[2023-07-24T07:06:43.535+0000] {logging_mixin.py:137} INFO - [2023-07-24T07:06:43.534+0000] {dag.py:3423} INFO - Setting next_dagrun for forex_data_pipeline to 2023-07-23T00:00:00+00:00, run_after=2023-07-24T00:00:00+00:00
[2023-07-24T07:06:43.561+0000] {processor.py:175} INFO - Processing /opt/airflow/dags/forex_data_pipeline.py took 0.138 seconds
[2023-07-24T07:07:13.700+0000] {processor.py:153} INFO - Started process (PID=99) to work on /opt/airflow/dags/forex_data_pipeline.py
[2023-07-24T07:07:13.701+0000] {processor.py:743} INFO - Processing file /opt/airflow/dags/forex_data_pipeline.py for tasks to queue
[2023-07-24T07:07:13.701+0000] {logging_mixin.py:137} INFO - [2023-07-24T07:07:13.701+0000] {dagbag.py:538} INFO - Filling up the DagBag from /opt/airflow/dags/forex_data_pipeline.py
[2023-07-24T07:07:13.740+0000] {processor.py:753} INFO - DAG(s) dict_keys(['forex_data_pipeline']) retrieved from /opt/airflow/dags/forex_data_pipeline.py
[2023-07-24T07:07:13.776+0000] {logging_mixin.py:137} INFO - [2023-07-24T07:07:13.776+0000] {dag.py:2676} INFO - Sync 1 DAGs
[2023-07-24T07:07:13.807+0000] {logging_mixin.py:137} INFO - [2023-07-24T07:07:13.807+0000] {dag.py:3423} INFO - Setting next_dagrun for forex_data_pipeline to 2023-07-23T00:00:00+00:00, run_after=2023-07-24T00:00:00+00:00
[2023-07-24T07:07:13.944+0000] {processor.py:175} INFO - Processing /opt/airflow/dags/forex_data_pipeline.py took 0.247 seconds
[2023-07-24T07:07:44.090+0000] {processor.py:153} INFO - Started process (PID=100) to work on /opt/airflow/dags/forex_data_pipeline.py
[2023-07-24T07:07:44.091+0000] {processor.py:743} INFO - Processing file /opt/airflow/dags/forex_data_pipeline.py for tasks to queue
[2023-07-24T07:07:44.092+0000] {logging_mixin.py:137} INFO - [2023-07-24T07:07:44.092+0000] {dagbag.py:538} INFO - Filling up the DagBag from /opt/airflow/dags/forex_data_pipeline.py
[2023-07-24T07:07:44.130+0000] {processor.py:753} INFO - DAG(s) dict_keys(['forex_data_pipeline']) retrieved from /opt/airflow/dags/forex_data_pipeline.py
[2023-07-24T07:07:44.166+0000] {logging_mixin.py:137} INFO - [2023-07-24T07:07:44.166+0000] {dag.py:2676} INFO - Sync 1 DAGs
[2023-07-24T07:07:44.308+0000] {logging_mixin.py:137} INFO - [2023-07-24T07:07:44.308+0000] {dag.py:3423} INFO - Setting next_dagrun for forex_data_pipeline to 2023-07-23T00:00:00+00:00, run_after=2023-07-24T00:00:00+00:00
[2023-07-24T07:07:44.334+0000] {processor.py:175} INFO - Processing /opt/airflow/dags/forex_data_pipeline.py took 0.247 seconds
[2023-07-24T07:08:14.543+0000] {processor.py:153} INFO - Started process (PID=101) to work on /opt/airflow/dags/forex_data_pipeline.py
[2023-07-24T07:08:14.545+0000] {processor.py:743} INFO - Processing file /opt/airflow/dags/forex_data_pipeline.py for tasks to queue
[2023-07-24T07:08:14.546+0000] {logging_mixin.py:137} INFO - [2023-07-24T07:08:14.546+0000] {dagbag.py:538} INFO - Filling up the DagBag from /opt/airflow/dags/forex_data_pipeline.py
[2023-07-24T07:08:14.600+0000] {processor.py:753} INFO - DAG(s) dict_keys(['forex_data_pipeline']) retrieved from /opt/airflow/dags/forex_data_pipeline.py
[2023-07-24T07:08:14.637+0000] {logging_mixin.py:137} INFO - [2023-07-24T07:08:14.637+0000] {dag.py:2676} INFO - Sync 1 DAGs
[2023-07-24T07:08:14.799+0000] {logging_mixin.py:137} INFO - [2023-07-24T07:08:14.799+0000] {dag.py:3423} INFO - Setting next_dagrun for forex_data_pipeline to 2023-07-23T00:00:00+00:00, run_after=2023-07-24T00:00:00+00:00
[2023-07-24T07:08:14.825+0000] {processor.py:175} INFO - Processing /opt/airflow/dags/forex_data_pipeline.py took 0.286 seconds
[2023-07-24T07:08:44.981+0000] {processor.py:153} INFO - Started process (PID=102) to work on /opt/airflow/dags/forex_data_pipeline.py
[2023-07-24T07:08:44.982+0000] {processor.py:743} INFO - Processing file /opt/airflow/dags/forex_data_pipeline.py for tasks to queue
[2023-07-24T07:08:44.983+0000] {logging_mixin.py:137} INFO - [2023-07-24T07:08:44.983+0000] {dagbag.py:538} INFO - Filling up the DagBag from /opt/airflow/dags/forex_data_pipeline.py
[2023-07-24T07:08:45.022+0000] {processor.py:753} INFO - DAG(s) dict_keys(['forex_data_pipeline']) retrieved from /opt/airflow/dags/forex_data_pipeline.py
[2023-07-24T07:08:45.056+0000] {logging_mixin.py:137} INFO - [2023-07-24T07:08:45.056+0000] {dag.py:2676} INFO - Sync 1 DAGs
[2023-07-24T07:08:45.196+0000] {logging_mixin.py:137} INFO - [2023-07-24T07:08:45.196+0000] {dag.py:3423} INFO - Setting next_dagrun for forex_data_pipeline to 2023-07-23T00:00:00+00:00, run_after=2023-07-24T00:00:00+00:00
[2023-07-24T07:08:45.220+0000] {processor.py:175} INFO - Processing /opt/airflow/dags/forex_data_pipeline.py took 0.243 seconds
[2023-07-24T07:09:15.361+0000] {processor.py:153} INFO - Started process (PID=103) to work on /opt/airflow/dags/forex_data_pipeline.py
[2023-07-24T07:09:15.362+0000] {processor.py:743} INFO - Processing file /opt/airflow/dags/forex_data_pipeline.py for tasks to queue
[2023-07-24T07:09:15.363+0000] {logging_mixin.py:137} INFO - [2023-07-24T07:09:15.363+0000] {dagbag.py:538} INFO - Filling up the DagBag from /opt/airflow/dags/forex_data_pipeline.py
[2023-07-24T07:09:15.407+0000] {processor.py:753} INFO - DAG(s) dict_keys(['forex_data_pipeline']) retrieved from /opt/airflow/dags/forex_data_pipeline.py
[2023-07-24T07:09:15.553+0000] {logging_mixin.py:137} INFO - [2023-07-24T07:09:15.553+0000] {dag.py:2676} INFO - Sync 1 DAGs
[2023-07-24T07:09:15.580+0000] {logging_mixin.py:137} INFO - [2023-07-24T07:09:15.579+0000] {dag.py:3423} INFO - Setting next_dagrun for forex_data_pipeline to 2023-07-23T00:00:00+00:00, run_after=2023-07-24T00:00:00+00:00
[2023-07-24T07:09:15.604+0000] {processor.py:175} INFO - Processing /opt/airflow/dags/forex_data_pipeline.py took 0.247 seconds
[2023-07-24T07:09:45.755+0000] {processor.py:153} INFO - Started process (PID=104) to work on /opt/airflow/dags/forex_data_pipeline.py
[2023-07-24T07:09:45.756+0000] {processor.py:743} INFO - Processing file /opt/airflow/dags/forex_data_pipeline.py for tasks to queue
[2023-07-24T07:09:45.757+0000] {logging_mixin.py:137} INFO - [2023-07-24T07:09:45.757+0000] {dagbag.py:538} INFO - Filling up the DagBag from /opt/airflow/dags/forex_data_pipeline.py
[2023-07-24T07:09:45.906+0000] {processor.py:753} INFO - DAG(s) dict_keys(['forex_data_pipeline']) retrieved from /opt/airflow/dags/forex_data_pipeline.py
[2023-07-24T07:09:45.938+0000] {logging_mixin.py:137} INFO - [2023-07-24T07:09:45.938+0000] {dag.py:2676} INFO - Sync 1 DAGs
[2023-07-24T07:09:45.964+0000] {logging_mixin.py:137} INFO - [2023-07-24T07:09:45.964+0000] {dag.py:3423} INFO - Setting next_dagrun for forex_data_pipeline to 2023-07-23T00:00:00+00:00, run_after=2023-07-24T00:00:00+00:00
[2023-07-24T07:09:45.989+0000] {processor.py:175} INFO - Processing /opt/airflow/dags/forex_data_pipeline.py took 0.237 seconds
[2023-07-24T07:10:16.132+0000] {processor.py:153} INFO - Started process (PID=105) to work on /opt/airflow/dags/forex_data_pipeline.py
[2023-07-24T07:10:16.134+0000] {processor.py:743} INFO - Processing file /opt/airflow/dags/forex_data_pipeline.py for tasks to queue
[2023-07-24T07:10:16.134+0000] {logging_mixin.py:137} INFO - [2023-07-24T07:10:16.134+0000] {dagbag.py:538} INFO - Filling up the DagBag from /opt/airflow/dags/forex_data_pipeline.py
[2023-07-24T07:10:16.173+0000] {processor.py:753} INFO - DAG(s) dict_keys(['forex_data_pipeline']) retrieved from /opt/airflow/dags/forex_data_pipeline.py
[2023-07-24T07:10:16.209+0000] {logging_mixin.py:137} INFO - [2023-07-24T07:10:16.209+0000] {dag.py:2676} INFO - Sync 1 DAGs
[2023-07-24T07:10:16.240+0000] {logging_mixin.py:137} INFO - [2023-07-24T07:10:16.240+0000] {dag.py:3423} INFO - Setting next_dagrun for forex_data_pipeline to 2023-07-23T00:00:00+00:00, run_after=2023-07-24T00:00:00+00:00
[2023-07-24T07:10:16.267+0000] {processor.py:175} INFO - Processing /opt/airflow/dags/forex_data_pipeline.py took 0.139 seconds
[2023-07-24T07:10:46.400+0000] {processor.py:153} INFO - Started process (PID=106) to work on /opt/airflow/dags/forex_data_pipeline.py
[2023-07-24T07:10:46.401+0000] {processor.py:743} INFO - Processing file /opt/airflow/dags/forex_data_pipeline.py for tasks to queue
[2023-07-24T07:10:46.402+0000] {logging_mixin.py:137} INFO - [2023-07-24T07:10:46.402+0000] {dagbag.py:538} INFO - Filling up the DagBag from /opt/airflow/dags/forex_data_pipeline.py
[2023-07-24T07:10:46.439+0000] {processor.py:753} INFO - DAG(s) dict_keys(['forex_data_pipeline']) retrieved from /opt/airflow/dags/forex_data_pipeline.py
[2023-07-24T07:10:46.474+0000] {logging_mixin.py:137} INFO - [2023-07-24T07:10:46.474+0000] {dag.py:2676} INFO - Sync 1 DAGs
[2023-07-24T07:10:46.508+0000] {logging_mixin.py:137} INFO - [2023-07-24T07:10:46.508+0000] {dag.py:3423} INFO - Setting next_dagrun for forex_data_pipeline to 2023-07-23T00:00:00+00:00, run_after=2023-07-24T00:00:00+00:00
[2023-07-24T07:10:46.654+0000] {processor.py:175} INFO - Processing /opt/airflow/dags/forex_data_pipeline.py took 0.257 seconds
[2023-07-24T07:11:16.804+0000] {processor.py:153} INFO - Started process (PID=107) to work on /opt/airflow/dags/forex_data_pipeline.py
[2023-07-24T07:11:16.805+0000] {processor.py:743} INFO - Processing file /opt/airflow/dags/forex_data_pipeline.py for tasks to queue
[2023-07-24T07:11:16.805+0000] {logging_mixin.py:137} INFO - [2023-07-24T07:11:16.805+0000] {dagbag.py:538} INFO - Filling up the DagBag from /opt/airflow/dags/forex_data_pipeline.py
[2023-07-24T07:11:16.843+0000] {processor.py:753} INFO - DAG(s) dict_keys(['forex_data_pipeline']) retrieved from /opt/airflow/dags/forex_data_pipeline.py
[2023-07-24T07:11:16.881+0000] {logging_mixin.py:137} INFO - [2023-07-24T07:11:16.881+0000] {dag.py:2676} INFO - Sync 1 DAGs
[2023-07-24T07:11:17.023+0000] {logging_mixin.py:137} INFO - [2023-07-24T07:11:17.023+0000] {dag.py:3423} INFO - Setting next_dagrun for forex_data_pipeline to 2023-07-23T00:00:00+00:00, run_after=2023-07-24T00:00:00+00:00
[2023-07-24T07:11:17.050+0000] {processor.py:175} INFO - Processing /opt/airflow/dags/forex_data_pipeline.py took 0.249 seconds
[2023-07-24T07:11:47.199+0000] {processor.py:153} INFO - Started process (PID=108) to work on /opt/airflow/dags/forex_data_pipeline.py
[2023-07-24T07:11:47.200+0000] {processor.py:743} INFO - Processing file /opt/airflow/dags/forex_data_pipeline.py for tasks to queue
[2023-07-24T07:11:47.201+0000] {logging_mixin.py:137} INFO - [2023-07-24T07:11:47.200+0000] {dagbag.py:538} INFO - Filling up the DagBag from /opt/airflow/dags/forex_data_pipeline.py
[2023-07-24T07:11:47.245+0000] {processor.py:753} INFO - DAG(s) dict_keys(['forex_data_pipeline']) retrieved from /opt/airflow/dags/forex_data_pipeline.py
[2023-07-24T07:11:47.284+0000] {logging_mixin.py:137} INFO - [2023-07-24T07:11:47.284+0000] {dag.py:2676} INFO - Sync 1 DAGs
[2023-07-24T07:11:47.425+0000] {logging_mixin.py:137} INFO - [2023-07-24T07:11:47.425+0000] {dag.py:3423} INFO - Setting next_dagrun for forex_data_pipeline to 2023-07-23T00:00:00+00:00, run_after=2023-07-24T00:00:00+00:00
[2023-07-24T07:11:47.451+0000] {processor.py:175} INFO - Processing /opt/airflow/dags/forex_data_pipeline.py took 0.255 seconds
[2023-07-24T07:12:17.598+0000] {processor.py:153} INFO - Started process (PID=109) to work on /opt/airflow/dags/forex_data_pipeline.py
[2023-07-24T07:12:17.599+0000] {processor.py:743} INFO - Processing file /opt/airflow/dags/forex_data_pipeline.py for tasks to queue
[2023-07-24T07:12:17.599+0000] {logging_mixin.py:137} INFO - [2023-07-24T07:12:17.599+0000] {dagbag.py:538} INFO - Filling up the DagBag from /opt/airflow/dags/forex_data_pipeline.py
[2023-07-24T07:12:17.636+0000] {processor.py:753} INFO - DAG(s) dict_keys(['forex_data_pipeline']) retrieved from /opt/airflow/dags/forex_data_pipeline.py
[2023-07-24T07:12:17.784+0000] {logging_mixin.py:137} INFO - [2023-07-24T07:12:17.783+0000] {dag.py:2676} INFO - Sync 1 DAGs
[2023-07-24T07:12:17.811+0000] {logging_mixin.py:137} INFO - [2023-07-24T07:12:17.810+0000] {dag.py:3423} INFO - Setting next_dagrun for forex_data_pipeline to 2023-07-23T00:00:00+00:00, run_after=2023-07-24T00:00:00+00:00
[2023-07-24T07:12:17.837+0000] {processor.py:175} INFO - Processing /opt/airflow/dags/forex_data_pipeline.py took 0.243 seconds
[2023-07-24T07:12:47.979+0000] {processor.py:153} INFO - Started process (PID=110) to work on /opt/airflow/dags/forex_data_pipeline.py
[2023-07-24T07:12:47.980+0000] {processor.py:743} INFO - Processing file /opt/airflow/dags/forex_data_pipeline.py for tasks to queue
[2023-07-24T07:12:47.981+0000] {logging_mixin.py:137} INFO - [2023-07-24T07:12:47.980+0000] {dagbag.py:538} INFO - Filling up the DagBag from /opt/airflow/dags/forex_data_pipeline.py
[2023-07-24T07:12:48.037+0000] {processor.py:753} INFO - DAG(s) dict_keys(['forex_data_pipeline']) retrieved from /opt/airflow/dags/forex_data_pipeline.py
[2023-07-24T07:12:48.185+0000] {logging_mixin.py:137} INFO - [2023-07-24T07:12:48.185+0000] {dag.py:2676} INFO - Sync 1 DAGs
[2023-07-24T07:12:48.212+0000] {logging_mixin.py:137} INFO - [2023-07-24T07:12:48.211+0000] {dag.py:3423} INFO - Setting next_dagrun for forex_data_pipeline to 2023-07-23T00:00:00+00:00, run_after=2023-07-24T00:00:00+00:00
[2023-07-24T07:12:48.237+0000] {processor.py:175} INFO - Processing /opt/airflow/dags/forex_data_pipeline.py took 0.261 seconds
[2023-07-24T07:13:18.384+0000] {processor.py:153} INFO - Started process (PID=111) to work on /opt/airflow/dags/forex_data_pipeline.py
[2023-07-24T07:13:18.385+0000] {processor.py:743} INFO - Processing file /opt/airflow/dags/forex_data_pipeline.py for tasks to queue
[2023-07-24T07:13:18.386+0000] {logging_mixin.py:137} INFO - [2023-07-24T07:13:18.386+0000] {dagbag.py:538} INFO - Filling up the DagBag from /opt/airflow/dags/forex_data_pipeline.py
[2023-07-24T07:13:18.537+0000] {processor.py:753} INFO - DAG(s) dict_keys(['forex_data_pipeline']) retrieved from /opt/airflow/dags/forex_data_pipeline.py
[2023-07-24T07:13:18.571+0000] {logging_mixin.py:137} INFO - [2023-07-24T07:13:18.570+0000] {dag.py:2676} INFO - Sync 1 DAGs
[2023-07-24T07:13:18.597+0000] {logging_mixin.py:137} INFO - [2023-07-24T07:13:18.597+0000] {dag.py:3423} INFO - Setting next_dagrun for forex_data_pipeline to 2023-07-23T00:00:00+00:00, run_after=2023-07-24T00:00:00+00:00
[2023-07-24T07:13:18.623+0000] {processor.py:175} INFO - Processing /opt/airflow/dags/forex_data_pipeline.py took 0.242 seconds
[2023-07-24T07:13:48.773+0000] {processor.py:153} INFO - Started process (PID=112) to work on /opt/airflow/dags/forex_data_pipeline.py
[2023-07-24T07:13:48.775+0000] {processor.py:743} INFO - Processing file /opt/airflow/dags/forex_data_pipeline.py for tasks to queue
[2023-07-24T07:13:48.777+0000] {logging_mixin.py:137} INFO - [2023-07-24T07:13:48.777+0000] {dagbag.py:538} INFO - Filling up the DagBag from /opt/airflow/dags/forex_data_pipeline.py
[2023-07-24T07:13:48.834+0000] {processor.py:753} INFO - DAG(s) dict_keys(['forex_data_pipeline']) retrieved from /opt/airflow/dags/forex_data_pipeline.py
[2023-07-24T07:13:48.882+0000] {logging_mixin.py:137} INFO - [2023-07-24T07:13:48.881+0000] {dag.py:2676} INFO - Sync 1 DAGs
[2023-07-24T07:13:48.915+0000] {logging_mixin.py:137} INFO - [2023-07-24T07:13:48.915+0000] {dag.py:3423} INFO - Setting next_dagrun for forex_data_pipeline to 2023-07-23T00:00:00+00:00, run_after=2023-07-24T00:00:00+00:00
[2023-07-24T07:13:49.084+0000] {processor.py:175} INFO - Processing /opt/airflow/dags/forex_data_pipeline.py took 0.315 seconds
[2023-07-24T07:14:19.250+0000] {processor.py:153} INFO - Started process (PID=113) to work on /opt/airflow/dags/forex_data_pipeline.py
[2023-07-24T07:14:19.251+0000] {processor.py:743} INFO - Processing file /opt/airflow/dags/forex_data_pipeline.py for tasks to queue
[2023-07-24T07:14:19.252+0000] {logging_mixin.py:137} INFO - [2023-07-24T07:14:19.252+0000] {dagbag.py:538} INFO - Filling up the DagBag from /opt/airflow/dags/forex_data_pipeline.py
[2023-07-24T07:14:19.300+0000] {processor.py:753} INFO - DAG(s) dict_keys(['forex_data_pipeline']) retrieved from /opt/airflow/dags/forex_data_pipeline.py
[2023-07-24T07:14:19.342+0000] {logging_mixin.py:137} INFO - [2023-07-24T07:14:19.342+0000] {dag.py:2676} INFO - Sync 1 DAGs
[2023-07-24T07:14:19.505+0000] {logging_mixin.py:137} INFO - [2023-07-24T07:14:19.505+0000] {dag.py:3423} INFO - Setting next_dagrun for forex_data_pipeline to 2023-07-23T00:00:00+00:00, run_after=2023-07-24T00:00:00+00:00
[2023-07-24T07:14:19.532+0000] {processor.py:175} INFO - Processing /opt/airflow/dags/forex_data_pipeline.py took 0.287 seconds
[2023-07-24T07:14:49.676+0000] {processor.py:153} INFO - Started process (PID=114) to work on /opt/airflow/dags/forex_data_pipeline.py
[2023-07-24T07:14:49.677+0000] {processor.py:743} INFO - Processing file /opt/airflow/dags/forex_data_pipeline.py for tasks to queue
[2023-07-24T07:14:49.678+0000] {logging_mixin.py:137} INFO - [2023-07-24T07:14:49.678+0000] {dagbag.py:538} INFO - Filling up the DagBag from /opt/airflow/dags/forex_data_pipeline.py
[2023-07-24T07:14:49.716+0000] {processor.py:753} INFO - DAG(s) dict_keys(['forex_data_pipeline']) retrieved from /opt/airflow/dags/forex_data_pipeline.py
[2023-07-24T07:14:49.750+0000] {logging_mixin.py:137} INFO - [2023-07-24T07:14:49.750+0000] {dag.py:2676} INFO - Sync 1 DAGs
[2023-07-24T07:14:49.889+0000] {logging_mixin.py:137} INFO - [2023-07-24T07:14:49.889+0000] {dag.py:3423} INFO - Setting next_dagrun for forex_data_pipeline to 2023-07-23T00:00:00+00:00, run_after=2023-07-24T00:00:00+00:00
[2023-07-24T07:14:49.915+0000] {processor.py:175} INFO - Processing /opt/airflow/dags/forex_data_pipeline.py took 0.242 seconds
[2023-07-24T07:15:20.059+0000] {processor.py:153} INFO - Started process (PID=115) to work on /opt/airflow/dags/forex_data_pipeline.py
[2023-07-24T07:15:20.060+0000] {processor.py:743} INFO - Processing file /opt/airflow/dags/forex_data_pipeline.py for tasks to queue
[2023-07-24T07:15:20.061+0000] {logging_mixin.py:137} INFO - [2023-07-24T07:15:20.061+0000] {dagbag.py:538} INFO - Filling up the DagBag from /opt/airflow/dags/forex_data_pipeline.py
[2023-07-24T07:15:20.100+0000] {processor.py:753} INFO - DAG(s) dict_keys(['forex_data_pipeline']) retrieved from /opt/airflow/dags/forex_data_pipeline.py
[2023-07-24T07:15:20.139+0000] {logging_mixin.py:137} INFO - [2023-07-24T07:15:20.139+0000] {dag.py:2676} INFO - Sync 1 DAGs
[2023-07-24T07:15:20.276+0000] {logging_mixin.py:137} INFO - [2023-07-24T07:15:20.276+0000] {dag.py:3423} INFO - Setting next_dagrun for forex_data_pipeline to 2023-07-23T00:00:00+00:00, run_after=2023-07-24T00:00:00+00:00
[2023-07-24T07:15:20.299+0000] {processor.py:175} INFO - Processing /opt/airflow/dags/forex_data_pipeline.py took 0.244 seconds
[2023-07-24T07:15:50.444+0000] {processor.py:153} INFO - Started process (PID=116) to work on /opt/airflow/dags/forex_data_pipeline.py
[2023-07-24T07:15:50.445+0000] {processor.py:743} INFO - Processing file /opt/airflow/dags/forex_data_pipeline.py for tasks to queue
[2023-07-24T07:15:50.446+0000] {logging_mixin.py:137} INFO - [2023-07-24T07:15:50.445+0000] {dagbag.py:538} INFO - Filling up the DagBag from /opt/airflow/dags/forex_data_pipeline.py
[2023-07-24T07:15:50.482+0000] {processor.py:753} INFO - DAG(s) dict_keys(['forex_data_pipeline']) retrieved from /opt/airflow/dags/forex_data_pipeline.py
[2023-07-24T07:15:50.625+0000] {logging_mixin.py:137} INFO - [2023-07-24T07:15:50.625+0000] {dag.py:2676} INFO - Sync 1 DAGs
[2023-07-24T07:15:50.653+0000] {logging_mixin.py:137} INFO - [2023-07-24T07:15:50.653+0000] {dag.py:3423} INFO - Setting next_dagrun for forex_data_pipeline to 2023-07-23T00:00:00+00:00, run_after=2023-07-24T00:00:00+00:00
[2023-07-24T07:15:50.677+0000] {processor.py:175} INFO - Processing /opt/airflow/dags/forex_data_pipeline.py took 0.236 seconds
[2023-07-24T07:16:20.816+0000] {processor.py:153} INFO - Started process (PID=117) to work on /opt/airflow/dags/forex_data_pipeline.py
[2023-07-24T07:16:20.817+0000] {processor.py:743} INFO - Processing file /opt/airflow/dags/forex_data_pipeline.py for tasks to queue
[2023-07-24T07:16:20.818+0000] {logging_mixin.py:137} INFO - [2023-07-24T07:16:20.818+0000] {dagbag.py:538} INFO - Filling up the DagBag from /opt/airflow/dags/forex_data_pipeline.py
[2023-07-24T07:16:20.980+0000] {processor.py:753} INFO - DAG(s) dict_keys(['forex_data_pipeline']) retrieved from /opt/airflow/dags/forex_data_pipeline.py
[2023-07-24T07:16:21.013+0000] {logging_mixin.py:137} INFO - [2023-07-24T07:16:21.013+0000] {dag.py:2676} INFO - Sync 1 DAGs
[2023-07-24T07:16:21.042+0000] {logging_mixin.py:137} INFO - [2023-07-24T07:16:21.041+0000] {dag.py:3423} INFO - Setting next_dagrun for forex_data_pipeline to 2023-07-23T00:00:00+00:00, run_after=2023-07-24T00:00:00+00:00
[2023-07-24T07:16:21.067+0000] {processor.py:175} INFO - Processing /opt/airflow/dags/forex_data_pipeline.py took 0.255 seconds
[2023-07-24T07:16:51.269+0000] {processor.py:153} INFO - Started process (PID=118) to work on /opt/airflow/dags/forex_data_pipeline.py
[2023-07-24T07:16:51.272+0000] {processor.py:743} INFO - Processing file /opt/airflow/dags/forex_data_pipeline.py for tasks to queue
[2023-07-24T07:16:51.273+0000] {logging_mixin.py:137} INFO - [2023-07-24T07:16:51.272+0000] {dagbag.py:538} INFO - Filling up the DagBag from /opt/airflow/dags/forex_data_pipeline.py
[2023-07-24T07:16:51.316+0000] {processor.py:753} INFO - DAG(s) dict_keys(['forex_data_pipeline']) retrieved from /opt/airflow/dags/forex_data_pipeline.py
[2023-07-24T07:16:51.353+0000] {logging_mixin.py:137} INFO - [2023-07-24T07:16:51.353+0000] {dag.py:2676} INFO - Sync 1 DAGs
[2023-07-24T07:16:51.386+0000] {logging_mixin.py:137} INFO - [2023-07-24T07:16:51.386+0000] {dag.py:3423} INFO - Setting next_dagrun for forex_data_pipeline to 2023-07-23T00:00:00+00:00, run_after=2023-07-24T00:00:00+00:00
[2023-07-24T07:16:51.424+0000] {processor.py:175} INFO - Processing /opt/airflow/dags/forex_data_pipeline.py took 0.166 seconds
[2023-07-24T07:17:21.567+0000] {processor.py:153} INFO - Started process (PID=119) to work on /opt/airflow/dags/forex_data_pipeline.py
[2023-07-24T07:17:21.568+0000] {processor.py:743} INFO - Processing file /opt/airflow/dags/forex_data_pipeline.py for tasks to queue
[2023-07-24T07:17:21.569+0000] {logging_mixin.py:137} INFO - [2023-07-24T07:17:21.568+0000] {dagbag.py:538} INFO - Filling up the DagBag from /opt/airflow/dags/forex_data_pipeline.py
[2023-07-24T07:17:21.604+0000] {processor.py:753} INFO - DAG(s) dict_keys(['forex_data_pipeline']) retrieved from /opt/airflow/dags/forex_data_pipeline.py
[2023-07-24T07:17:21.647+0000] {logging_mixin.py:137} INFO - [2023-07-24T07:17:21.647+0000] {dag.py:2676} INFO - Sync 1 DAGs
[2023-07-24T07:17:21.681+0000] {logging_mixin.py:137} INFO - [2023-07-24T07:17:21.681+0000] {dag.py:3423} INFO - Setting next_dagrun for forex_data_pipeline to 2023-07-23T00:00:00+00:00, run_after=2023-07-24T00:00:00+00:00
[2023-07-24T07:17:21.821+0000] {processor.py:175} INFO - Processing /opt/airflow/dags/forex_data_pipeline.py took 0.257 seconds
[2023-07-24T07:17:51.973+0000] {processor.py:153} INFO - Started process (PID=120) to work on /opt/airflow/dags/forex_data_pipeline.py
[2023-07-24T07:17:51.974+0000] {processor.py:743} INFO - Processing file /opt/airflow/dags/forex_data_pipeline.py for tasks to queue
[2023-07-24T07:17:51.975+0000] {logging_mixin.py:137} INFO - [2023-07-24T07:17:51.975+0000] {dagbag.py:538} INFO - Filling up the DagBag from /opt/airflow/dags/forex_data_pipeline.py
[2023-07-24T07:17:52.018+0000] {processor.py:753} INFO - DAG(s) dict_keys(['forex_data_pipeline']) retrieved from /opt/airflow/dags/forex_data_pipeline.py
[2023-07-24T07:17:52.060+0000] {logging_mixin.py:137} INFO - [2023-07-24T07:17:52.060+0000] {dag.py:2676} INFO - Sync 1 DAGs
[2023-07-24T07:17:52.216+0000] {logging_mixin.py:137} INFO - [2023-07-24T07:17:52.216+0000] {dag.py:3423} INFO - Setting next_dagrun for forex_data_pipeline to 2023-07-23T00:00:00+00:00, run_after=2023-07-24T00:00:00+00:00
[2023-07-24T07:17:52.244+0000] {processor.py:175} INFO - Processing /opt/airflow/dags/forex_data_pipeline.py took 0.274 seconds
[2023-07-24T07:18:22.396+0000] {processor.py:153} INFO - Started process (PID=121) to work on /opt/airflow/dags/forex_data_pipeline.py
[2023-07-24T07:18:22.397+0000] {processor.py:743} INFO - Processing file /opt/airflow/dags/forex_data_pipeline.py for tasks to queue
[2023-07-24T07:18:22.398+0000] {logging_mixin.py:137} INFO - [2023-07-24T07:18:22.398+0000] {dagbag.py:538} INFO - Filling up the DagBag from /opt/airflow/dags/forex_data_pipeline.py
[2023-07-24T07:18:22.437+0000] {processor.py:753} INFO - DAG(s) dict_keys(['forex_data_pipeline']) retrieved from /opt/airflow/dags/forex_data_pipeline.py
[2023-07-24T07:18:22.476+0000] {logging_mixin.py:137} INFO - [2023-07-24T07:18:22.476+0000] {dag.py:2676} INFO - Sync 1 DAGs
[2023-07-24T07:18:22.641+0000] {logging_mixin.py:137} INFO - [2023-07-24T07:18:22.641+0000] {dag.py:3423} INFO - Setting next_dagrun for forex_data_pipeline to 2023-07-23T00:00:00+00:00, run_after=2023-07-24T00:00:00+00:00
[2023-07-24T07:18:22.664+0000] {processor.py:175} INFO - Processing /opt/airflow/dags/forex_data_pipeline.py took 0.272 seconds
[2023-07-24T07:18:52.804+0000] {processor.py:153} INFO - Started process (PID=122) to work on /opt/airflow/dags/forex_data_pipeline.py
[2023-07-24T07:18:52.805+0000] {processor.py:743} INFO - Processing file /opt/airflow/dags/forex_data_pipeline.py for tasks to queue
[2023-07-24T07:18:52.806+0000] {logging_mixin.py:137} INFO - [2023-07-24T07:18:52.806+0000] {dagbag.py:538} INFO - Filling up the DagBag from /opt/airflow/dags/forex_data_pipeline.py
[2023-07-24T07:18:52.844+0000] {processor.py:753} INFO - DAG(s) dict_keys(['forex_data_pipeline']) retrieved from /opt/airflow/dags/forex_data_pipeline.py
[2023-07-24T07:18:53.009+0000] {logging_mixin.py:137} INFO - [2023-07-24T07:18:53.009+0000] {dag.py:2676} INFO - Sync 1 DAGs
[2023-07-24T07:18:53.036+0000] {logging_mixin.py:137} INFO - [2023-07-24T07:18:53.036+0000] {dag.py:3423} INFO - Setting next_dagrun for forex_data_pipeline to 2023-07-23T00:00:00+00:00, run_after=2023-07-24T00:00:00+00:00
[2023-07-24T07:18:53.060+0000] {processor.py:175} INFO - Processing /opt/airflow/dags/forex_data_pipeline.py took 0.259 seconds
[2023-07-24T07:19:23.208+0000] {processor.py:153} INFO - Started process (PID=123) to work on /opt/airflow/dags/forex_data_pipeline.py
[2023-07-24T07:19:23.209+0000] {processor.py:743} INFO - Processing file /opt/airflow/dags/forex_data_pipeline.py for tasks to queue
[2023-07-24T07:19:23.210+0000] {logging_mixin.py:137} INFO - [2023-07-24T07:19:23.210+0000] {dagbag.py:538} INFO - Filling up the DagBag from /opt/airflow/dags/forex_data_pipeline.py
[2023-07-24T07:19:23.246+0000] {processor.py:753} INFO - DAG(s) dict_keys(['forex_data_pipeline']) retrieved from /opt/airflow/dags/forex_data_pipeline.py
[2023-07-24T07:19:23.423+0000] {logging_mixin.py:137} INFO - [2023-07-24T07:19:23.423+0000] {dag.py:2676} INFO - Sync 1 DAGs
[2023-07-24T07:19:23.451+0000] {logging_mixin.py:137} INFO - [2023-07-24T07:19:23.450+0000] {dag.py:3423} INFO - Setting next_dagrun for forex_data_pipeline to 2023-07-23T00:00:00+00:00, run_after=2023-07-24T00:00:00+00:00
[2023-07-24T07:19:23.476+0000] {processor.py:175} INFO - Processing /opt/airflow/dags/forex_data_pipeline.py took 0.273 seconds
[2023-07-24T07:19:53.620+0000] {processor.py:153} INFO - Started process (PID=124) to work on /opt/airflow/dags/forex_data_pipeline.py
[2023-07-24T07:19:53.621+0000] {processor.py:743} INFO - Processing file /opt/airflow/dags/forex_data_pipeline.py for tasks to queue
[2023-07-24T07:19:53.621+0000] {logging_mixin.py:137} INFO - [2023-07-24T07:19:53.621+0000] {dagbag.py:538} INFO - Filling up the DagBag from /opt/airflow/dags/forex_data_pipeline.py
[2023-07-24T07:19:53.809+0000] {processor.py:753} INFO - DAG(s) dict_keys(['forex_data_pipeline']) retrieved from /opt/airflow/dags/forex_data_pipeline.py
[2023-07-24T07:19:53.842+0000] {logging_mixin.py:137} INFO - [2023-07-24T07:19:53.842+0000] {dag.py:2676} INFO - Sync 1 DAGs
[2023-07-24T07:19:53.869+0000] {logging_mixin.py:137} INFO - [2023-07-24T07:19:53.869+0000] {dag.py:3423} INFO - Setting next_dagrun for forex_data_pipeline to 2023-07-23T00:00:00+00:00, run_after=2023-07-24T00:00:00+00:00
[2023-07-24T07:19:53.901+0000] {processor.py:175} INFO - Processing /opt/airflow/dags/forex_data_pipeline.py took 0.285 seconds
